[2024/08/19 23:27:35]: §9          __             _       
[2024/08/19 23:27:35]: §9  _ __   / /  ___   __ _(_)_ __  
[2024/08/19 23:27:35]: §9 | '_ \ / /  / _ \ / _` | | '_ \ 
[2024/08/19 23:27:35]: §9 | | | / /__| (_) | (_| | | | | |
[2024/08/19 23:27:35]: §9 |_| |_\____/\___/ \__, |_|_| |_|
[2024/08/19 23:27:35]: §9                  |___/            
[2024/08/19 23:27:35]: §9 By: www.nickuc.com - V 10.3.27
[2024/08/19 23:27:35]: §9 
[2024/08/19 23:27:36]: §3[nLogin] [DEBUG] All settings were loaded in 317 ms.
[2024/08/19 23:27:36]: §3[nLogin] [DEBUG] Loading the messages_en.yml message file...
[2024/08/19 23:27:36]: §3[nLogin] [DEBUG] All plugin messages were loaded in 131 ms (languageByClient=false).
[2024/08/19 23:27:36]: §3[nLogin] [DEBUG] All proxy settings were loaded in 7 ms.
[2024/08/19 23:27:36]: §3[nLogin] [DEBUG] Loading database...
[2024/08/19 23:27:36]: §3[nLogin] [DEBUG] Starting logger filter...
[2024/08/19 23:27:41]: 
[2024/08/19 23:27:41]:  §bThank you so much for choosing nLogin! §4<3
[2024/08/19 23:27:41]: 
[2024/08/19 23:27:41]:  §4For your safety, please read the message below:
[2024/08/19 23:27:41]:   §cNever download nLogin from unknown sources.
[2024/08/19 23:27:41]:   §cA modified version may contain malicious software.
[2024/08/19 23:27:41]: 
[2024/08/19 23:27:41]:  §3Trusted sources:
[2024/08/19 23:27:41]:   §bwww.nickuc.com
[2024/08/19 23:27:41]:   §bwww.github.com/nickuc
[2024/08/19 23:27:41]:   §bOpeNLogin installer (from Spigot or GitHub)
[2024/08/19 23:27:41]: 
[2024/08/19 23:27:41]:  §3Official support channels:
[2024/08/19 23:27:41]:   §bDiscord group: §fwww.nickuc.com/discord
[2024/08/19 23:27:41]:   §bDocumentation: §fdocs.nickuc.com/nlogin/
[2024/08/19 23:27:41]:   §bEmail: §fsupport@nickuc.com
[2024/08/19 23:27:41]:   §bYouTube: §fyoutube.com/nickuc
[2024/08/19 23:27:41]: 
[2024/08/19 23:27:41]:  §eTo remove this warning, log in with "nlogin.admin" permission on the server
[2024/08/19 23:27:41]:  §eand click the "Setup plugin" button to configure your plugin.
[2024/08/19 23:27:41]: 
[2024/08/19 23:28:08]: §3[nLogin] [DEBUG] The test1 (0:0:0:0:0:0:0:1%0) player entered an incorrect password
[2024/08/19 23:28:17]: §3[nLogin] [DEBUG] [SQLite] [UPDATE]: "UPDATE `nlogin` SET `last_name` = 'Excellent_', `unique_id` = 6dbf0628c49435fdb96c9ab59f6c43f7,  `mojang_id` = null,  `bedrock_id` = null,  `password` = '$2a$10$j6lf6Veiqo/2XwHGTc0nQONOmgRkX0ZJV04Ousf/b8/nXuPd9Rqie', `last_ip` = '0:0:0:0:0:0:0:1%0', `creation_date` = 2024-08-19 20:15:53.327, `last_seen` = 2024-08-19 23:28:16.977, `email` = null, `discord` = null, `settings` = '{"settings":[{"value":"survival","key":"last-server"},{"value":"en","key":"language"}],"version":0}' WHERE `ai` = 3" (applied to [last_ip, last_seen, settings] columns)
[2024/08/19 23:28:17]: [nLogin] The user Excellent_ has successfully logged in.
[2024/08/19 23:28:36]: §3[nLogin] [DEBUG] [SQLite] [UPDATE]: "UPDATE `nlogin` SET `last_name` = 'test1', `unique_id` = 889dcaa5928a37e49220e2da97df0d9b,  `mojang_id` = null,  `bedrock_id` = null,  `password` = '$2a$10$WVi.pMyG.AX76ELqGSmj/upM05qsfyjxmj3Qrd3oY6Yp.a0GT5pn6', `last_ip` = '0:0:0:0:0:0:0:1%0', `creation_date` = 2024-08-19 23:10:59.274, `last_seen` = 2024-08-19 23:28:36.584, `email` = null, `discord` = null, `settings` = '{"settings":[{"value":"survival","key":"last-server"},{"value":"en","key":"language"}],"version":0}' WHERE `ai` = 5" (applied to [last_ip, last_seen, settings] columns)
[2024/08/19 23:28:36]: [nLogin] The user test1 has successfully logged in.
[2024/08/19 23:28:40]: §3[nLogin] [DEBUG] [SQLite] [UPDATE]: "UPDATE `nlogin` SET `last_name` = 'vilabon', `unique_id` = 1690ea36c1ab3775b8d673bea4bdcf7b,  `mojang_id` = null,  `bedrock_id` = null,  `password` = '$2a$10$jyTE9oqP79KpBrD0O/wl9egh7LxbCX3WSTsOyyeU55.TGMzR4f/HW', `last_ip` = '0:0:0:0:0:0:0:1%0', `creation_date` = 2024-08-19 23:03:18.913, `last_seen` = 2024-08-19 23:28:40.25, `email` = null, `discord` = null, `settings` = '{"settings":[{"value":"survival","key":"last-server"},{"value":"en","key":"language"}],"version":0}' WHERE `ai` = 4" (applied to [last_ip, last_seen, settings] columns)
[2024/08/19 23:28:40]: [nLogin] The user vilabon has successfully logged in.
[2024/08/19 23:36:55]: §3[nLogin] [DEBUG] [SQLite] [UPDATE]: "UPDATE `nlogin` SET `last_name` = 'test1', `unique_id` = 889dcaa5928a37e49220e2da97df0d9b,  `mojang_id` = null,  `bedrock_id` = null,  `password` = '$2a$10$WVi.pMyG.AX76ELqGSmj/upM05qsfyjxmj3Qrd3oY6Yp.a0GT5pn6', `last_ip` = '0:0:0:0:0:0:0:1%0', `creation_date` = 2024-08-19 23:10:59.274, `last_seen` = 2024-08-19 23:36:55.825, `email` = null, `discord` = null, `settings` = '{"settings":[{"value":"survival","key":"last-server"},{"value":"en","key":"language"}],"version":0}' WHERE `ai` = 5" (applied to [last_seen, settings] columns)
[2024/08/19 23:36:56]: §3[nLogin] [DEBUG] [SQLite] [UPDATE]: "UPDATE `nlogin` SET `last_name` = 'Excellent_', `unique_id` = 6dbf0628c49435fdb96c9ab59f6c43f7,  `mojang_id` = null,  `bedrock_id` = null,  `password` = '$2a$10$j6lf6Veiqo/2XwHGTc0nQONOmgRkX0ZJV04Ousf/b8/nXuPd9Rqie', `last_ip` = '0:0:0:0:0:0:0:1%0', `creation_date` = 2024-08-19 20:15:53.327, `last_seen` = 2024-08-19 23:36:56.824, `email` = null, `discord` = null, `settings` = '{"settings":[{"value":"survival","key":"last-server"},{"value":"en","key":"language"}],"version":0}' WHERE `ai` = 3" (applied to [last_seen, settings] columns)
[2024/08/19 23:38:30]: §3[nLogin] [DEBUG] [SQLite] [UPDATE]: "UPDATE `nlogin` SET `last_name` = 'Excellent_', `unique_id` = 6dbf0628c49435fdb96c9ab59f6c43f7,  `mojang_id` = null,  `bedrock_id` = null,  `password` = '$2a$10$j6lf6Veiqo/2XwHGTc0nQONOmgRkX0ZJV04Ousf/b8/nXuPd9Rqie', `last_ip` = '0:0:0:0:0:0:0:1%0', `creation_date` = 2024-08-19 20:15:53.327, `last_seen` = 2024-08-19 23:38:30.572, `email` = null, `discord` = null, `settings` = '{"settings":[{"value":"survival","key":"last-server"},{"value":"en","key":"language"}],"version":0}' WHERE `ai` = 3" (applied to [last_ip, last_seen, settings] columns)
[2024/08/19 23:38:30]: [nLogin] The user Excellent_ has successfully logged in.
[2024/08/19 23:38:42]: §3[nLogin] [DEBUG] [SQLite] [UPDATE]: "UPDATE `nlogin` SET `last_name` = 'test1', `unique_id` = 889dcaa5928a37e49220e2da97df0d9b,  `mojang_id` = null,  `bedrock_id` = null,  `password` = '$2a$10$WVi.pMyG.AX76ELqGSmj/upM05qsfyjxmj3Qrd3oY6Yp.a0GT5pn6', `last_ip` = '0:0:0:0:0:0:0:1%0', `creation_date` = 2024-08-19 23:10:59.274, `last_seen` = 2024-08-19 23:38:42.107, `email` = null, `discord` = null, `settings` = '{"settings":[{"value":"survival","key":"last-server"},{"value":"en","key":"language"}],"version":0}' WHERE `ai` = 5" (applied to [last_ip, last_seen, settings] columns)
[2024/08/19 23:38:42]: [nLogin] The user test1 has successfully logged in.
[2024/08/19 23:41:13]: §3[nLogin] [DEBUG] [SQLite] [UPDATE]: "UPDATE `nlogin` SET `last_name` = 'Excellent_', `unique_id` = 6dbf0628c49435fdb96c9ab59f6c43f7,  `mojang_id` = null,  `bedrock_id` = null,  `password` = '$2a$10$j6lf6Veiqo/2XwHGTc0nQONOmgRkX0ZJV04Ousf/b8/nXuPd9Rqie', `last_ip` = '0:0:0:0:0:0:0:1%0', `creation_date` = 2024-08-19 20:15:53.327, `last_seen` = 2024-08-19 23:41:13.574, `email` = null, `discord` = null, `settings` = '{"settings":[{"value":"survival","key":"last-server"},{"value":"en","key":"language"}],"version":0}' WHERE `ai` = 3" (applied to [last_seen, settings] columns)
[2024/08/19 23:41:15]: §3[nLogin] [DEBUG] [SQLite] [UPDATE]: "UPDATE `nlogin` SET `last_name` = 'test1', `unique_id` = 889dcaa5928a37e49220e2da97df0d9b,  `mojang_id` = null,  `bedrock_id` = null,  `password` = '$2a$10$WVi.pMyG.AX76ELqGSmj/upM05qsfyjxmj3Qrd3oY6Yp.a0GT5pn6', `last_ip` = '0:0:0:0:0:0:0:1%0', `creation_date` = 2024-08-19 23:10:59.274, `last_seen` = 2024-08-19 23:41:15.073, `email` = null, `discord` = null, `settings` = '{"settings":[{"value":"survival","key":"last-server"},{"value":"en","key":"language"}],"version":0}' WHERE `ai` = 5" (applied to [last_seen, settings] columns)
[2024/08/19 23:42:00]: §3[nLogin] [DEBUG] [SQLite] [UPDATE]: "UPDATE `nlogin` SET `last_name` = 'Excellent_', `unique_id` = 6dbf0628c49435fdb96c9ab59f6c43f7,  `mojang_id` = null,  `bedrock_id` = null,  `password` = '$2a$10$j6lf6Veiqo/2XwHGTc0nQONOmgRkX0ZJV04Ousf/b8/nXuPd9Rqie', `last_ip` = '0:0:0:0:0:0:0:1%0', `creation_date` = 2024-08-19 20:15:53.327, `last_seen` = 2024-08-19 23:42:00.129, `email` = null, `discord` = null, `settings` = '{"settings":[{"value":"survival","key":"last-server"},{"value":"en","key":"language"}],"version":0}' WHERE `ai` = 3" (applied to [last_ip, last_seen, settings] columns)
[2024/08/19 23:42:00]: [nLogin] The user Excellent_ has successfully logged in.
[2024/08/19 23:42:11]: §3[nLogin] [DEBUG] [SQLite] [UPDATE]: "UPDATE `nlogin` SET `last_name` = 'test1', `unique_id` = 889dcaa5928a37e49220e2da97df0d9b,  `mojang_id` = null,  `bedrock_id` = null,  `password` = '$2a$10$WVi.pMyG.AX76ELqGSmj/upM05qsfyjxmj3Qrd3oY6Yp.a0GT5pn6', `last_ip` = '0:0:0:0:0:0:0:1%0', `creation_date` = 2024-08-19 23:10:59.274, `last_seen` = 2024-08-19 23:42:11.165, `email` = null, `discord` = null, `settings` = '{"settings":[{"value":"survival","key":"last-server"},{"value":"en","key":"language"}],"version":0}' WHERE `ai` = 5" (applied to [last_ip, last_seen, settings] columns)
[2024/08/19 23:42:11]: [nLogin] The user test1 has successfully logged in.
[2024/08/20 00:01:36]: §3[nLogin] [DEBUG] [SQLite] [UPDATE]: "UPDATE `nlogin` SET `last_name` = 'test1', `unique_id` = 889dcaa5928a37e49220e2da97df0d9b,  `mojang_id` = null,  `bedrock_id` = null,  `password` = '$2a$10$WVi.pMyG.AX76ELqGSmj/upM05qsfyjxmj3Qrd3oY6Yp.a0GT5pn6', `last_ip` = '0:0:0:0:0:0:0:1%0', `creation_date` = 2024-08-19 23:10:59.274, `last_seen` = 2024-08-20 00:01:36.791, `email` = null, `discord` = null, `settings` = '{"settings":[{"value":"survival","key":"last-server"},{"value":"en","key":"language"}],"version":0}' WHERE `ai` = 5" (applied to [last_seen, settings] columns)
[2024/08/20 00:02:09]: §3[nLogin] [DEBUG] The test1 (0:0:0:0:0:0:0:1%0) player entered an incorrect password
[2024/08/20 00:02:14]: §3[nLogin] [DEBUG] [SQLite] [UPDATE]: "UPDATE `nlogin` SET `last_name` = 'test1', `unique_id` = 889dcaa5928a37e49220e2da97df0d9b,  `mojang_id` = null,  `bedrock_id` = null,  `password` = '$2a$10$WVi.pMyG.AX76ELqGSmj/upM05qsfyjxmj3Qrd3oY6Yp.a0GT5pn6', `last_ip` = '0:0:0:0:0:0:0:1%0', `creation_date` = 2024-08-19 23:10:59.274, `last_seen` = 2024-08-20 00:02:14.322, `email` = null, `discord` = null, `settings` = '{"settings":[{"value":"survival","key":"last-server"},{"value":"en","key":"language"}],"version":0}' WHERE `ai` = 5" (applied to [last_ip, last_seen, settings] columns)
[2024/08/20 00:02:14]: [nLogin] The user test1 has successfully logged in.
[2024/08/20 00:05:56]: §3[nLogin] [DEBUG] [SQLite] [UPDATE]: "UPDATE `nlogin` SET `last_name` = 'Excellent_', `unique_id` = 6dbf0628c49435fdb96c9ab59f6c43f7,  `mojang_id` = null,  `bedrock_id` = null,  `password` = '$2a$10$j6lf6Veiqo/2XwHGTc0nQONOmgRkX0ZJV04Ousf/b8/nXuPd9Rqie', `last_ip` = '0:0:0:0:0:0:0:1%0', `creation_date` = 2024-08-19 20:15:53.327, `last_seen` = 2024-08-20 00:05:56.324, `email` = null, `discord` = null, `settings` = '{"settings":[{"value":"survival","key":"last-server"},{"value":"en","key":"language"}],"version":0}' WHERE `ai` = 3" (applied to [last_seen, settings] columns)
[2024/08/20 00:05:56]: §3[nLogin] [DEBUG] [SQLite] [UPDATE]: "UPDATE `nlogin` SET `last_name` = 'test1', `unique_id` = 889dcaa5928a37e49220e2da97df0d9b,  `mojang_id` = null,  `bedrock_id` = null,  `password` = '$2a$10$WVi.pMyG.AX76ELqGSmj/upM05qsfyjxmj3Qrd3oY6Yp.a0GT5pn6', `last_ip` = '0:0:0:0:0:0:0:1%0', `creation_date` = 2024-08-19 23:10:59.274, `last_seen` = 2024-08-20 00:05:56.324, `email` = null, `discord` = null, `settings` = '{"settings":[{"value":"survival","key":"last-server"},{"value":"en","key":"language"}],"version":0}' WHERE `ai` = 5" (applied to [last_seen, settings] columns)
[2024/08/20 00:06:10]: §3[nLogin] [DEBUG] [SQLite] [UPDATE]: "UPDATE `nlogin` SET `last_name` = 'Excellent_', `unique_id` = 6dbf0628c49435fdb96c9ab59f6c43f7,  `mojang_id` = null,  `bedrock_id` = null,  `password` = '$2a$10$j6lf6Veiqo/2XwHGTc0nQONOmgRkX0ZJV04Ousf/b8/nXuPd9Rqie', `last_ip` = '0:0:0:0:0:0:0:1%0', `creation_date` = 2024-08-19 20:15:53.327, `last_seen` = 2024-08-20 00:06:09.975, `email` = null, `discord` = null, `settings` = '{"settings":[{"value":"survival","key":"last-server"},{"value":"en","key":"language"}],"version":0}' WHERE `ai` = 3" (applied to [last_ip, last_seen, settings] columns)
[2024/08/20 00:06:10]: [nLogin] The user Excellent_ has successfully logged in.
[2024/08/20 00:06:16]: §3[nLogin] [DEBUG] The test1 (0:0:0:0:0:0:0:1%0) player entered an incorrect password
[2024/08/20 00:25:02]: §3[nLogin] [DEBUG] [SQLite] [UPDATE]: "UPDATE `nlogin` SET `last_name` = 'Excellent_', `unique_id` = 6dbf0628c49435fdb96c9ab59f6c43f7,  `mojang_id` = null,  `bedrock_id` = null,  `password` = '$2a$10$j6lf6Veiqo/2XwHGTc0nQONOmgRkX0ZJV04Ousf/b8/nXuPd9Rqie', `last_ip` = '0:0:0:0:0:0:0:1%0', `creation_date` = 2024-08-19 20:15:53.327, `last_seen` = 2024-08-20 00:25:02.888, `email` = null, `discord` = null, `settings` = '{"settings":[{"value":"survival","key":"last-server"},{"value":"en","key":"language"}],"version":0}' WHERE `ai` = 3" (applied to [last_seen, settings] columns)
[2024/08/20 00:25:11]: §3[nLogin] [DEBUG] [SQLite] [UPDATE]: "UPDATE `nlogin` SET `last_name` = 'test1', `unique_id` = 889dcaa5928a37e49220e2da97df0d9b,  `mojang_id` = null,  `bedrock_id` = null,  `password` = '$2a$10$WVi.pMyG.AX76ELqGSmj/upM05qsfyjxmj3Qrd3oY6Yp.a0GT5pn6', `last_ip` = '0:0:0:0:0:0:0:1%0', `creation_date` = 2024-08-19 23:10:59.274, `last_seen` = 2024-08-20 00:25:11.567, `email` = null, `discord` = null, `settings` = '{"settings":[{"value":"survival","key":"last-server"},{"value":"en","key":"language"}],"version":0}' WHERE `ai` = 5" (applied to [last_ip, last_seen, settings] columns)
[2024/08/20 00:25:11]: [nLogin] The user test1 has successfully logged in.
[2024/08/20 00:25:57]: §3[nLogin] [DEBUG] [SQLite] [UPDATE]: "UPDATE `nlogin` SET `last_name` = 'test1', `unique_id` = 889dcaa5928a37e49220e2da97df0d9b,  `mojang_id` = null,  `bedrock_id` = null,  `password` = '$2a$10$WVi.pMyG.AX76ELqGSmj/upM05qsfyjxmj3Qrd3oY6Yp.a0GT5pn6', `last_ip` = '0:0:0:0:0:0:0:1%0', `creation_date` = 2024-08-19 23:10:59.274, `last_seen` = 2024-08-20 00:25:57.184, `email` = null, `discord` = null, `settings` = '{"settings":[{"value":"survival","key":"last-server"},{"value":"en","key":"language"}],"version":0}' WHERE `ai` = 5" (applied to [last_seen, settings] columns)
[2024/08/20 00:26:12]: §3[nLogin] [DEBUG] [SQLite] [UPDATE]: "UPDATE `nlogin` SET `last_name` = 'Excellent_', `unique_id` = 6dbf0628c49435fdb96c9ab59f6c43f7,  `mojang_id` = null,  `bedrock_id` = null,  `password` = '$2a$10$j6lf6Veiqo/2XwHGTc0nQONOmgRkX0ZJV04Ousf/b8/nXuPd9Rqie', `last_ip` = '0:0:0:0:0:0:0:1%0', `creation_date` = 2024-08-19 20:15:53.327, `last_seen` = 2024-08-20 00:26:12.445, `email` = null, `discord` = null, `settings` = '{"settings":[{"value":"survival","key":"last-server"},{"value":"en","key":"language"}],"version":0}' WHERE `ai` = 3" (applied to [last_ip, last_seen, settings] columns)
[2024/08/20 00:26:12]: [nLogin] The user Excellent_ has successfully logged in.
[2024/08/20 00:26:18]: §3[nLogin] [DEBUG] [SQLite] [UPDATE]: "UPDATE `nlogin` SET `last_name` = 'Excellent_', `unique_id` = 6dbf0628c49435fdb96c9ab59f6c43f7,  `mojang_id` = null,  `bedrock_id` = null,  `password` = '$2a$10$j6lf6Veiqo/2XwHGTc0nQONOmgRkX0ZJV04Ousf/b8/nXuPd9Rqie', `last_ip` = '0:0:0:0:0:0:0:1%0', `creation_date` = 2024-08-19 20:15:53.327, `last_seen` = 2024-08-20 00:26:18.024, `email` = null, `discord` = null, `settings` = '{"settings":[{"value":"survival","key":"last-server"},{"value":"en","key":"language"}],"version":0}' WHERE `ai` = 3" (applied to [last_seen, settings] columns)
[2024/08/20 00:26:32]: §3[nLogin] [DEBUG] [SQLite] [UPDATE]: "UPDATE `nlogin` SET `last_name` = 'test1', `unique_id` = 889dcaa5928a37e49220e2da97df0d9b,  `mojang_id` = null,  `bedrock_id` = null,  `password` = '$2a$10$WVi.pMyG.AX76ELqGSmj/upM05qsfyjxmj3Qrd3oY6Yp.a0GT5pn6', `last_ip` = '0:0:0:0:0:0:0:1%0', `creation_date` = 2024-08-19 23:10:59.274, `last_seen` = 2024-08-20 00:26:32.364, `email` = null, `discord` = null, `settings` = '{"settings":[{"value":"survival","key":"last-server"},{"value":"en","key":"language"}],"version":0}' WHERE `ai` = 5" (applied to [last_ip, last_seen, settings] columns)
[2024/08/20 00:26:32]: [nLogin] The user test1 has successfully logged in.
[2024/08/20 00:28:59]: §3[nLogin] [DEBUG] [SQLite] [UPDATE]: "UPDATE `nlogin` SET `last_name` = 'test1', `unique_id` = 889dcaa5928a37e49220e2da97df0d9b,  `mojang_id` = null,  `bedrock_id` = null,  `password` = '$2a$10$WVi.pMyG.AX76ELqGSmj/upM05qsfyjxmj3Qrd3oY6Yp.a0GT5pn6', `last_ip` = '0:0:0:0:0:0:0:1%0', `creation_date` = 2024-08-19 23:10:59.274, `last_seen` = 2024-08-20 00:28:59.818, `email` = null, `discord` = null, `settings` = '{"settings":[{"value":"survival","key":"last-server"},{"value":"en","key":"language"}],"version":0}' WHERE `ai` = 5" (applied to [last_seen, settings] columns)
[2024/08/20 00:31:12]: §3[nLogin] [DEBUG] [SQLite] [UPDATE]: "UPDATE `nlogin` SET `last_name` = 'vilabon', `unique_id` = 1690ea36c1ab3775b8d673bea4bdcf7b,  `mojang_id` = null,  `bedrock_id` = null,  `password` = '$2a$10$jyTE9oqP79KpBrD0O/wl9egh7LxbCX3WSTsOyyeU55.TGMzR4f/HW', `last_ip` = '0:0:0:0:0:0:0:1%0', `creation_date` = 2024-08-19 23:03:18.913, `last_seen` = 2024-08-20 00:31:12.336, `email` = null, `discord` = null, `settings` = '{"settings":[{"value":"survival","key":"last-server"},{"value":"en","key":"language"}],"version":0}' WHERE `ai` = 4" (applied to [last_seen, settings] columns)
[2024/08/20 00:34:08]: §3[nLogin] [DEBUG] The test1 (0:0:0:0:0:0:0:1%0) player entered an incorrect password
[2024/08/20 00:34:15]: §3[nLogin] [DEBUG] [SQLite] [UPDATE]: "UPDATE `nlogin` SET `last_name` = 'test1', `unique_id` = 889dcaa5928a37e49220e2da97df0d9b,  `mojang_id` = null,  `bedrock_id` = null,  `password` = '$2a$10$WVi.pMyG.AX76ELqGSmj/upM05qsfyjxmj3Qrd3oY6Yp.a0GT5pn6', `last_ip` = '0:0:0:0:0:0:0:1%0', `creation_date` = 2024-08-19 23:10:59.274, `last_seen` = 2024-08-20 00:34:15.75, `email` = null, `discord` = null, `settings` = '{"settings":[{"value":"survival","key":"last-server"},{"value":"en","key":"language"}],"version":0}' WHERE `ai` = 5" (applied to [last_ip, last_seen, settings] columns)
[2024/08/20 00:34:15]: [nLogin] The user test1 has successfully logged in.
[2024/08/20 00:34:56]: §3[nLogin] [DEBUG] [SQLite] [UPDATE]: "UPDATE `nlogin` SET `last_name` = 'test1', `unique_id` = 889dcaa5928a37e49220e2da97df0d9b,  `mojang_id` = null,  `bedrock_id` = null,  `password` = '$2a$10$WVi.pMyG.AX76ELqGSmj/upM05qsfyjxmj3Qrd3oY6Yp.a0GT5pn6', `last_ip` = '0:0:0:0:0:0:0:1%0', `creation_date` = 2024-08-19 23:10:59.274, `last_seen` = 2024-08-20 00:34:56.574, `email` = null, `discord` = null, `settings` = '{"settings":[{"value":"survival","key":"last-server"},{"value":"en","key":"language"}],"version":0}' WHERE `ai` = 5" (applied to [last_seen, settings] columns)
