[2024/08/28 14:56:03]: §9          __             _       
[2024/08/28 14:56:03]: §9  _ __   / /  ___   __ _(_)_ __  
[2024/08/28 14:56:03]: §9 | '_ \ / /  / _ \ / _` | | '_ \ 
[2024/08/28 14:56:03]: §9 | | | / /__| (_) | (_| | | | | |
[2024/08/28 14:56:03]: §9 |_| |_\____/\___/ \__, |_|_| |_|
[2024/08/28 14:56:03]: §9                  |___/            
[2024/08/28 14:56:03]: §9 By: www.nickuc.com - V 10.3.27
[2024/08/28 14:56:03]: §9 
[2024/08/28 14:56:04]: §3[nLogin] [DEBUG] All settings were loaded in 619 ms.
[2024/08/28 14:56:04]: §3[nLogin] [DEBUG] Loading the messages_en.yml message file...
[2024/08/28 14:56:04]: §3[nLogin] [DEBUG] All plugin messages were loaded in 455 ms (languageByClient=false).
[2024/08/28 14:56:04]: §3[nLogin] [DEBUG] All proxy settings were loaded in 31 ms.
[2024/08/28 14:56:04]: §3[nLogin] [DEBUG] Loading database...
[2024/08/28 14:56:05]: §3[nLogin] [DEBUG] Starting logger filter...
[2024/08/28 14:56:10]: 
[2024/08/28 14:56:10]:  §bThank you so much for choosing nLogin! §4<3
[2024/08/28 14:56:10]: 
[2024/08/28 14:56:10]:  §4For your safety, please read the message below:
[2024/08/28 14:56:10]:   §cNever download nLogin from unknown sources.
[2024/08/28 14:56:10]:   §cA modified version may contain malicious software.
[2024/08/28 14:56:10]: 
[2024/08/28 14:56:10]:  §3Trusted sources:
[2024/08/28 14:56:10]:   §bwww.nickuc.com
[2024/08/28 14:56:10]:   §bwww.github.com/nickuc
[2024/08/28 14:56:10]:   §bOpeNLogin installer (from Spigot or GitHub)
[2024/08/28 14:56:10]: 
[2024/08/28 14:56:10]:  §3Official support channels:
[2024/08/28 14:56:10]:   §bDiscord group: §fwww.nickuc.com/discord
[2024/08/28 14:56:10]:   §bDocumentation: §fdocs.nickuc.com/nlogin/
[2024/08/28 14:56:10]:   §bEmail: §fsupport@nickuc.com
[2024/08/28 14:56:10]:   §bYouTube: §fyoutube.com/nickuc
[2024/08/28 14:56:10]: 
[2024/08/28 14:56:10]:  §eTo remove this warning, log in with "nlogin.admin" permission on the server
[2024/08/28 14:56:10]:  §eand click the "Setup plugin" button to configure your plugin.
[2024/08/28 14:56:10]: 
