[2024/08/23 19:15:11]: §9          __             _       
[2024/08/23 19:15:11]: §9  _ __   / /  ___   __ _(_)_ __  
[2024/08/23 19:15:11]: §9 | '_ \ / /  / _ \ / _` | | '_ \ 
[2024/08/23 19:15:11]: §9 | | | / /__| (_) | (_| | | | | |
[2024/08/23 19:15:11]: §9 |_| |_\____/\___/ \__, |_|_| |_|
[2024/08/23 19:15:11]: §9                  |___/            
[2024/08/23 19:15:11]: §9 By: www.nickuc.com - V 10.3.27
[2024/08/23 19:15:11]: §9 
[2024/08/23 19:15:12]: §3[nLogin] [DEBUG] All settings were loaded in 781 ms.
[2024/08/23 19:15:12]: §3[nLogin] [DEBUG] Loading the messages_en.yml message file...
[2024/08/23 19:15:12]: §3[nLogin] [DEBUG] All plugin messages were loaded in 321 ms (languageByClient=false).
[2024/08/23 19:15:12]: §3[nLogin] [DEBUG] All proxy settings were loaded in 6 ms.
[2024/08/23 19:15:13]: §3[nLogin] [DEBUG] Loading database...
[2024/08/23 19:15:13]: §3[nLogin] [DEBUG] Starting logger filter...
[2024/08/23 19:15:18]: 
[2024/08/23 19:15:18]:  §bThank you so much for choosing nLogin! §4<3
[2024/08/23 19:15:18]: 
[2024/08/23 19:15:18]:  §4For your safety, please read the message below:
[2024/08/23 19:15:18]:   §cNever download nLogin from unknown sources.
[2024/08/23 19:15:18]:   §cA modified version may contain malicious software.
[2024/08/23 19:15:18]: 
[2024/08/23 19:15:18]:  §3Trusted sources:
[2024/08/23 19:15:18]:   §bwww.nickuc.com
[2024/08/23 19:15:18]:   §bwww.github.com/nickuc
[2024/08/23 19:15:18]:   §bOpeNLogin installer (from Spigot or GitHub)
[2024/08/23 19:15:18]: 
[2024/08/23 19:15:18]:  §3Official support channels:
[2024/08/23 19:15:18]:   §bDiscord group: §fwww.nickuc.com/discord
[2024/08/23 19:15:18]:   §bDocumentation: §fdocs.nickuc.com/nlogin/
[2024/08/23 19:15:18]:   §bEmail: §fsupport@nickuc.com
[2024/08/23 19:15:18]:   §bYouTube: §fyoutube.com/nickuc
[2024/08/23 19:15:18]: 
[2024/08/23 19:15:18]:  §eTo remove this warning, log in with "nlogin.admin" permission on the server
[2024/08/23 19:15:18]:  §eand click the "Setup plugin" button to configure your plugin.
[2024/08/23 19:15:18]: 
[2024/08/23 19:15:46]: §3[nLogin] [DEBUG] [SQLite] [UPDATE]: "UPDATE `nlogin` SET `last_name` = 'Excellent_', `unique_id` = 6dbf0628c49435fdb96c9ab59f6c43f7,  `mojang_id` = null,  `bedrock_id` = null,  `password` = '$2a$10$j6lf6Veiqo/2XwHGTc0nQONOmgRkX0ZJV04Ousf/b8/nXuPd9Rqie', `last_ip` = '0:0:0:0:0:0:0:1%0', `creation_date` = 2024-08-19 20:15:53.327, `last_seen` = 2024-08-23 19:15:46.463, `email` = null, `discord` = null, `settings` = '{"settings":[{"value":"survival","key":"last-server"},{"value":"en","key":"language"}],"version":0}' WHERE `ai` = 3" (applied to [last_ip, last_seen, settings] columns)
[2024/08/23 19:15:46]: [nLogin] The user Excellent_ has successfully logged in.
[2024/08/23 19:22:52]: §3[nLogin] [DEBUG] The akshar (0:0:0:0:0:0:0:1%0) player entered an incorrect password
[2024/08/23 19:23:04]: §3[nLogin] [DEBUG] The akshar (0:0:0:0:0:0:0:1%0) player entered an incorrect password
[2024/08/23 19:24:31]: §3[nLogin] [DEBUG] [SQLite] [UPDATE]: "UPDATE `nlogin` SET `last_name` = 'akshar', `unique_id` = eed5b675241b33bda4537d68bea645d7,  `mojang_id` = null,  `bedrock_id` = null,  `password` = '$2a$10$RCEzJqjxr/TOH9elVy2U/u0mtpvY5fIZrPM6ZvCpdJEm1GJ87ifuu', `last_ip` = '0:0:0:0:0:0:0:1%0', `creation_date` = 2024-08-22 19:56:00.674, `last_seen` = 2024-08-23 19:24:31.481, `email` = null, `discord` = null, `settings` = '{"settings":[{"value":"survival","key":"last-server"},{"value":"en","key":"language"}],"version":0}' WHERE `ai` = 9" (applied to [last_ip, last_seen, settings] columns)
[2024/08/23 19:24:31]: [nLogin] The user akshar has successfully logged in.
[2024/08/23 19:27:04]: §3[nLogin] [DEBUG] [SQLite] [UPDATE]: "UPDATE `nlogin` SET `last_name` = 'Aydanthethug', `unique_id` = 442ee9fd023b3186b1ef31fc13a15fb3,  `mojang_id` = null,  `bedrock_id` = null,  `password` = '$2a$10$/MsbzZI/ZaWnm9JoH0GE6O46otYHEvWYfVYF980490rZ7SDbA63KG', `last_ip` = '0:0:0:0:0:0:0:1%0', `creation_date` = 2024-08-22 19:52:40.819, `last_seen` = 2024-08-23 19:27:04.616, `email` = null, `discord` = null, `settings` = '{"settings":[{"value":"survival","key":"last-server"},{"value":"en","key":"language"}],"version":0}' WHERE `ai` = 8" (applied to [last_ip, last_seen, settings] columns)
[2024/08/23 19:27:04]: [nLogin] The user Aydanthethug has successfully logged in.
[2024/08/23 19:27:18]: §3[nLogin] [DEBUG] [SQLite] [UPDATE]: "UPDATE `nlogin` SET `last_name` = 'Aydanthethug', `unique_id` = 442ee9fd023b3186b1ef31fc13a15fb3,  `mojang_id` = null,  `bedrock_id` = null,  `password` = '$2a$10$/MsbzZI/ZaWnm9JoH0GE6O46otYHEvWYfVYF980490rZ7SDbA63KG', `last_ip` = '0:0:0:0:0:0:0:1%0', `creation_date` = 2024-08-22 19:52:40.819, `last_seen` = 2024-08-23 19:27:18.424, `email` = null, `discord` = null, `settings` = '{"settings":[{"value":"survival","key":"last-server"},{"value":"en","key":"language"}],"version":0}' WHERE `ai` = 8" (applied to [last_seen, settings] columns)
[2024/08/23 19:27:26]: §3[nLogin] [DEBUG] [SQLite] [UPDATE]: "UPDATE `nlogin` SET `last_name` = 'Aydanthethug', `unique_id` = 442ee9fd023b3186b1ef31fc13a15fb3,  `mojang_id` = null,  `bedrock_id` = null,  `password` = '$2a$10$/MsbzZI/ZaWnm9JoH0GE6O46otYHEvWYfVYF980490rZ7SDbA63KG', `last_ip` = '0:0:0:0:0:0:0:1%0', `creation_date` = 2024-08-22 19:52:40.819, `last_seen` = 2024-08-23 19:27:26.573, `email` = null, `discord` = null, `settings` = '{"settings":[{"value":"survival","key":"last-server"},{"value":"en","key":"language"}],"version":0}' WHERE `ai` = 8" (applied to [last_ip, last_seen, settings] columns)
[2024/08/23 19:27:26]: [nLogin] The user Aydanthethug has successfully logged in.
[2024/08/23 19:27:42]: §3[nLogin] [DEBUG] [SQLite] [UPDATE]: "UPDATE `nlogin` SET `last_name` = 'Aydanthethug', `unique_id` = 442ee9fd023b3186b1ef31fc13a15fb3,  `mojang_id` = null,  `bedrock_id` = null,  `password` = '$2a$10$/MsbzZI/ZaWnm9JoH0GE6O46otYHEvWYfVYF980490rZ7SDbA63KG', `last_ip` = '0:0:0:0:0:0:0:1%0', `creation_date` = 2024-08-22 19:52:40.819, `last_seen` = 2024-08-23 19:27:42.172, `email` = null, `discord` = null, `settings` = '{"settings":[{"value":"survival","key":"last-server"},{"value":"en","key":"language"}],"version":0}' WHERE `ai` = 8" (applied to [last_seen, settings] columns)
[2024/08/23 19:27:51]: §3[nLogin] [DEBUG] [SQLite] [UPDATE]: "UPDATE `nlogin` SET `last_name` = 'Aydanthethug', `unique_id` = 442ee9fd023b3186b1ef31fc13a15fb3,  `mojang_id` = null,  `bedrock_id` = null,  `password` = '$2a$10$/MsbzZI/ZaWnm9JoH0GE6O46otYHEvWYfVYF980490rZ7SDbA63KG', `last_ip` = '0:0:0:0:0:0:0:1%0', `creation_date` = 2024-08-22 19:52:40.819, `last_seen` = 2024-08-23 19:27:51.704, `email` = null, `discord` = null, `settings` = '{"settings":[{"value":"survival","key":"last-server"},{"value":"en","key":"language"}],"version":0}' WHERE `ai` = 8" (applied to [last_ip, last_seen, settings] columns)
[2024/08/23 19:27:51]: [nLogin] The user Aydanthethug has successfully logged in.
[2024/08/23 19:28:58]: §3[nLogin] [DEBUG] [SQLite] [UPDATE]: "UPDATE `nlogin` SET `last_name` = 'Aydanthethug', `unique_id` = 442ee9fd023b3186b1ef31fc13a15fb3,  `mojang_id` = null,  `bedrock_id` = null,  `password` = '$2a$10$/MsbzZI/ZaWnm9JoH0GE6O46otYHEvWYfVYF980490rZ7SDbA63KG', `last_ip` = '0:0:0:0:0:0:0:1%0', `creation_date` = 2024-08-22 19:52:40.819, `last_seen` = 2024-08-23 19:28:58.923, `email` = null, `discord` = null, `settings` = '{"settings":[{"value":"survival","key":"last-server"},{"value":"en","key":"language"}],"version":0}' WHERE `ai` = 8" (applied to [last_seen, settings] columns)
[2024/08/23 19:29:10]: §3[nLogin] [DEBUG] [SQLite] [UPDATE]: "UPDATE `nlogin` SET `last_name` = 'Aydanthethug', `unique_id` = 442ee9fd023b3186b1ef31fc13a15fb3,  `mojang_id` = null,  `bedrock_id` = null,  `password` = '$2a$10$/MsbzZI/ZaWnm9JoH0GE6O46otYHEvWYfVYF980490rZ7SDbA63KG', `last_ip` = '0:0:0:0:0:0:0:1%0', `creation_date` = 2024-08-22 19:52:40.819, `last_seen` = 2024-08-23 19:29:10.921, `email` = null, `discord` = null, `settings` = '{"settings":[{"value":"survival","key":"last-server"},{"value":"en","key":"language"}],"version":0}' WHERE `ai` = 8" (applied to [last_ip, last_seen, settings] columns)
[2024/08/23 19:29:10]: [nLogin] The user Aydanthethug has successfully logged in.
[2024/08/23 19:31:02]: §3[nLogin] [DEBUG] [SQLite] [UPDATE]: "UPDATE `nlogin` SET `last_name` = 'ching_chong', `unique_id` = ccf29ae03741300e952d22488f57b316,  `mojang_id` = null,  `bedrock_id` = null,  `password` = '$2a$10$UVvEA/PYnbAaaV7sT.4upuUqb7uO/ILRfm.vHsLUtxgwCyAg6GlrK', `last_ip` = '0:0:0:0:0:0:0:1%0', `creation_date` = 2024-08-22 19:08:22.579, `last_seen` = 2024-08-23 19:31:01.971, `email` = null, `discord` = null, `settings` = '{"settings":[{"value":"survival","key":"last-server"},{"value":"en","key":"language"}],"version":0}' WHERE `ai` = 6" (applied to [last_ip, last_seen, settings] columns)
[2024/08/23 19:31:02]: [nLogin] The user ching_chong has successfully logged in.
[2024/08/23 19:34:29]: §3[nLogin] [DEBUG] [SQLite] [UPDATE]: "UPDATE `nlogin` SET `last_name` = 'ching_chong', `unique_id` = ccf29ae03741300e952d22488f57b316,  `mojang_id` = null,  `bedrock_id` = null,  `password` = '$2a$10$UVvEA/PYnbAaaV7sT.4upuUqb7uO/ILRfm.vHsLUtxgwCyAg6GlrK', `last_ip` = '0:0:0:0:0:0:0:1%0', `creation_date` = 2024-08-22 19:08:22.579, `last_seen` = 2024-08-23 19:34:29.172, `email` = null, `discord` = null, `settings` = '{"settings":[{"value":"survival","key":"last-server"},{"value":"en","key":"language"}],"version":0}' WHERE `ai` = 6" (applied to [last_seen, settings] columns)
[2024/08/23 19:34:39]: §3[nLogin] [DEBUG] [SQLite] [UPDATE]: "UPDATE `nlogin` SET `last_name` = 'ching_chong', `unique_id` = ccf29ae03741300e952d22488f57b316,  `mojang_id` = null,  `bedrock_id` = null,  `password` = '$2a$10$UVvEA/PYnbAaaV7sT.4upuUqb7uO/ILRfm.vHsLUtxgwCyAg6GlrK', `last_ip` = '0:0:0:0:0:0:0:1%0', `creation_date` = 2024-08-22 19:08:22.579, `last_seen` = 2024-08-23 19:34:38.942, `email` = null, `discord` = null, `settings` = '{"settings":[{"value":"survival","key":"last-server"},{"value":"en","key":"language"}],"version":0}' WHERE `ai` = 6" (applied to [last_ip, last_seen, settings] columns)
[2024/08/23 19:34:39]: [nLogin] The user ching_chong has successfully logged in.
[2024/08/23 19:34:52]: §3[nLogin] [DEBUG] [SQLite] [UPDATE]: "UPDATE `nlogin` SET `last_name` = 'ching_chong', `unique_id` = ccf29ae03741300e952d22488f57b316,  `mojang_id` = null,  `bedrock_id` = null,  `password` = '$2a$10$UVvEA/PYnbAaaV7sT.4upuUqb7uO/ILRfm.vHsLUtxgwCyAg6GlrK', `last_ip` = '0:0:0:0:0:0:0:1%0', `creation_date` = 2024-08-22 19:08:22.579, `last_seen` = 2024-08-23 19:34:52.499, `email` = null, `discord` = null, `settings` = '{"settings":[{"value":"survival","key":"last-server"},{"value":"en","key":"language"}],"version":0}' WHERE `ai` = 6" (applied to [last_seen, settings] columns)
[2024/08/23 19:38:13]: §3[nLogin] [DEBUG] [SQLite] [UPDATE]: "UPDATE `nlogin` SET `last_name` = 'Aydanthethug', `unique_id` = 442ee9fd023b3186b1ef31fc13a15fb3,  `mojang_id` = null,  `bedrock_id` = null,  `password` = '$2a$10$/MsbzZI/ZaWnm9JoH0GE6O46otYHEvWYfVYF980490rZ7SDbA63KG', `last_ip` = '0:0:0:0:0:0:0:1%0', `creation_date` = 2024-08-22 19:52:40.819, `last_seen` = 2024-08-23 19:38:13.144, `email` = null, `discord` = null, `settings` = '{"settings":[{"value":"survival","key":"last-server"},{"value":"en","key":"language"}],"version":0}' WHERE `ai` = 8" (applied to [last_seen, settings] columns)
[2024/08/23 19:40:46]: §3[nLogin] [DEBUG] [SQLite] [UPDATE]: "UPDATE `nlogin` SET `last_name` = 'Excellent_', `unique_id` = 6dbf0628c49435fdb96c9ab59f6c43f7,  `mojang_id` = null,  `bedrock_id` = null,  `password` = '$2a$10$j6lf6Veiqo/2XwHGTc0nQONOmgRkX0ZJV04Ousf/b8/nXuPd9Rqie', `last_ip` = '0:0:0:0:0:0:0:1%0', `creation_date` = 2024-08-19 20:15:53.327, `last_seen` = 2024-08-23 19:40:46.693, `email` = null, `discord` = null, `settings` = '{"settings":[{"value":"survival","key":"last-server"},{"value":"en","key":"language"}],"version":0}' WHERE `ai` = 3" (applied to [last_seen, settings] columns)
[2024/08/23 19:40:56]: §3[nLogin] [DEBUG] [SQLite] [UPDATE]: "UPDATE `nlogin` SET `last_name` = 'koqp', `unique_id` = 4df59a0e37e73657a85e01465b119dfe,  `mojang_id` = null,  `bedrock_id` = null,  `password` = '$2a$10$Mouv8c4qyNOkg5cqYl1JQuGvUtUqSX1W.JoiMXPY8/IwE1hsZb.xu', `last_ip` = '0:0:0:0:0:0:0:1%0', `creation_date` = 2024-08-19 05:30:32.744, `last_seen` = 2024-08-23 19:40:56.858, `email` = null, `discord` = null, `settings` = '{"settings":[{"value":"survival","key":"last-server"},{"value":"en","key":"language"}],"version":0}' WHERE `ai` = 1" (applied to [last_ip, last_seen, settings] columns)
[2024/08/23 19:40:56]: [nLogin] The user koqp has successfully logged in.
[2024/08/23 19:41:52]: §3[nLogin] [DEBUG] [SQLite] [UPDATE]: "UPDATE `nlogin` SET `last_name` = 'koqp', `unique_id` = 4df59a0e37e73657a85e01465b119dfe,  `mojang_id` = null,  `bedrock_id` = null,  `password` = '$2a$10$Mouv8c4qyNOkg5cqYl1JQuGvUtUqSX1W.JoiMXPY8/IwE1hsZb.xu', `last_ip` = '0:0:0:0:0:0:0:1%0', `creation_date` = 2024-08-19 05:30:32.744, `last_seen` = 2024-08-23 19:41:52.892, `email` = null, `discord` = null, `settings` = '{"settings":[{"value":"survival","key":"last-server"},{"value":"en","key":"language"}],"version":0}' WHERE `ai` = 1" (applied to [last_seen, settings] columns)
[2024/08/23 19:42:19]: §3[nLogin] [DEBUG] [SQLite] [UPDATE]: "UPDATE `nlogin` SET `last_name` = 'koqp', `unique_id` = 4df59a0e37e73657a85e01465b119dfe,  `mojang_id` = null,  `bedrock_id` = null,  `password` = '$2a$10$Mouv8c4qyNOkg5cqYl1JQuGvUtUqSX1W.JoiMXPY8/IwE1hsZb.xu', `last_ip` = '0:0:0:0:0:0:0:1%0', `creation_date` = 2024-08-19 05:30:32.744, `last_seen` = 2024-08-23 19:42:19.724, `email` = null, `discord` = null, `settings` = '{"settings":[{"value":"survival","key":"last-server"},{"value":"en","key":"language"}],"version":0}' WHERE `ai` = 1" (applied to [last_ip, last_seen, settings] columns)
[2024/08/23 19:42:19]: [nLogin] The user koqp has successfully logged in.
[2024/08/23 19:44:06]: §3[nLogin] [DEBUG] [SQLite] [UPDATE]: "UPDATE `nlogin` SET `last_name` = 'koqp', `unique_id` = 4df59a0e37e73657a85e01465b119dfe,  `mojang_id` = null,  `bedrock_id` = null,  `password` = '$2a$10$Mouv8c4qyNOkg5cqYl1JQuGvUtUqSX1W.JoiMXPY8/IwE1hsZb.xu', `last_ip` = '0:0:0:0:0:0:0:1%0', `creation_date` = 2024-08-19 05:30:32.744, `last_seen` = 2024-08-23 19:44:05.926, `email` = null, `discord` = null, `settings` = '{"settings":[{"value":"survival","key":"last-server"},{"value":"en","key":"language"}],"version":0}' WHERE `ai` = 1" (applied to [last_seen, settings] columns)
[2024/08/23 19:44:12]: §3[nLogin] [DEBUG] [SQLite] [UPDATE]: "UPDATE `nlogin` SET `last_name` = 'koqp', `unique_id` = 4df59a0e37e73657a85e01465b119dfe,  `mojang_id` = null,  `bedrock_id` = null,  `password` = '$2a$10$Mouv8c4qyNOkg5cqYl1JQuGvUtUqSX1W.JoiMXPY8/IwE1hsZb.xu', `last_ip` = '0:0:0:0:0:0:0:1%0', `creation_date` = 2024-08-19 05:30:32.744, `last_seen` = 2024-08-23 19:44:12.21, `email` = null, `discord` = null, `settings` = '{"settings":[{"value":"survival","key":"last-server"},{"value":"en","key":"language"}],"version":0}' WHERE `ai` = 1" (applied to [last_ip, last_seen, settings] columns)
[2024/08/23 19:44:12]: [nLogin] The user koqp has successfully logged in.
[2024/08/23 19:53:09]: §3[nLogin] [DEBUG] [SQLite] [UPDATE]: "UPDATE `nlogin` SET `last_name` = 'koqp', `unique_id` = 4df59a0e37e73657a85e01465b119dfe,  `mojang_id` = null,  `bedrock_id` = null,  `password` = '$2a$10$Mouv8c4qyNOkg5cqYl1JQuGvUtUqSX1W.JoiMXPY8/IwE1hsZb.xu', `last_ip` = '0:0:0:0:0:0:0:1%0', `creation_date` = 2024-08-19 05:30:32.744, `last_seen` = 2024-08-23 19:53:09.447, `email` = null, `discord` = null, `settings` = '{"settings":[{"value":"survival","key":"last-server"},{"value":"en","key":"language"}],"version":0}' WHERE `ai` = 1" (applied to [last_seen, settings] columns)
[2024/08/23 19:53:21]: §3[nLogin] [DEBUG] [SQLite] [UPDATE]: "UPDATE `nlogin` SET `last_name` = 'akshar', `unique_id` = eed5b675241b33bda4537d68bea645d7,  `mojang_id` = null,  `bedrock_id` = null,  `password` = '$2a$10$RCEzJqjxr/TOH9elVy2U/u0mtpvY5fIZrPM6ZvCpdJEm1GJ87ifuu', `last_ip` = '0:0:0:0:0:0:0:1%0', `creation_date` = 2024-08-22 19:56:00.674, `last_seen` = 2024-08-23 19:53:21.185, `email` = null, `discord` = null, `settings` = '{"settings":[{"value":"survival","key":"last-server"},{"value":"en","key":"language"}],"version":0}' WHERE `ai` = 9" (applied to [last_seen, settings] columns)
