[2024/09/04 18:16:36]: §9          __             _       
[2024/09/04 18:16:36]: §9  _ __   / /  ___   __ _(_)_ __  
[2024/09/04 18:16:36]: §9 | '_ \ / /  / _ \ / _` | | '_ \ 
[2024/09/04 18:16:36]: §9 | | | / /__| (_) | (_| | | | | |
[2024/09/04 18:16:36]: §9 |_| |_\____/\___/ \__, |_|_| |_|
[2024/09/04 18:16:36]: §9                  |___/            
[2024/09/04 18:16:36]: §9 By: www.nickuc.com - V 10.3.27
[2024/09/04 18:16:36]: §9 
[2024/09/04 18:16:37]: §3[nLogin] [DEBUG] All settings were loaded in 890 ms.
[2024/09/04 18:16:38]: §3[nLogin] [DEBUG] Loading the messages_en.yml message file...
[2024/09/04 18:16:38]: §3[nLogin] [DEBUG] All plugin messages were loaded in 433 ms (languageByClient=false).
[2024/09/04 18:16:38]: §3[nLogin] [DEBUG] All proxy settings were loaded in 39 ms.
[2024/09/04 18:16:38]: §3[nLogin] [DEBUG] Loading database...
[2024/09/04 18:16:39]: §3[nLogin] [DEBUG] Starting logger filter...
[2024/09/04 18:16:44]: 
[2024/09/04 18:16:44]:  §bThank you so much for choosing nLogin! §4<3
[2024/09/04 18:16:44]: 
[2024/09/04 18:16:44]:  §4For your safety, please read the message below:
[2024/09/04 18:16:44]:   §cNever download nLogin from unknown sources.
[2024/09/04 18:16:44]:   §cA modified version may contain malicious software.
[2024/09/04 18:16:44]: 
[2024/09/04 18:16:44]:  §3Trusted sources:
[2024/09/04 18:16:44]:   §bwww.nickuc.com
[2024/09/04 18:16:44]:   §bwww.github.com/nickuc
[2024/09/04 18:16:44]:   §bOpeNLogin installer (from Spigot or GitHub)
[2024/09/04 18:16:44]: 
[2024/09/04 18:16:44]:  §3Official support channels:
[2024/09/04 18:16:44]:   §bDiscord group: §fwww.nickuc.com/discord
[2024/09/04 18:16:44]:   §bDocumentation: §fdocs.nickuc.com/nlogin/
[2024/09/04 18:16:44]:   §bEmail: §fsupport@nickuc.com
[2024/09/04 18:16:44]:   §bYouTube: §fyoutube.com/nickuc
[2024/09/04 18:16:44]: 
[2024/09/04 18:16:44]:  §eTo remove this warning, log in with "nlogin.admin" permission on the server
[2024/09/04 18:16:44]:  §eand click the "Setup plugin" button to configure your plugin.
[2024/09/04 18:16:44]: 
[2024/09/04 18:16:51]: §3[nLogin] [DEBUG] [SQLite] [UPDATE]: "UPDATE `nlogin` SET `last_name` = 'akshar', `unique_id` = eed5b675241b33bda4537d68bea645d7,  `mojang_id` = null,  `bedrock_id` = null,  `password` = '$2a$10$RCEzJqjxr/TOH9elVy2U/u0mtpvY5fIZrPM6ZvCpdJEm1GJ87ifuu', `last_ip` = '0:0:0:0:0:0:0:1%0', `creation_date` = 2024-08-22 19:56:00.674, `last_seen` = 2024-09-04 18:16:50.954, `email` = null, `discord` = null, `settings` = '{"settings":[{"value":"survival","key":"last-server"},{"value":"en","key":"language"}],"version":0}' WHERE `ai` = 9" (applied to [last_ip, last_seen, settings] columns)
[2024/09/04 18:16:51]: [nLogin] The user akshar has successfully logged in.
[2024/09/04 18:17:22]: §3[nLogin] [DEBUG] [SQLite] [UPDATE]: "UPDATE `nlogin` SET `last_name` = 'akshar', `unique_id` = eed5b675241b33bda4537d68bea645d7,  `mojang_id` = null,  `bedrock_id` = null,  `password` = '$2a$10$RCEzJqjxr/TOH9elVy2U/u0mtpvY5fIZrPM6ZvCpdJEm1GJ87ifuu', `last_ip` = '0:0:0:0:0:0:0:1%0', `creation_date` = 2024-08-22 19:56:00.674, `last_seen` = 2024-09-04 18:17:22.413, `email` = null, `discord` = null, `settings` = '{"settings":[{"value":"survival","key":"last-server"},{"value":"en","key":"language"}],"version":0}' WHERE `ai` = 9" (applied to [last_seen, settings] columns)
[2024/09/04 18:39:40]: §3[nLogin] [DEBUG] [SQLite] [UPDATE]: "UPDATE `nlogin` SET `last_name` = 'skoe', `unique_id` = d1f02dac297036739c2edb2d10ae6bb9,  `mojang_id` = null,  `bedrock_id` = null,  `password` = '$2a$10$qedOaA6KRBrkziRyVOXUU.wuWTpegyNcaRnDt3VKPlbgmGKuguH7u', `last_ip` = '0:0:0:0:0:0:0:1%0', `creation_date` = 2024-08-29 19:31:13.063, `last_seen` = 2024-09-04 18:39:40.839, `email` = null, `discord` = null, `settings` = '{"settings":[{"value":"survival","key":"last-server"},{"value":"en","key":"language"}],"version":0}' WHERE `ai` = 11" (applied to [last_ip, last_seen, settings] columns)
[2024/09/04 18:39:40]: [nLogin] The user skoe has successfully logged in.
[2024/09/04 18:54:08]: §3[nLogin] [DEBUG] [SQLite] [UPDATE]: "UPDATE `nlogin` SET `last_name` = 'skoe', `unique_id` = d1f02dac297036739c2edb2d10ae6bb9,  `mojang_id` = null,  `bedrock_id` = null,  `password` = '$2a$10$qedOaA6KRBrkziRyVOXUU.wuWTpegyNcaRnDt3VKPlbgmGKuguH7u', `last_ip` = '0:0:0:0:0:0:0:1%0', `creation_date` = 2024-08-29 19:31:13.063, `last_seen` = 2024-09-04 18:54:08.663, `email` = null, `discord` = null, `settings` = '{"settings":[{"value":"survival","key":"last-server"},{"value":"en","key":"language"}],"version":0}' WHERE `ai` = 11" (applied to [last_seen, settings] columns)
[2024/09/04 18:54:22]: §3[nLogin] [DEBUG] [SQLite] [UPDATE]: "UPDATE `nlogin` SET `last_name` = 'skoe', `unique_id` = d1f02dac297036739c2edb2d10ae6bb9,  `mojang_id` = null,  `bedrock_id` = null,  `password` = '$2a$10$qedOaA6KRBrkziRyVOXUU.wuWTpegyNcaRnDt3VKPlbgmGKuguH7u', `last_ip` = '0:0:0:0:0:0:0:1%0', `creation_date` = 2024-08-29 19:31:13.063, `last_seen` = 2024-09-04 18:54:22.291, `email` = null, `discord` = null, `settings` = '{"settings":[{"value":"survival","key":"last-server"},{"value":"en","key":"language"}],"version":0}' WHERE `ai` = 11" (applied to [last_ip, last_seen, settings] columns)
[2024/09/04 18:54:22]: [nLogin] The user skoe has successfully logged in.
[2024/09/04 18:54:36]: §3[nLogin] [DEBUG] [SQLite] [UPDATE]: "UPDATE `nlogin` SET `last_name` = 'skoe', `unique_id` = d1f02dac297036739c2edb2d10ae6bb9,  `mojang_id` = null,  `bedrock_id` = null,  `password` = '$2a$10$qedOaA6KRBrkziRyVOXUU.wuWTpegyNcaRnDt3VKPlbgmGKuguH7u', `last_ip` = '0:0:0:0:0:0:0:1%0', `creation_date` = 2024-08-29 19:31:13.063, `last_seen` = 2024-09-04 18:54:36.911, `email` = null, `discord` = null, `settings` = '{"settings":[{"value":"survival","key":"last-server"},{"value":"en","key":"language"}],"version":0}' WHERE `ai` = 11" (applied to [last_seen, settings] columns)
[2024/09/04 18:54:47]: §3[nLogin] [DEBUG] [SQLite] [UPDATE]: "UPDATE `nlogin` SET `last_name` = 'skoe', `unique_id` = d1f02dac297036739c2edb2d10ae6bb9,  `mojang_id` = null,  `bedrock_id` = null,  `password` = '$2a$10$qedOaA6KRBrkziRyVOXUU.wuWTpegyNcaRnDt3VKPlbgmGKuguH7u', `last_ip` = '0:0:0:0:0:0:0:1%0', `creation_date` = 2024-08-29 19:31:13.063, `last_seen` = 2024-09-04 18:54:47.251, `email` = null, `discord` = null, `settings` = '{"settings":[{"value":"survival","key":"last-server"},{"value":"en","key":"language"}],"version":0}' WHERE `ai` = 11" (applied to [last_ip, last_seen, settings] columns)
[2024/09/04 18:54:47]: [nLogin] The user skoe has successfully logged in.
[2024/09/04 18:57:35]: §3[nLogin] [DEBUG] [SQLite] [UPDATE]: "UPDATE `nlogin` SET `last_name` = 'skoe', `unique_id` = d1f02dac297036739c2edb2d10ae6bb9,  `mojang_id` = null,  `bedrock_id` = null,  `password` = '$2a$10$qedOaA6KRBrkziRyVOXUU.wuWTpegyNcaRnDt3VKPlbgmGKuguH7u', `last_ip` = '0:0:0:0:0:0:0:1%0', `creation_date` = 2024-08-29 19:31:13.063, `last_seen` = 2024-09-04 18:57:35.661, `email` = null, `discord` = null, `settings` = '{"settings":[{"value":"survival","key":"last-server"},{"value":"en","key":"language"}],"version":0}' WHERE `ai` = 11" (applied to [last_seen, settings] columns)
