[2024/08/21 02:06:23]: §9          __             _       
[2024/08/21 02:06:23]: §9  _ __   / /  ___   __ _(_)_ __  
[2024/08/21 02:06:23]: §9 | '_ \ / /  / _ \ / _` | | '_ \ 
[2024/08/21 02:06:23]: §9 | | | / /__| (_) | (_| | | | | |
[2024/08/21 02:06:23]: §9 |_| |_\____/\___/ \__, |_|_| |_|
[2024/08/21 02:06:23]: §9                  |___/            
[2024/08/21 02:06:23]: §9 By: www.nickuc.com - V 10.3.27
[2024/08/21 02:06:23]: §9 
[2024/08/21 02:06:23]: §3[nLogin] [DEBUG] All settings were loaded in 307 ms.
[2024/08/21 02:06:24]: §3[nLogin] [DEBUG] Loading the messages_en.yml message file...
[2024/08/21 02:06:24]: §3[nLogin] [DEBUG] All plugin messages were loaded in 186 ms (languageByClient=false).
[2024/08/21 02:06:24]: §3[nLogin] [DEBUG] All proxy settings were loaded in 18 ms.
[2024/08/21 02:06:24]: §3[nLogin] [DEBUG] Loading database...
[2024/08/21 02:06:24]: §3[nLogin] [DEBUG] Starting logger filter...
[2024/08/21 02:06:29]: 
[2024/08/21 02:06:29]:  §bThank you so much for choosing nLogin! §4<3
[2024/08/21 02:06:29]: 
[2024/08/21 02:06:29]:  §4For your safety, please read the message below:
[2024/08/21 02:06:29]:   §cNever download nLogin from unknown sources.
[2024/08/21 02:06:29]:   §cA modified version may contain malicious software.
[2024/08/21 02:06:29]: 
[2024/08/21 02:06:29]:  §3Trusted sources:
[2024/08/21 02:06:29]:   §bwww.nickuc.com
[2024/08/21 02:06:29]:   §bwww.github.com/nickuc
[2024/08/21 02:06:29]:   §bOpeNLogin installer (from Spigot or GitHub)
[2024/08/21 02:06:29]: 
[2024/08/21 02:06:29]:  §3Official support channels:
[2024/08/21 02:06:29]:   §bDiscord group: §fwww.nickuc.com/discord
[2024/08/21 02:06:29]:   §bDocumentation: §fdocs.nickuc.com/nlogin/
[2024/08/21 02:06:29]:   §bEmail: §fsupport@nickuc.com
[2024/08/21 02:06:29]:   §bYouTube: §fyoutube.com/nickuc
[2024/08/21 02:06:29]: 
[2024/08/21 02:06:29]:  §eTo remove this warning, log in with "nlogin.admin" permission on the server
[2024/08/21 02:06:29]:  §eand click the "Setup plugin" button to configure your plugin.
[2024/08/21 02:06:29]: 
[2024/08/21 02:06:30]: §3[nLogin] [DEBUG] [SQLite] [UPDATE]: "UPDATE `nlogin` SET `last_name` = 'Excellent_', `unique_id` = 6dbf0628c49435fdb96c9ab59f6c43f7,  `mojang_id` = null,  `bedrock_id` = null,  `password` = '$2a$10$j6lf6Veiqo/2XwHGTc0nQONOmgRkX0ZJV04Ousf/b8/nXuPd9Rqie', `last_ip` = '0:0:0:0:0:0:0:1%0', `creation_date` = 2024-08-19 20:15:53.327, `last_seen` = 2024-08-21 02:06:30.106, `email` = null, `discord` = null, `settings` = '{"settings":[{"value":"survival","key":"last-server"},{"value":"en","key":"language"}],"version":0}' WHERE `ai` = 3" (applied to [last_ip, last_seen, settings] columns)
[2024/08/21 02:06:30]: [nLogin] The user Excellent_ has successfully logged in.
[2024/08/21 02:26:27]: §3[nLogin] [DEBUG] [SQLite] [UPDATE]: "UPDATE `nlogin` SET `last_name` = 'vilabon', `unique_id` = 1690ea36c1ab3775b8d673bea4bdcf7b,  `mojang_id` = null,  `bedrock_id` = null,  `password` = '$2a$10$jyTE9oqP79KpBrD0O/wl9egh7LxbCX3WSTsOyyeU55.TGMzR4f/HW', `last_ip` = '0:0:0:0:0:0:0:1%0', `creation_date` = 2024-08-19 23:03:18.913, `last_seen` = 2024-08-21 02:26:27.178, `email` = null, `discord` = null, `settings` = '{"settings":[{"value":"lobby","key":"last-server"},{"value":"en","key":"language"}],"version":0}' WHERE `ai` = 4" (applied to [last_ip, last_seen, settings] columns)
[2024/08/21 02:26:27]: [nLogin] The user vilabon has successfully logged in.
[2024/08/21 02:43:45]: §3[nLogin] [DEBUG] [SQLite] [UPDATE]: "UPDATE `nlogin` SET `last_name` = 'Excellent_', `unique_id` = 6dbf0628c49435fdb96c9ab59f6c43f7,  `mojang_id` = null,  `bedrock_id` = null,  `password` = '$2a$10$j6lf6Veiqo/2XwHGTc0nQONOmgRkX0ZJV04Ousf/b8/nXuPd9Rqie', `last_ip` = '0:0:0:0:0:0:0:1%0', `creation_date` = 2024-08-19 20:15:53.327, `last_seen` = 2024-08-21 02:43:45.33, `email` = null, `discord` = null, `settings` = '{"settings":[{"value":"survival","key":"last-server"},{"value":"en","key":"language"}],"version":0}' WHERE `ai` = 3" (applied to [last_seen, settings] columns)
[2024/08/21 02:44:19]: §3[nLogin] [DEBUG] [SQLite] [UPDATE]: "UPDATE `nlogin` SET `last_name` = 'Excellent_', `unique_id` = 6dbf0628c49435fdb96c9ab59f6c43f7,  `mojang_id` = null,  `bedrock_id` = null,  `password` = '$2a$10$j6lf6Veiqo/2XwHGTc0nQONOmgRkX0ZJV04Ousf/b8/nXuPd9Rqie', `last_ip` = '0:0:0:0:0:0:0:1%0', `creation_date` = 2024-08-19 20:15:53.327, `last_seen` = 2024-08-21 02:44:19.444, `email` = null, `discord` = null, `settings` = '{"settings":[{"value":"survival","key":"last-server"},{"value":"en","key":"language"}],"version":0}' WHERE `ai` = 3" (applied to [last_ip, last_seen, settings] columns)
[2024/08/21 02:44:19]: [nLogin] The user Excellent_ has successfully logged in.
[2024/08/21 02:57:11]: §3[nLogin] [DEBUG] [SQLite] [UPDATE]: "UPDATE `nlogin` SET `last_name` = 'Excellent_', `unique_id` = 6dbf0628c49435fdb96c9ab59f6c43f7,  `mojang_id` = null,  `bedrock_id` = null,  `password` = '$2a$10$j6lf6Veiqo/2XwHGTc0nQONOmgRkX0ZJV04Ousf/b8/nXuPd9Rqie', `last_ip` = '0:0:0:0:0:0:0:1%0', `creation_date` = 2024-08-19 20:15:53.327, `last_seen` = 2024-08-21 02:57:11.08, `email` = null, `discord` = null, `settings` = '{"settings":[{"value":"survival","key":"last-server"},{"value":"en","key":"language"}],"version":0}' WHERE `ai` = 3" (applied to [last_seen, settings] columns)
[2024/08/21 03:00:14]: §3[nLogin] [DEBUG] [SQLite] [UPDATE]: "UPDATE `nlogin` SET `last_name` = 'Excellent_', `unique_id` = 6dbf0628c49435fdb96c9ab59f6c43f7,  `mojang_id` = null,  `bedrock_id` = null,  `password` = '$2a$10$j6lf6Veiqo/2XwHGTc0nQONOmgRkX0ZJV04Ousf/b8/nXuPd9Rqie', `last_ip` = '0:0:0:0:0:0:0:1%0', `creation_date` = 2024-08-19 20:15:53.327, `last_seen` = 2024-08-21 03:00:14.593, `email` = null, `discord` = null, `settings` = '{"settings":[{"value":"survival","key":"last-server"},{"value":"en","key":"language"}],"version":0}' WHERE `ai` = 3" (applied to [last_ip, last_seen, settings] columns)
[2024/08/21 03:00:14]: [nLogin] The user Excellent_ has successfully logged in.
[2024/08/21 03:02:08]: §3[nLogin] [DEBUG] [SQLite] [UPDATE]: "UPDATE `nlogin` SET `last_name` = 'Excellent_', `unique_id` = 6dbf0628c49435fdb96c9ab59f6c43f7,  `mojang_id` = null,  `bedrock_id` = null,  `password` = '$2a$10$j6lf6Veiqo/2XwHGTc0nQONOmgRkX0ZJV04Ousf/b8/nXuPd9Rqie', `last_ip` = '0:0:0:0:0:0:0:1%0', `creation_date` = 2024-08-19 20:15:53.327, `last_seen` = 2024-08-21 03:02:08.829, `email` = null, `discord` = null, `settings` = '{"settings":[{"value":"survival","key":"last-server"},{"value":"en","key":"language"}],"version":0}' WHERE `ai` = 3" (applied to [last_seen, settings] columns)
[2024/08/21 03:03:37]: §3[nLogin] [DEBUG] [SQLite] [UPDATE]: "UPDATE `nlogin` SET `last_name` = 'Excellent_', `unique_id` = 6dbf0628c49435fdb96c9ab59f6c43f7,  `mojang_id` = null,  `bedrock_id` = null,  `password` = '$2a$10$j6lf6Veiqo/2XwHGTc0nQONOmgRkX0ZJV04Ousf/b8/nXuPd9Rqie', `last_ip` = '0:0:0:0:0:0:0:1%0', `creation_date` = 2024-08-19 20:15:53.327, `last_seen` = 2024-08-21 03:03:37.748, `email` = null, `discord` = null, `settings` = '{"settings":[{"value":"survival","key":"last-server"},{"value":"en","key":"language"}],"version":0}' WHERE `ai` = 3" (applied to [last_ip, last_seen, settings] columns)
[2024/08/21 03:03:37]: [nLogin] The user Excellent_ has successfully logged in.
[2024/08/21 03:16:53]: §3[nLogin] [DEBUG] [SQLite] [UPDATE]: "UPDATE `nlogin` SET `last_name` = 'Excellent_', `unique_id` = 6dbf0628c49435fdb96c9ab59f6c43f7,  `mojang_id` = null,  `bedrock_id` = null,  `password` = '$2a$10$j6lf6Veiqo/2XwHGTc0nQONOmgRkX0ZJV04Ousf/b8/nXuPd9Rqie', `last_ip` = '0:0:0:0:0:0:0:1%0', `creation_date` = 2024-08-19 20:15:53.327, `last_seen` = 2024-08-21 03:16:53.58, `email` = null, `discord` = null, `settings` = '{"settings":[{"value":"survival","key":"last-server"},{"value":"en","key":"language"}],"version":0}' WHERE `ai` = 3" (applied to [last_seen, settings] columns)
[2024/08/21 03:23:13]: §3[nLogin] [DEBUG] [SQLite] [UPDATE]: "UPDATE `nlogin` SET `last_name` = 'Excellent_', `unique_id` = 6dbf0628c49435fdb96c9ab59f6c43f7,  `mojang_id` = null,  `bedrock_id` = null,  `password` = '$2a$10$j6lf6Veiqo/2XwHGTc0nQONOmgRkX0ZJV04Ousf/b8/nXuPd9Rqie', `last_ip` = '0:0:0:0:0:0:0:1%0', `creation_date` = 2024-08-19 20:15:53.327, `last_seen` = 2024-08-21 03:23:13.469, `email` = null, `discord` = null, `settings` = '{"settings":[{"value":"survival","key":"last-server"},{"value":"en","key":"language"}],"version":0}' WHERE `ai` = 3" (applied to [last_ip, last_seen, settings] columns)
[2024/08/21 03:23:13]: [nLogin] The user Excellent_ has successfully logged in.
[2024/08/21 03:25:25]: §3[nLogin] [DEBUG] [SQLite] [UPDATE]: "UPDATE `nlogin` SET `last_name` = 'Excellent_', `unique_id` = 6dbf0628c49435fdb96c9ab59f6c43f7,  `mojang_id` = null,  `bedrock_id` = null,  `password` = '$2a$10$j6lf6Veiqo/2XwHGTc0nQONOmgRkX0ZJV04Ousf/b8/nXuPd9Rqie', `last_ip` = '0:0:0:0:0:0:0:1%0', `creation_date` = 2024-08-19 20:15:53.327, `last_seen` = 2024-08-21 03:25:25.58, `email` = null, `discord` = null, `settings` = '{"settings":[{"value":"survival","key":"last-server"},{"value":"en","key":"language"}],"version":0}' WHERE `ai` = 3" (applied to [last_seen, settings] columns)
[2024/08/21 03:26:26]: §3[nLogin] [DEBUG] [SQLite] [UPDATE]: "UPDATE `nlogin` SET `last_name` = 'Excellent_', `unique_id` = 6dbf0628c49435fdb96c9ab59f6c43f7,  `mojang_id` = null,  `bedrock_id` = null,  `password` = '$2a$10$j6lf6Veiqo/2XwHGTc0nQONOmgRkX0ZJV04Ousf/b8/nXuPd9Rqie', `last_ip` = '0:0:0:0:0:0:0:1%0', `creation_date` = 2024-08-19 20:15:53.327, `last_seen` = 2024-08-21 03:26:26.773, `email` = null, `discord` = null, `settings` = '{"settings":[{"value":"survival","key":"last-server"},{"value":"en","key":"language"}],"version":0}' WHERE `ai` = 3" (applied to [last_ip, last_seen, settings] columns)
[2024/08/21 03:26:26]: [nLogin] The user Excellent_ has successfully logged in.
[2024/08/21 03:38:09]: §3[nLogin] [DEBUG] [SQLite] [UPDATE]: "UPDATE `nlogin` SET `last_name` = 'Excellent_', `unique_id` = 6dbf0628c49435fdb96c9ab59f6c43f7,  `mojang_id` = null,  `bedrock_id` = null,  `password` = '$2a$10$j6lf6Veiqo/2XwHGTc0nQONOmgRkX0ZJV04Ousf/b8/nXuPd9Rqie', `last_ip` = '0:0:0:0:0:0:0:1%0', `creation_date` = 2024-08-19 20:15:53.327, `last_seen` = 2024-08-21 03:38:09.079, `email` = null, `discord` = null, `settings` = '{"settings":[{"value":"survival","key":"last-server"},{"value":"en","key":"language"}],"version":0}' WHERE `ai` = 3" (applied to [last_seen, settings] columns)
[2024/08/21 03:38:49]: §3[nLogin] [DEBUG] [SQLite] [UPDATE]: "UPDATE `nlogin` SET `last_name` = 'Excellent_', `unique_id` = 6dbf0628c49435fdb96c9ab59f6c43f7,  `mojang_id` = null,  `bedrock_id` = null,  `password` = '$2a$10$j6lf6Veiqo/2XwHGTc0nQONOmgRkX0ZJV04Ousf/b8/nXuPd9Rqie', `last_ip` = '0:0:0:0:0:0:0:1%0', `creation_date` = 2024-08-19 20:15:53.327, `last_seen` = 2024-08-21 03:38:49.915, `email` = null, `discord` = null, `settings` = '{"settings":[{"value":"survival","key":"last-server"},{"value":"en","key":"language"}],"version":0}' WHERE `ai` = 3" (applied to [last_ip, last_seen, settings] columns)
[2024/08/21 03:38:49]: [nLogin] The user Excellent_ has successfully logged in.
[2024/08/21 03:40:09]: §3[nLogin] [DEBUG] [SQLite] [UPDATE]: "UPDATE `nlogin` SET `last_name` = 'vilabon', `unique_id` = 1690ea36c1ab3775b8d673bea4bdcf7b,  `mojang_id` = null,  `bedrock_id` = null,  `password` = '$2a$10$jyTE9oqP79KpBrD0O/wl9egh7LxbCX3WSTsOyyeU55.TGMzR4f/HW', `last_ip` = '0:0:0:0:0:0:0:1%0', `creation_date` = 2024-08-19 23:03:18.913, `last_seen` = 2024-08-21 03:40:09.08, `email` = null, `discord` = null, `settings` = '{"settings":[{"value":"survival","key":"last-server"},{"value":"en","key":"language"}],"version":0}' WHERE `ai` = 4" (applied to [last_seen, settings] columns)
[2024/08/21 03:40:11]: §3[nLogin] [DEBUG] [SQLite] [UPDATE]: "UPDATE `nlogin` SET `last_name` = 'Excellent_', `unique_id` = 6dbf0628c49435fdb96c9ab59f6c43f7,  `mojang_id` = null,  `bedrock_id` = null,  `password` = '$2a$10$j6lf6Veiqo/2XwHGTc0nQONOmgRkX0ZJV04Ousf/b8/nXuPd9Rqie', `last_ip` = '0:0:0:0:0:0:0:1%0', `creation_date` = 2024-08-19 20:15:53.327, `last_seen` = 2024-08-21 03:40:11.08, `email` = null, `discord` = null, `settings` = '{"settings":[{"value":"survival","key":"last-server"},{"value":"en","key":"language"}],"version":0}' WHERE `ai` = 3" (applied to [last_seen, settings] columns)
[2024/08/21 03:40:24]: §3[nLogin] [DEBUG] [SQLite] [UPDATE]: "UPDATE `nlogin` SET `last_name` = 'Excellent_', `unique_id` = 6dbf0628c49435fdb96c9ab59f6c43f7,  `mojang_id` = null,  `bedrock_id` = null,  `password` = '$2a$10$j6lf6Veiqo/2XwHGTc0nQONOmgRkX0ZJV04Ousf/b8/nXuPd9Rqie', `last_ip` = '0:0:0:0:0:0:0:1%0', `creation_date` = 2024-08-19 20:15:53.327, `last_seen` = 2024-08-21 03:40:24.029, `email` = null, `discord` = null, `settings` = '{"settings":[{"value":"survival","key":"last-server"},{"value":"en","key":"language"}],"version":0}' WHERE `ai` = 3" (applied to [last_ip, last_seen, settings] columns)
[2024/08/21 03:40:24]: [nLogin] The user Excellent_ has successfully logged in.
[2024/08/21 03:59:05]: §3[nLogin] [DEBUG] [SQLite] [UPDATE]: "UPDATE `nlogin` SET `last_name` = 'Excellent_', `unique_id` = 6dbf0628c49435fdb96c9ab59f6c43f7,  `mojang_id` = null,  `bedrock_id` = null,  `password` = '$2a$10$j6lf6Veiqo/2XwHGTc0nQONOmgRkX0ZJV04Ousf/b8/nXuPd9Rqie', `last_ip` = '0:0:0:0:0:0:0:1%0', `creation_date` = 2024-08-19 20:15:53.327, `last_seen` = 2024-08-21 03:59:05.33, `email` = null, `discord` = null, `settings` = '{"settings":[{"value":"survival","key":"last-server"},{"value":"en","key":"language"}],"version":0}' WHERE `ai` = 3" (applied to [last_seen, settings] columns)
[2024/08/21 03:59:11]: §3[nLogin] [DEBUG] [SQLite] [UPDATE]: "UPDATE `nlogin` SET `last_name` = 'Excellent_', `unique_id` = 6dbf0628c49435fdb96c9ab59f6c43f7,  `mojang_id` = null,  `bedrock_id` = null,  `password` = '$2a$10$j6lf6Veiqo/2XwHGTc0nQONOmgRkX0ZJV04Ousf/b8/nXuPd9Rqie', `last_ip` = '0:0:0:0:0:0:0:1%0', `creation_date` = 2024-08-19 20:15:53.327, `last_seen` = 2024-08-21 03:59:11.578, `email` = null, `discord` = null, `settings` = '{"settings":[{"value":"survival","key":"last-server"},{"value":"en","key":"language"}],"version":0}' WHERE `ai` = 3" (applied to [last_ip, last_seen, settings] columns)
[2024/08/21 03:59:11]: [nLogin] The user Excellent_ has successfully logged in.
[2024/08/21 04:06:42]: §3[nLogin] [DEBUG] [SQLite] [UPDATE]: "UPDATE `nlogin` SET `last_name` = 'Excellent_', `unique_id` = 6dbf0628c49435fdb96c9ab59f6c43f7,  `mojang_id` = null,  `bedrock_id` = null,  `password` = '$2a$10$j6lf6Veiqo/2XwHGTc0nQONOmgRkX0ZJV04Ousf/b8/nXuPd9Rqie', `last_ip` = '0:0:0:0:0:0:0:1%0', `creation_date` = 2024-08-19 20:15:53.327, `last_seen` = 2024-08-21 04:06:42.33, `email` = null, `discord` = null, `settings` = '{"settings":[{"value":"survival","key":"last-server"},{"value":"en","key":"language"}],"version":0}' WHERE `ai` = 3" (applied to [last_seen, settings] columns)
[2024/08/21 04:07:47]: §3[nLogin] [DEBUG] [SQLite] [UPDATE]: "UPDATE `nlogin` SET `last_name` = 'Excellent_', `unique_id` = 6dbf0628c49435fdb96c9ab59f6c43f7,  `mojang_id` = null,  `bedrock_id` = null,  `password` = '$2a$10$j6lf6Veiqo/2XwHGTc0nQONOmgRkX0ZJV04Ousf/b8/nXuPd9Rqie', `last_ip` = '0:0:0:0:0:0:0:1%0', `creation_date` = 2024-08-19 20:15:53.327, `last_seen` = 2024-08-21 04:07:47.219, `email` = null, `discord` = null, `settings` = '{"settings":[{"value":"survival","key":"last-server"},{"value":"en","key":"language"}],"version":0}' WHERE `ai` = 3" (applied to [last_ip, last_seen, settings] columns)
[2024/08/21 04:07:47]: [nLogin] The user Excellent_ has successfully logged in.
[2024/08/21 04:15:19]: §3[nLogin] [DEBUG] [SQLite] [UPDATE]: "UPDATE `nlogin` SET `last_name` = 'Excellent_', `unique_id` = 6dbf0628c49435fdb96c9ab59f6c43f7,  `mojang_id` = null,  `bedrock_id` = null,  `password` = '$2a$10$j6lf6Veiqo/2XwHGTc0nQONOmgRkX0ZJV04Ousf/b8/nXuPd9Rqie', `last_ip` = '0:0:0:0:0:0:0:1%0', `creation_date` = 2024-08-19 20:15:53.327, `last_seen` = 2024-08-21 04:15:19.329, `email` = null, `discord` = null, `settings` = '{"settings":[{"value":"survival","key":"last-server"},{"value":"en","key":"language"}],"version":0}' WHERE `ai` = 3" (applied to [last_seen, settings] columns)
[2024/08/21 04:16:04]: §3[nLogin] [DEBUG] [SQLite] [UPDATE]: "UPDATE `nlogin` SET `last_name` = 'Excellent_', `unique_id` = 6dbf0628c49435fdb96c9ab59f6c43f7,  `mojang_id` = null,  `bedrock_id` = null,  `password` = '$2a$10$j6lf6Veiqo/2XwHGTc0nQONOmgRkX0ZJV04Ousf/b8/nXuPd9Rqie', `last_ip` = '0:0:0:0:0:0:0:1%0', `creation_date` = 2024-08-19 20:15:53.327, `last_seen` = 2024-08-21 04:16:04.482, `email` = null, `discord` = null, `settings` = '{"settings":[{"value":"survival","key":"last-server"},{"value":"en","key":"language"}],"version":0}' WHERE `ai` = 3" (applied to [last_ip, last_seen, settings] columns)
[2024/08/21 04:16:04]: [nLogin] The user Excellent_ has successfully logged in.
[2024/08/21 04:32:10]: §3[nLogin] [DEBUG] [SQLite] [UPDATE]: "UPDATE `nlogin` SET `last_name` = 'vilabon', `unique_id` = 1690ea36c1ab3775b8d673bea4bdcf7b,  `mojang_id` = null,  `bedrock_id` = null,  `password` = '$2a$10$jyTE9oqP79KpBrD0O/wl9egh7LxbCX3WSTsOyyeU55.TGMzR4f/HW', `last_ip` = '0:0:0:0:0:0:0:1%0', `creation_date` = 2024-08-19 23:03:18.913, `last_seen` = 2024-08-21 04:32:10.766, `email` = null, `discord` = null, `settings` = '{"settings":[{"value":"survival","key":"last-server"},{"value":"en","key":"language"}],"version":0}' WHERE `ai` = 4" (applied to [last_ip, last_seen, settings] columns)
[2024/08/21 04:32:10]: [nLogin] The user vilabon has successfully logged in.
[2024/08/21 04:32:22]: §3[nLogin] [DEBUG] [SQLite] [UPDATE]: "UPDATE `nlogin` SET `last_name` = 'vilabon', `unique_id` = 1690ea36c1ab3775b8d673bea4bdcf7b,  `mojang_id` = null,  `bedrock_id` = null,  `password` = '$2a$10$jyTE9oqP79KpBrD0O/wl9egh7LxbCX3WSTsOyyeU55.TGMzR4f/HW', `last_ip` = '0:0:0:0:0:0:0:1%0', `creation_date` = 2024-08-19 23:03:18.913, `last_seen` = 2024-08-21 04:32:22.33, `email` = null, `discord` = null, `settings` = '{"settings":[{"value":"survival","key":"last-server"},{"value":"en","key":"language"}],"version":0}' WHERE `ai` = 4" (applied to [last_seen, settings] columns)
[2024/08/21 04:32:34]: §3[nLogin] [DEBUG] [SQLite] [UPDATE]: "UPDATE `nlogin` SET `last_name` = 'vilabon', `unique_id` = 1690ea36c1ab3775b8d673bea4bdcf7b,  `mojang_id` = null,  `bedrock_id` = null,  `password` = '$2a$10$jyTE9oqP79KpBrD0O/wl9egh7LxbCX3WSTsOyyeU55.TGMzR4f/HW', `last_ip` = '0:0:0:0:0:0:0:1%0', `creation_date` = 2024-08-19 23:03:18.913, `last_seen` = 2024-08-21 04:32:34.102, `email` = null, `discord` = null, `settings` = '{"settings":[{"value":"survival","key":"last-server"},{"value":"en","key":"language"}],"version":0}' WHERE `ai` = 4" (applied to [last_ip, last_seen, settings] columns)
[2024/08/21 04:32:34]: [nLogin] The user vilabon has successfully logged in.
[2024/08/21 04:32:47]: §3[nLogin] [DEBUG] [SQLite] [UPDATE]: "UPDATE `nlogin` SET `last_name` = 'vilabon', `unique_id` = 1690ea36c1ab3775b8d673bea4bdcf7b,  `mojang_id` = null,  `bedrock_id` = null,  `password` = '$2a$10$jyTE9oqP79KpBrD0O/wl9egh7LxbCX3WSTsOyyeU55.TGMzR4f/HW', `last_ip` = '0:0:0:0:0:0:0:1%0', `creation_date` = 2024-08-19 23:03:18.913, `last_seen` = 2024-08-21 04:32:47.079, `email` = null, `discord` = null, `settings` = '{"settings":[{"value":"survival","key":"last-server"},{"value":"en","key":"language"}],"version":0}' WHERE `ai` = 4" (applied to [last_seen, settings] columns)
[2024/08/21 04:32:57]: §3[nLogin] [DEBUG] [SQLite] [UPDATE]: "UPDATE `nlogin` SET `last_name` = 'vilabon', `unique_id` = 1690ea36c1ab3775b8d673bea4bdcf7b,  `mojang_id` = null,  `bedrock_id` = null,  `password` = '$2a$10$jyTE9oqP79KpBrD0O/wl9egh7LxbCX3WSTsOyyeU55.TGMzR4f/HW', `last_ip` = '0:0:0:0:0:0:0:1%0', `creation_date` = 2024-08-19 23:03:18.913, `last_seen` = 2024-08-21 04:32:57.703, `email` = null, `discord` = null, `settings` = '{"settings":[{"value":"survival","key":"last-server"},{"value":"en","key":"language"}],"version":0}' WHERE `ai` = 4" (applied to [last_ip, last_seen, settings] columns)
[2024/08/21 04:32:57]: [nLogin] The user vilabon has successfully logged in.
[2024/08/21 04:33:10]: §3[nLogin] [DEBUG] [SQLite] [UPDATE]: "UPDATE `nlogin` SET `last_name` = 'vilabon', `unique_id` = 1690ea36c1ab3775b8d673bea4bdcf7b,  `mojang_id` = null,  `bedrock_id` = null,  `password` = '$2a$10$jyTE9oqP79KpBrD0O/wl9egh7LxbCX3WSTsOyyeU55.TGMzR4f/HW', `last_ip` = '0:0:0:0:0:0:0:1%0', `creation_date` = 2024-08-19 23:03:18.913, `last_seen` = 2024-08-21 04:33:10.33, `email` = null, `discord` = null, `settings` = '{"settings":[{"value":"survival","key":"last-server"},{"value":"en","key":"language"}],"version":0}' WHERE `ai` = 4" (applied to [last_seen, settings] columns)
[2024/08/21 04:33:53]: §3[nLogin] [DEBUG] [SQLite] [UPDATE]: "UPDATE `nlogin` SET `last_name` = 'vilabon', `unique_id` = 1690ea36c1ab3775b8d673bea4bdcf7b,  `mojang_id` = null,  `bedrock_id` = null,  `password` = '$2a$10$jyTE9oqP79KpBrD0O/wl9egh7LxbCX3WSTsOyyeU55.TGMzR4f/HW', `last_ip` = '0:0:0:0:0:0:0:1%0', `creation_date` = 2024-08-19 23:03:18.913, `last_seen` = 2024-08-21 04:33:53.918, `email` = null, `discord` = null, `settings` = '{"settings":[{"value":"survival","key":"last-server"},{"value":"en","key":"language"}],"version":0}' WHERE `ai` = 4" (applied to [last_ip, last_seen, settings] columns)
[2024/08/21 04:33:53]: [nLogin] The user vilabon has successfully logged in.
[2024/08/21 04:37:47]: §3[nLogin] [DEBUG] [SQLite] [UPDATE]: "UPDATE `nlogin` SET `last_name` = 'test1', `unique_id` = 889dcaa5928a37e49220e2da97df0d9b,  `mojang_id` = null,  `bedrock_id` = null,  `password` = '$2a$10$WVi.pMyG.AX76ELqGSmj/upM05qsfyjxmj3Qrd3oY6Yp.a0GT5pn6', `last_ip` = '0:0:0:0:0:0:0:1%0', `creation_date` = 2024-08-19 23:10:59.274, `last_seen` = 2024-08-21 04:37:47.585, `email` = null, `discord` = null, `settings` = '{"settings":[{"value":"survival","key":"last-server"},{"value":"en","key":"language"}],"version":0}' WHERE `ai` = 5" (applied to [last_ip, last_seen, settings] columns)
[2024/08/21 04:37:47]: [nLogin] The user test1 has successfully logged in.
[2024/08/21 05:53:15]: §3[nLogin] [DEBUG] [SQLite] [UPDATE]: "UPDATE `nlogin` SET `last_name` = 'Excellent_', `unique_id` = 6dbf0628c49435fdb96c9ab59f6c43f7,  `mojang_id` = null,  `bedrock_id` = null,  `password` = '$2a$10$j6lf6Veiqo/2XwHGTc0nQONOmgRkX0ZJV04Ousf/b8/nXuPd9Rqie', `last_ip` = '0:0:0:0:0:0:0:1%0', `creation_date` = 2024-08-19 20:15:53.327, `last_seen` = 2024-08-21 05:53:15.709, `email` = null, `discord` = null, `settings` = '{"settings":[{"value":"survival","key":"last-server"},{"value":"en","key":"language"}],"version":0}' WHERE `ai` = 3" (applied to [last_seen, settings] columns)
[2024/08/21 05:53:27]: §3[nLogin] [DEBUG] [SQLite] [UPDATE]: "UPDATE `nlogin` SET `last_name` = 'Excellent_', `unique_id` = 6dbf0628c49435fdb96c9ab59f6c43f7,  `mojang_id` = null,  `bedrock_id` = null,  `password` = '$2a$10$j6lf6Veiqo/2XwHGTc0nQONOmgRkX0ZJV04Ousf/b8/nXuPd9Rqie', `last_ip` = '0:0:0:0:0:0:0:1%0', `creation_date` = 2024-08-19 20:15:53.327, `last_seen` = 2024-08-21 05:53:27.472, `email` = null, `discord` = null, `settings` = '{"settings":[{"value":"survival","key":"last-server"},{"value":"en","key":"language"}],"version":0}' WHERE `ai` = 3" (applied to [last_ip, last_seen, settings] columns)
[2024/08/21 05:53:27]: [nLogin] The user Excellent_ has successfully logged in.
[2024/08/21 06:00:58]: §3[nLogin] [DEBUG] [SQLite] [UPDATE]: "UPDATE `nlogin` SET `last_name` = 'test1', `unique_id` = 889dcaa5928a37e49220e2da97df0d9b,  `mojang_id` = null,  `bedrock_id` = null,  `password` = '$2a$10$WVi.pMyG.AX76ELqGSmj/upM05qsfyjxmj3Qrd3oY6Yp.a0GT5pn6', `last_ip` = '0:0:0:0:0:0:0:1%0', `creation_date` = 2024-08-19 23:10:59.274, `last_seen` = 2024-08-21 06:00:58.871, `email` = null, `discord` = null, `settings` = '{"settings":[{"value":"survival","key":"last-server"},{"value":"en","key":"language"}],"version":0}' WHERE `ai` = 5" (applied to [last_seen, settings] columns)
[2024/08/21 06:01:09]: §3[nLogin] [DEBUG] [SQLite] [UPDATE]: "UPDATE `nlogin` SET `last_name` = 'Excellent_', `unique_id` = 6dbf0628c49435fdb96c9ab59f6c43f7,  `mojang_id` = null,  `bedrock_id` = null,  `password` = '$2a$10$j6lf6Veiqo/2XwHGTc0nQONOmgRkX0ZJV04Ousf/b8/nXuPd9Rqie', `last_ip` = '0:0:0:0:0:0:0:1%0', `creation_date` = 2024-08-19 20:15:53.327, `last_seen` = 2024-08-21 06:01:09.092, `email` = null, `discord` = null, `settings` = '{"settings":[{"value":"survival","key":"last-server"},{"value":"en","key":"language"}],"version":0}' WHERE `ai` = 3" (applied to [last_seen, settings] columns)
[2024/08/21 06:01:11]: §3[nLogin] [DEBUG] [SQLite] [UPDATE]: "UPDATE `nlogin` SET `last_name` = 'vilabon', `unique_id` = 1690ea36c1ab3775b8d673bea4bdcf7b,  `mojang_id` = null,  `bedrock_id` = null,  `password` = '$2a$10$jyTE9oqP79KpBrD0O/wl9egh7LxbCX3WSTsOyyeU55.TGMzR4f/HW', `last_ip` = '0:0:0:0:0:0:0:1%0', `creation_date` = 2024-08-19 23:03:18.913, `last_seen` = 2024-08-21 06:01:11.644, `email` = null, `discord` = null, `settings` = '{"settings":[{"value":"survival","key":"last-server"},{"value":"en","key":"language"}],"version":0}' WHERE `ai` = 4" (applied to [last_seen, settings] columns)
