[2024/08/26 19:04:32]: §9          __             _       
[2024/08/26 19:04:32]: §9  _ __   / /  ___   __ _(_)_ __  
[2024/08/26 19:04:32]: §9 | '_ \ / /  / _ \ / _` | | '_ \ 
[2024/08/26 19:04:32]: §9 | | | / /__| (_) | (_| | | | | |
[2024/08/26 19:04:32]: §9 |_| |_\____/\___/ \__, |_|_| |_|
[2024/08/26 19:04:32]: §9                  |___/            
[2024/08/26 19:04:32]: §9 By: www.nickuc.com - V 10.3.27
[2024/08/26 19:04:32]: §9 
[2024/08/26 19:04:33]: §3[nLogin] [DEBUG] All settings were loaded in 695 ms.
[2024/08/26 19:04:33]: §3[nLogin] [DEBUG] Loading the messages_en.yml message file...
[2024/08/26 19:04:33]: §3[nLogin] [DEBUG] All plugin messages were loaded in 397 ms (languageByClient=false).
[2024/08/26 19:04:33]: §3[nLogin] [DEBUG] All proxy settings were loaded in 29 ms.
[2024/08/26 19:04:33]: §3[nLogin] [DEBUG] Loading database...
[2024/08/26 19:04:34]: §3[nLogin] [DEBUG] Starting logger filter...
[2024/08/26 19:04:40]: 
[2024/08/26 19:04:40]:  §bThank you so much for choosing nLogin! §4<3
[2024/08/26 19:04:40]: 
[2024/08/26 19:04:40]:  §4For your safety, please read the message below:
[2024/08/26 19:04:40]:   §cNever download nLogin from unknown sources.
[2024/08/26 19:04:40]:   §cA modified version may contain malicious software.
[2024/08/26 19:04:40]: 
[2024/08/26 19:04:40]:  §3Trusted sources:
[2024/08/26 19:04:40]:   §bwww.nickuc.com
[2024/08/26 19:04:40]:   §bwww.github.com/nickuc
[2024/08/26 19:04:40]:   §bOpeNLogin installer (from Spigot or GitHub)
[2024/08/26 19:04:40]: 
[2024/08/26 19:04:40]:  §3Official support channels:
[2024/08/26 19:04:40]:   §bDiscord group: §fwww.nickuc.com/discord
[2024/08/26 19:04:40]:   §bDocumentation: §fdocs.nickuc.com/nlogin/
[2024/08/26 19:04:40]:   §bEmail: §fsupport@nickuc.com
[2024/08/26 19:04:40]:   §bYouTube: §fyoutube.com/nickuc
[2024/08/26 19:04:40]: 
[2024/08/26 19:04:40]:  §eTo remove this warning, log in with "nlogin.admin" permission on the server
[2024/08/26 19:04:40]:  §eand click the "Setup plugin" button to configure your plugin.
[2024/08/26 19:04:40]: 
[2024/08/26 19:05:18]: §3[nLogin] [DEBUG] The akshar (0:0:0:0:0:0:0:1%0) player entered an incorrect password
[2024/08/26 19:05:27]: §3[nLogin] [DEBUG] The akshar (0:0:0:0:0:0:0:1%0) player entered an incorrect password
[2024/08/26 19:06:06]: §3[nLogin] [DEBUG] [SQLite] [UPDATE]: "UPDATE `nlogin` SET `last_name` = 'akshar', `unique_id` = eed5b675241b33bda4537d68bea645d7,  `mojang_id` = null,  `bedrock_id` = null,  `password` = '$2a$10$RCEzJqjxr/TOH9elVy2U/u0mtpvY5fIZrPM6ZvCpdJEm1GJ87ifuu', `last_ip` = '0:0:0:0:0:0:0:1%0', `creation_date` = 2024-08-22 19:56:00.674, `last_seen` = 2024-08-26 19:06:06.591, `email` = null, `discord` = null, `settings` = '{"settings":[{"value":"survival","key":"last-server"},{"value":"en","key":"language"}],"version":0}' WHERE `ai` = 9" (applied to [last_ip, last_seen, settings] columns)
[2024/08/26 19:06:06]: [nLogin] The user akshar has successfully logged in.
[2024/08/26 19:38:26]: §3[nLogin] [DEBUG] [SQLite] [UPDATE]: "UPDATE `nlogin` SET `last_name` = 'Excellent_', `unique_id` = 6dbf0628c49435fdb96c9ab59f6c43f7,  `mojang_id` = null,  `bedrock_id` = null,  `password` = '$2a$10$j6lf6Veiqo/2XwHGTc0nQONOmgRkX0ZJV04Ousf/b8/nXuPd9Rqie', `last_ip` = '0:0:0:0:0:0:0:1%0', `creation_date` = 2024-08-19 20:15:53.327, `last_seen` = 2024-08-26 19:38:26.017, `email` = null, `discord` = null, `settings` = '{"settings":[{"value":"survival","key":"last-server"},{"value":"en","key":"language"}],"version":0}' WHERE `ai` = 3" (applied to [last_ip, last_seen, settings] columns)
[2024/08/26 19:38:26]: [nLogin] The user Excellent_ has successfully logged in.
[2024/08/26 19:53:27]: §3[nLogin] [DEBUG] [SQLite] [UPDATE]: "UPDATE `nlogin` SET `last_name` = 'Excellent_', `unique_id` = 6dbf0628c49435fdb96c9ab59f6c43f7,  `mojang_id` = null,  `bedrock_id` = null,  `password` = '$2a$10$j6lf6Veiqo/2XwHGTc0nQONOmgRkX0ZJV04Ousf/b8/nXuPd9Rqie', `last_ip` = '0:0:0:0:0:0:0:1%0', `creation_date` = 2024-08-19 20:15:53.327, `last_seen` = 2024-08-26 19:53:27.806, `email` = null, `discord` = null, `settings` = '{"settings":[{"value":"survival","key":"last-server"},{"value":"en","key":"language"}],"version":0}' WHERE `ai` = 3" (applied to [last_seen, settings] columns)
[2024/08/26 19:53:29]: §3[nLogin] [DEBUG] [SQLite] [UPDATE]: "UPDATE `nlogin` SET `last_name` = 'akshar', `unique_id` = eed5b675241b33bda4537d68bea645d7,  `mojang_id` = null,  `bedrock_id` = null,  `password` = '$2a$10$RCEzJqjxr/TOH9elVy2U/u0mtpvY5fIZrPM6ZvCpdJEm1GJ87ifuu', `last_ip` = '0:0:0:0:0:0:0:1%0', `creation_date` = 2024-08-22 19:56:00.674, `last_seen` = 2024-08-26 19:53:29.154, `email` = null, `discord` = null, `settings` = '{"settings":[{"value":"survival","key":"last-server"},{"value":"en","key":"language"}],"version":0}' WHERE `ai` = 9" (applied to [last_seen, settings] columns)
