[2024/08/27 18:35:51]: §9          __             _       
[2024/08/27 18:35:51]: §9  _ __   / /  ___   __ _(_)_ __  
[2024/08/27 18:35:51]: §9 | '_ \ / /  / _ \ / _` | | '_ \ 
[2024/08/27 18:35:51]: §9 | | | / /__| (_) | (_| | | | | |
[2024/08/27 18:35:51]: §9 |_| |_\____/\___/ \__, |_|_| |_|
[2024/08/27 18:35:51]: §9                  |___/            
[2024/08/27 18:35:51]: §9 By: www.nickuc.com - V 10.3.27
[2024/08/27 18:35:51]: §9 
[2024/08/27 18:35:52]: §3[nLogin] [DEBUG] All settings were loaded in 399 ms.
[2024/08/27 18:35:52]: §3[nLogin] [DEBUG] Loading the messages_en.yml message file...
[2024/08/27 18:35:52]: §3[nLogin] [DEBUG] All plugin messages were loaded in 275 ms (languageByClient=false).
[2024/08/27 18:35:52]: §3[nLogin] [DEBUG] All proxy settings were loaded in 24 ms.
[2024/08/27 18:35:52]: §3[nLogin] [DEBUG] Loading database...
[2024/08/27 18:35:53]: §3[nLogin] [DEBUG] Starting logger filter...
[2024/08/27 18:35:58]: 
[2024/08/27 18:35:58]:  §bThank you so much for choosing nLogin! §4<3
[2024/08/27 18:35:58]: 
[2024/08/27 18:35:58]:  §4For your safety, please read the message below:
[2024/08/27 18:35:58]:   §cNever download nLogin from unknown sources.
[2024/08/27 18:35:58]:   §cA modified version may contain malicious software.
[2024/08/27 18:35:58]: 
[2024/08/27 18:35:58]:  §3Trusted sources:
[2024/08/27 18:35:58]:   §bwww.nickuc.com
[2024/08/27 18:35:58]:   §bwww.github.com/nickuc
[2024/08/27 18:35:58]:   §bOpeNLogin installer (from Spigot or GitHub)
[2024/08/27 18:35:58]: 
[2024/08/27 18:35:58]:  §3Official support channels:
[2024/08/27 18:35:58]:   §bDiscord group: §fwww.nickuc.com/discord
[2024/08/27 18:35:58]:   §bDocumentation: §fdocs.nickuc.com/nlogin/
[2024/08/27 18:35:58]:   §bEmail: §fsupport@nickuc.com
[2024/08/27 18:35:58]:   §bYouTube: §fyoutube.com/nickuc
[2024/08/27 18:35:58]: 
[2024/08/27 18:35:58]:  §eTo remove this warning, log in with "nlogin.admin" permission on the server
[2024/08/27 18:35:58]:  §eand click the "Setup plugin" button to configure your plugin.
[2024/08/27 18:35:58]: 
[2024/08/27 18:36:28]: §3[nLogin] [DEBUG] [SQLite] [UPDATE]: "INSERT INTO `nlogin` (`last_name`, `unique_id`, `mojang_id`, `bedrock_id`, `password`, `last_ip`, `creation_date`, `last_seen`, `email`, `discord`, `settings`) VALUES ('makr', 28dcb1b6a2f9324f91af869ebb1218d9, null, null, '$2a$10$C5GFeYFIDXPC0jgPIhzM3eQjijwbwgm00KgUG1AAEVf.hPW20UQ2S', '0:0:0:0:0:0:0:1%0', '2024-08-27 18:36:28.5', '2024-08-27 18:36:28.5', null, null, null)" (applied to all columns)
[2024/08/27 18:36:28]: [nLogin] The user makr has successfully registered.
[2024/08/27 18:49:22]: §3[nLogin] [DEBUG] [SQLite] [UPDATE]: "UPDATE `nlogin` SET `last_name` = 'makr', `unique_id` = 28dcb1b6a2f9324f91af869ebb1218d9,  `mojang_id` = null,  `bedrock_id` = null,  `password` = '$2a$10$C5GFeYFIDXPC0jgPIhzM3eQjijwbwgm00KgUG1AAEVf.hPW20UQ2S', `last_ip` = '0:0:0:0:0:0:0:1%0', `creation_date` = 2024-08-27 18:36:28.5, `last_seen` = 2024-08-27 18:49:22.323, `email` = null, `discord` = null, `settings` = '{"settings":[{"value":"survival","key":"last-server"},{"value":"en","key":"language"}],"version":0}' WHERE `ai` = 10" (applied to [last_seen, settings] columns)
[2024/08/27 19:23:09]: §3[nLogin] [DEBUG] [SQLite] [UPDATE]: "UPDATE `nlogin` SET `last_name` = 'Excellent_', `unique_id` = 6dbf0628c49435fdb96c9ab59f6c43f7,  `mojang_id` = null,  `bedrock_id` = null,  `password` = '$2a$10$j6lf6Veiqo/2XwHGTc0nQONOmgRkX0ZJV04Ousf/b8/nXuPd9Rqie', `last_ip` = '0:0:0:0:0:0:0:1%0', `creation_date` = 2024-08-19 20:15:53.327, `last_seen` = 2024-08-27 19:23:09.056, `email` = null, `discord` = null, `settings` = '{"settings":[{"value":"survival","key":"last-server"},{"value":"en","key":"language"}],"version":0}' WHERE `ai` = 3" (applied to [last_ip, last_seen, settings] columns)
[2024/08/27 19:23:09]: [nLogin] The user Excellent_ has successfully logged in.
[2024/08/27 19:30:06]: §3[nLogin] [DEBUG] [SQLite] [UPDATE]: "UPDATE `nlogin` SET `last_name` = 'Excellent_', `unique_id` = 6dbf0628c49435fdb96c9ab59f6c43f7,  `mojang_id` = null,  `bedrock_id` = null,  `password` = '$2a$10$j6lf6Veiqo/2XwHGTc0nQONOmgRkX0ZJV04Ousf/b8/nXuPd9Rqie', `last_ip` = '0:0:0:0:0:0:0:1%0', `creation_date` = 2024-08-19 20:15:53.327, `last_seen` = 2024-08-27 19:30:06.325, `email` = null, `discord` = null, `settings` = '{"settings":[{"value":"survival","key":"last-server"},{"value":"en","key":"language"}],"version":0}' WHERE `ai` = 3" (applied to [last_seen, settings] columns)
[2024/08/27 19:30:24]: §3[nLogin] [DEBUG] The koqp (0:0:0:0:0:0:0:1%0) player entered an incorrect password
[2024/08/27 19:30:29]: §3[nLogin] [DEBUG] [SQLite] [UPDATE]: "UPDATE `nlogin` SET `last_name` = 'koqp', `unique_id` = 4df59a0e37e73657a85e01465b119dfe,  `mojang_id` = null,  `bedrock_id` = null,  `password` = '$2a$10$Mouv8c4qyNOkg5cqYl1JQuGvUtUqSX1W.JoiMXPY8/IwE1hsZb.xu', `last_ip` = '0:0:0:0:0:0:0:1%0', `creation_date` = 2024-08-19 05:30:32.744, `last_seen` = 2024-08-27 19:30:29.287, `email` = null, `discord` = null, `settings` = '{"settings":[{"value":"survival","key":"last-server"},{"value":"en","key":"language"}],"version":0}' WHERE `ai` = 1" (applied to [last_ip, last_seen, settings] columns)
[2024/08/27 19:30:29]: [nLogin] The user koqp has successfully logged in.
[2024/08/27 19:31:04]: §3[nLogin] [DEBUG] [SQLite] [UPDATE]: "UPDATE `nlogin` SET `last_name` = 'akshar', `unique_id` = eed5b675241b33bda4537d68bea645d7,  `mojang_id` = null,  `bedrock_id` = null,  `password` = '$2a$10$RCEzJqjxr/TOH9elVy2U/u0mtpvY5fIZrPM6ZvCpdJEm1GJ87ifuu', `last_ip` = '0:0:0:0:0:0:0:1%0', `creation_date` = 2024-08-22 19:56:00.674, `last_seen` = 2024-08-27 19:31:04.292, `email` = null, `discord` = null, `settings` = '{"settings":[{"value":"survival","key":"last-server"},{"value":"en","key":"language"}],"version":0}' WHERE `ai` = 9" (applied to [last_ip, last_seen, settings] columns)
[2024/08/27 19:31:04]: [nLogin] The user akshar has successfully logged in.
[2024/08/27 19:39:43]: §3[nLogin] [DEBUG] [SQLite] [UPDATE]: "UPDATE `nlogin` SET `last_name` = 'koqp', `unique_id` = 4df59a0e37e73657a85e01465b119dfe,  `mojang_id` = null,  `bedrock_id` = null,  `password` = '$2a$10$Mouv8c4qyNOkg5cqYl1JQuGvUtUqSX1W.JoiMXPY8/IwE1hsZb.xu', `last_ip` = '0:0:0:0:0:0:0:1%0', `creation_date` = 2024-08-19 05:30:32.744, `last_seen` = 2024-08-27 19:39:43.901, `email` = null, `discord` = null, `settings` = '{"settings":[{"value":"survival","key":"last-server"},{"value":"en","key":"language"}],"version":0}' WHERE `ai` = 1" (applied to [last_seen, settings] columns)
[2024/08/27 19:39:58]: §3[nLogin] [DEBUG] [SQLite] [UPDATE]: "UPDATE `nlogin` SET `last_name` = 'Excellent_', `unique_id` = 6dbf0628c49435fdb96c9ab59f6c43f7,  `mojang_id` = null,  `bedrock_id` = null,  `password` = '$2a$10$j6lf6Veiqo/2XwHGTc0nQONOmgRkX0ZJV04Ousf/b8/nXuPd9Rqie', `last_ip` = '0:0:0:0:0:0:0:1%0', `creation_date` = 2024-08-19 20:15:53.327, `last_seen` = 2024-08-27 19:39:58.3, `email` = null, `discord` = null, `settings` = '{"settings":[{"value":"survival","key":"last-server"},{"value":"en","key":"language"}],"version":0}' WHERE `ai` = 3" (applied to [last_ip, last_seen, settings] columns)
[2024/08/27 19:39:58]: [nLogin] The user Excellent_ has successfully logged in.
[2024/08/27 19:43:33]: §3[nLogin] [DEBUG] [SQLite] [UPDATE]: "UPDATE `nlogin` SET `last_name` = 'Aydanthethug', `unique_id` = 442ee9fd023b3186b1ef31fc13a15fb3,  `mojang_id` = null,  `bedrock_id` = null,  `password` = '$2a$10$/MsbzZI/ZaWnm9JoH0GE6O46otYHEvWYfVYF980490rZ7SDbA63KG', `last_ip` = '0:0:0:0:0:0:0:1%0', `creation_date` = 2024-08-22 19:52:40.819, `last_seen` = 2024-08-27 19:43:33.809, `email` = null, `discord` = null, `settings` = '{"settings":[{"value":"survival","key":"last-server"},{"value":"en","key":"language"}],"version":0}' WHERE `ai` = 8" (applied to [last_ip, last_seen, settings] columns)
[2024/08/27 19:43:33]: [nLogin] The user Aydanthethug has successfully logged in.
[2024/08/27 19:43:48]: §3[nLogin] [DEBUG] [SQLite] [UPDATE]: "UPDATE `nlogin` SET `last_name` = 'Aydanthethug', `unique_id` = 442ee9fd023b3186b1ef31fc13a15fb3,  `mojang_id` = null,  `bedrock_id` = null,  `password` = '$2a$10$/MsbzZI/ZaWnm9JoH0GE6O46otYHEvWYfVYF980490rZ7SDbA63KG', `last_ip` = '0:0:0:0:0:0:0:1%0', `creation_date` = 2024-08-22 19:52:40.819, `last_seen` = 2024-08-27 19:43:48.04, `email` = null, `discord` = null, `settings` = '{"settings":[{"value":"survival","key":"last-server"},{"value":"en","key":"language"}],"version":0}' WHERE `ai` = 8" (applied to [last_seen, settings] columns)
[2024/08/27 19:43:55]: §3[nLogin] [DEBUG] [SQLite] [UPDATE]: "UPDATE `nlogin` SET `last_name` = 'Aydanthethug', `unique_id` = 442ee9fd023b3186b1ef31fc13a15fb3,  `mojang_id` = null,  `bedrock_id` = null,  `password` = '$2a$10$/MsbzZI/ZaWnm9JoH0GE6O46otYHEvWYfVYF980490rZ7SDbA63KG', `last_ip` = '0:0:0:0:0:0:0:1%0', `creation_date` = 2024-08-22 19:52:40.819, `last_seen` = 2024-08-27 19:43:55.405, `email` = null, `discord` = null, `settings` = '{"settings":[{"value":"survival","key":"last-server"},{"value":"en","key":"language"}],"version":0}' WHERE `ai` = 8" (applied to [last_ip, last_seen, settings] columns)
[2024/08/27 19:43:55]: [nLogin] The user Aydanthethug has successfully logged in.
[2024/08/27 19:44:11]: §3[nLogin] [DEBUG] [SQLite] [UPDATE]: "UPDATE `nlogin` SET `last_name` = 'Aydanthethug', `unique_id` = 442ee9fd023b3186b1ef31fc13a15fb3,  `mojang_id` = null,  `bedrock_id` = null,  `password` = '$2a$10$/MsbzZI/ZaWnm9JoH0GE6O46otYHEvWYfVYF980490rZ7SDbA63KG', `last_ip` = '0:0:0:0:0:0:0:1%0', `creation_date` = 2024-08-22 19:52:40.819, `last_seen` = 2024-08-27 19:44:11.286, `email` = null, `discord` = null, `settings` = '{"settings":[{"value":"survival","key":"last-server"},{"value":"en","key":"language"}],"version":0}' WHERE `ai` = 8" (applied to [last_seen, settings] columns)
[2024/08/27 19:49:27]: §3[nLogin] [DEBUG] [SQLite] [UPDATE]: "UPDATE `nlogin` SET `last_name` = 'Aydanthethug', `unique_id` = 442ee9fd023b3186b1ef31fc13a15fb3,  `mojang_id` = null,  `bedrock_id` = null,  `password` = '$2a$10$/MsbzZI/ZaWnm9JoH0GE6O46otYHEvWYfVYF980490rZ7SDbA63KG', `last_ip` = '0:0:0:0:0:0:0:1%0', `creation_date` = 2024-08-22 19:52:40.819, `last_seen` = 2024-08-27 19:49:27.335, `email` = null, `discord` = null, `settings` = '{"settings":[{"value":"survival","key":"last-server"},{"value":"en","key":"language"}],"version":0}' WHERE `ai` = 8" (applied to [last_ip, last_seen, settings] columns)
[2024/08/27 19:49:27]: [nLogin] The user Aydanthethug has successfully logged in.
[2024/08/27 19:49:43]: §3[nLogin] [DEBUG] [SQLite] [UPDATE]: "UPDATE `nlogin` SET `last_name` = 'Aydanthethug', `unique_id` = 442ee9fd023b3186b1ef31fc13a15fb3,  `mojang_id` = null,  `bedrock_id` = null,  `password` = '$2a$10$/MsbzZI/ZaWnm9JoH0GE6O46otYHEvWYfVYF980490rZ7SDbA63KG', `last_ip` = '0:0:0:0:0:0:0:1%0', `creation_date` = 2024-08-22 19:52:40.819, `last_seen` = 2024-08-27 19:49:43.037, `email` = null, `discord` = null, `settings` = '{"settings":[{"value":"survival","key":"last-server"},{"value":"en","key":"language"}],"version":0}' WHERE `ai` = 8" (applied to [last_seen, settings] columns)
[2024/08/27 19:49:49]: §3[nLogin] [DEBUG] [SQLite] [UPDATE]: "UPDATE `nlogin` SET `last_name` = 'Aydanthethug', `unique_id` = 442ee9fd023b3186b1ef31fc13a15fb3,  `mojang_id` = null,  `bedrock_id` = null,  `password` = '$2a$10$/MsbzZI/ZaWnm9JoH0GE6O46otYHEvWYfVYF980490rZ7SDbA63KG', `last_ip` = '0:0:0:0:0:0:0:1%0', `creation_date` = 2024-08-22 19:52:40.819, `last_seen` = 2024-08-27 19:49:49.803, `email` = null, `discord` = null, `settings` = '{"settings":[{"value":"survival","key":"last-server"},{"value":"en","key":"language"}],"version":0}' WHERE `ai` = 8" (applied to [last_ip, last_seen, settings] columns)
[2024/08/27 19:49:49]: [nLogin] The user Aydanthethug has successfully logged in.
[2024/08/27 19:50:05]: §3[nLogin] [DEBUG] [SQLite] [UPDATE]: "UPDATE `nlogin` SET `last_name` = 'Aydanthethug', `unique_id` = 442ee9fd023b3186b1ef31fc13a15fb3,  `mojang_id` = null,  `bedrock_id` = null,  `password` = '$2a$10$/MsbzZI/ZaWnm9JoH0GE6O46otYHEvWYfVYF980490rZ7SDbA63KG', `last_ip` = '0:0:0:0:0:0:0:1%0', `creation_date` = 2024-08-22 19:52:40.819, `last_seen` = 2024-08-27 19:50:05.538, `email` = null, `discord` = null, `settings` = '{"settings":[{"value":"survival","key":"last-server"},{"value":"en","key":"language"}],"version":0}' WHERE `ai` = 8" (applied to [last_seen, settings] columns)
[2024/08/27 19:50:54]: §3[nLogin] [DEBUG] [SQLite] [UPDATE]: "UPDATE `nlogin` SET `last_name` = 'Aydanthethug', `unique_id` = 442ee9fd023b3186b1ef31fc13a15fb3,  `mojang_id` = null,  `bedrock_id` = null,  `password` = '$2a$10$/MsbzZI/ZaWnm9JoH0GE6O46otYHEvWYfVYF980490rZ7SDbA63KG', `last_ip` = '0:0:0:0:0:0:0:1%0', `creation_date` = 2024-08-22 19:52:40.819, `last_seen` = 2024-08-27 19:50:54.897, `email` = null, `discord` = null, `settings` = '{"settings":[{"value":"survival","key":"last-server"},{"value":"en","key":"language"}],"version":0}' WHERE `ai` = 8" (applied to [last_ip, last_seen, settings] columns)
[2024/08/27 19:50:54]: [nLogin] The user Aydanthethug has successfully logged in.
[2024/08/27 19:50:56]: §3[nLogin] [DEBUG] [SQLite] [UPDATE]: "UPDATE `nlogin` SET `last_name` = 'Excellent_', `unique_id` = 6dbf0628c49435fdb96c9ab59f6c43f7,  `mojang_id` = null,  `bedrock_id` = null,  `password` = '$2a$10$j6lf6Veiqo/2XwHGTc0nQONOmgRkX0ZJV04Ousf/b8/nXuPd9Rqie', `last_ip` = '0:0:0:0:0:0:0:1%0', `creation_date` = 2024-08-19 20:15:53.327, `last_seen` = 2024-08-27 19:50:56.883, `email` = null, `discord` = null, `settings` = '{"settings":[{"value":"survival","key":"last-server"},{"value":"en","key":"language"}],"version":0}' WHERE `ai` = 3" (applied to [last_seen, settings] columns)
[2024/08/27 19:51:09]: §3[nLogin] [DEBUG] [SQLite] [UPDATE]: "UPDATE `nlogin` SET `last_name` = 'Aydanthethug', `unique_id` = 442ee9fd023b3186b1ef31fc13a15fb3,  `mojang_id` = null,  `bedrock_id` = null,  `password` = '$2a$10$/MsbzZI/ZaWnm9JoH0GE6O46otYHEvWYfVYF980490rZ7SDbA63KG', `last_ip` = '0:0:0:0:0:0:0:1%0', `creation_date` = 2024-08-22 19:52:40.819, `last_seen` = 2024-08-27 19:51:09.286, `email` = null, `discord` = null, `settings` = '{"settings":[{"value":"survival","key":"last-server"},{"value":"en","key":"language"}],"version":0}' WHERE `ai` = 8" (applied to [last_seen, settings] columns)
[2024/08/27 19:51:21]: §3[nLogin] [DEBUG] [SQLite] [UPDATE]: "UPDATE `nlogin` SET `last_name` = 'Aydanthethug', `unique_id` = 442ee9fd023b3186b1ef31fc13a15fb3,  `mojang_id` = null,  `bedrock_id` = null,  `password` = '$2a$10$/MsbzZI/ZaWnm9JoH0GE6O46otYHEvWYfVYF980490rZ7SDbA63KG', `last_ip` = '0:0:0:0:0:0:0:1%0', `creation_date` = 2024-08-22 19:52:40.819, `last_seen` = 2024-08-27 19:51:21.656, `email` = null, `discord` = null, `settings` = '{"settings":[{"value":"survival","key":"last-server"},{"value":"en","key":"language"}],"version":0}' WHERE `ai` = 8" (applied to [last_ip, last_seen, settings] columns)
[2024/08/27 19:51:21]: [nLogin] The user Aydanthethug has successfully logged in.
[2024/08/27 19:51:35]: §3[nLogin] [DEBUG] [SQLite] [UPDATE]: "UPDATE `nlogin` SET `last_name` = 'Aydanthethug', `unique_id` = 442ee9fd023b3186b1ef31fc13a15fb3,  `mojang_id` = null,  `bedrock_id` = null,  `password` = '$2a$10$/MsbzZI/ZaWnm9JoH0GE6O46otYHEvWYfVYF980490rZ7SDbA63KG', `last_ip` = '0:0:0:0:0:0:0:1%0', `creation_date` = 2024-08-22 19:52:40.819, `last_seen` = 2024-08-27 19:51:35.286, `email` = null, `discord` = null, `settings` = '{"settings":[{"value":"survival","key":"last-server"},{"value":"en","key":"language"}],"version":0}' WHERE `ai` = 8" (applied to [last_seen, settings] columns)
[2024/08/27 19:51:41]: §3[nLogin] [DEBUG] [SQLite] [UPDATE]: "UPDATE `nlogin` SET `last_name` = 'akshar', `unique_id` = eed5b675241b33bda4537d68bea645d7,  `mojang_id` = null,  `bedrock_id` = null,  `password` = '$2a$10$RCEzJqjxr/TOH9elVy2U/u0mtpvY5fIZrPM6ZvCpdJEm1GJ87ifuu', `last_ip` = '0:0:0:0:0:0:0:1%0', `creation_date` = 2024-08-22 19:56:00.674, `last_seen` = 2024-08-27 19:51:41.444, `email` = null, `discord` = null, `settings` = '{"settings":[{"value":"survival","key":"last-server"},{"value":"en","key":"language"}],"version":0}' WHERE `ai` = 9" (applied to [last_seen, settings] columns)
[2024/08/27 19:52:38]: §3[nLogin] [DEBUG] [SQLite] [UPDATE]: "UPDATE `nlogin` SET `last_name` = 'Aydanthethug', `unique_id` = 442ee9fd023b3186b1ef31fc13a15fb3,  `mojang_id` = null,  `bedrock_id` = null,  `password` = '$2a$10$/MsbzZI/ZaWnm9JoH0GE6O46otYHEvWYfVYF980490rZ7SDbA63KG', `last_ip` = '0:0:0:0:0:0:0:1%0', `creation_date` = 2024-08-22 19:52:40.819, `last_seen` = 2024-08-27 19:52:38.388, `email` = null, `discord` = null, `settings` = '{"settings":[{"value":"survival","key":"last-server"},{"value":"en","key":"language"}],"version":0}' WHERE `ai` = 8" (applied to [last_ip, last_seen, settings] columns)
[2024/08/27 19:52:38]: [nLogin] The user Aydanthethug has successfully logged in.
[2024/08/27 19:54:12]: §3[nLogin] [DEBUG] [SQLite] [UPDATE]: "UPDATE `nlogin` SET `last_name` = 'Aydanthethug', `unique_id` = 442ee9fd023b3186b1ef31fc13a15fb3,  `mojang_id` = null,  `bedrock_id` = null,  `password` = '$2a$10$/MsbzZI/ZaWnm9JoH0GE6O46otYHEvWYfVYF980490rZ7SDbA63KG', `last_ip` = '0:0:0:0:0:0:0:1%0', `creation_date` = 2024-08-22 19:52:40.819, `last_seen` = 2024-08-27 19:54:12.492, `email` = null, `discord` = null, `settings` = '{"settings":[{"value":"survival","key":"last-server"},{"value":"en","key":"language"}],"version":0}' WHERE `ai` = 8" (applied to [last_seen, settings] columns)
