[2024/08/29 19:09:33]: §9          __             _       
[2024/08/29 19:09:33]: §9  _ __   / /  ___   __ _(_)_ __  
[2024/08/29 19:09:33]: §9 | '_ \ / /  / _ \ / _` | | '_ \ 
[2024/08/29 19:09:33]: §9 | | | / /__| (_) | (_| | | | | |
[2024/08/29 19:09:33]: §9 |_| |_\____/\___/ \__, |_|_| |_|
[2024/08/29 19:09:33]: §9                  |___/            
[2024/08/29 19:09:33]: §9 By: www.nickuc.com - V 10.3.27
[2024/08/29 19:09:33]: §9 
[2024/08/29 19:09:34]: §3[nLogin] [DEBUG] All settings were loaded in 579 ms.
[2024/08/29 19:09:35]: §3[nLogin] [DEBUG] Loading the messages_en.yml message file...
[2024/08/29 19:09:35]: §3[nLogin] [DEBUG] All plugin messages were loaded in 465 ms (languageByClient=false).
[2024/08/29 19:09:35]: §3[nLogin] [DEBUG] All proxy settings were loaded in 22 ms.
[2024/08/29 19:09:35]: §3[nLogin] [DEBUG] Loading database...
[2024/08/29 19:09:36]: §3[nLogin] [DEBUG] Starting logger filter...
[2024/08/29 19:09:41]: 
[2024/08/29 19:09:41]:  §bThank you so much for choosing nLogin! §4<3
[2024/08/29 19:09:41]: 
[2024/08/29 19:09:41]:  §4For your safety, please read the message below:
[2024/08/29 19:09:41]:   §cNever download nLogin from unknown sources.
[2024/08/29 19:09:41]:   §cA modified version may contain malicious software.
[2024/08/29 19:09:41]: 
[2024/08/29 19:09:41]:  §3Trusted sources:
[2024/08/29 19:09:41]:   §bwww.nickuc.com
[2024/08/29 19:09:41]:   §bwww.github.com/nickuc
[2024/08/29 19:09:41]:   §bOpeNLogin installer (from Spigot or GitHub)
[2024/08/29 19:09:41]: 
[2024/08/29 19:09:41]:  §3Official support channels:
[2024/08/29 19:09:41]:   §bDiscord group: §fwww.nickuc.com/discord
[2024/08/29 19:09:41]:   §bDocumentation: §fdocs.nickuc.com/nlogin/
[2024/08/29 19:09:41]:   §bEmail: §fsupport@nickuc.com
[2024/08/29 19:09:41]:   §bYouTube: §fyoutube.com/nickuc
[2024/08/29 19:09:41]: 
[2024/08/29 19:09:41]:  §eTo remove this warning, log in with "nlogin.admin" permission on the server
[2024/08/29 19:09:41]:  §eand click the "Setup plugin" button to configure your plugin.
[2024/08/29 19:09:41]: 
[2024/08/29 19:22:48]: §3[nLogin] [DEBUG] [SQLite] [UPDATE]: "UPDATE `nlogin` SET `last_name` = 'Aydanthethug', `unique_id` = 442ee9fd023b3186b1ef31fc13a15fb3,  `mojang_id` = null,  `bedrock_id` = null,  `password` = '$2a$10$/MsbzZI/ZaWnm9JoH0GE6O46otYHEvWYfVYF980490rZ7SDbA63KG', `last_ip` = '0:0:0:0:0:0:0:1%0', `creation_date` = 2024-08-22 19:52:40.819, `last_seen` = 2024-08-29 19:22:48.378, `email` = null, `discord` = null, `settings` = '{"settings":[{"value":"survival","key":"last-server"},{"value":"en","key":"language"}],"version":0}' WHERE `ai` = 8" (applied to [last_ip, last_seen, settings] columns)
[2024/08/29 19:22:48]: [nLogin] The user Aydanthethug has successfully logged in.
[2024/08/29 19:23:03]: §3[nLogin] [DEBUG] [SQLite] [UPDATE]: "UPDATE `nlogin` SET `last_name` = 'Aydanthethug', `unique_id` = 442ee9fd023b3186b1ef31fc13a15fb3,  `mojang_id` = null,  `bedrock_id` = null,  `password` = '$2a$10$/MsbzZI/ZaWnm9JoH0GE6O46otYHEvWYfVYF980490rZ7SDbA63KG', `last_ip` = '0:0:0:0:0:0:0:1%0', `creation_date` = 2024-08-22 19:52:40.819, `last_seen` = 2024-08-29 19:23:03.592, `email` = null, `discord` = null, `settings` = '{"settings":[{"value":"survival","key":"last-server"},{"value":"en","key":"language"}],"version":0}' WHERE `ai` = 8" (applied to [last_seen, settings] columns)
[2024/08/29 19:31:13]: §3[nLogin] [DEBUG] [SQLite] [UPDATE]: "INSERT INTO `nlogin` (`last_name`, `unique_id`, `mojang_id`, `bedrock_id`, `password`, `last_ip`, `creation_date`, `last_seen`, `email`, `discord`, `settings`) VALUES ('skoe', d1f02dac297036739c2edb2d10ae6bb9, null, null, '$2a$10$qedOaA6KRBrkziRyVOXUU.wuWTpegyNcaRnDt3VKPlbgmGKuguH7u', '0:0:0:0:0:0:0:1%0', '2024-08-29 19:31:13.063', '2024-08-29 19:31:13.063', null, null, null)" (applied to all columns)
[2024/08/29 19:31:13]: [nLogin] The user skoe has successfully registered.
[2024/08/29 19:37:53]: §3[nLogin] [DEBUG] [SQLite] [UPDATE]: "UPDATE `nlogin` SET `last_name` = 'akshar', `unique_id` = eed5b675241b33bda4537d68bea645d7,  `mojang_id` = null,  `bedrock_id` = null,  `password` = '$2a$10$RCEzJqjxr/TOH9elVy2U/u0mtpvY5fIZrPM6ZvCpdJEm1GJ87ifuu', `last_ip` = '0:0:0:0:0:0:0:1%0', `creation_date` = 2024-08-22 19:56:00.674, `last_seen` = 2024-08-29 19:37:53.089, `email` = null, `discord` = null, `settings` = '{"settings":[{"value":"survival","key":"last-server"},{"value":"en","key":"language"}],"version":0}' WHERE `ai` = 9" (applied to [last_ip, last_seen, settings] columns)
[2024/08/29 19:37:53]: [nLogin] The user akshar has successfully logged in.
[2024/08/29 19:53:18]: §3[nLogin] [DEBUG] [SQLite] [UPDATE]: "UPDATE `nlogin` SET `last_name` = 'akshar', `unique_id` = eed5b675241b33bda4537d68bea645d7,  `mojang_id` = null,  `bedrock_id` = null,  `password` = '$2a$10$RCEzJqjxr/TOH9elVy2U/u0mtpvY5fIZrPM6ZvCpdJEm1GJ87ifuu', `last_ip` = '0:0:0:0:0:0:0:1%0', `creation_date` = 2024-08-22 19:56:00.674, `last_seen` = 2024-08-29 19:53:18.598, `email` = null, `discord` = null, `settings` = '{"settings":[{"value":"survival","key":"last-server"},{"value":"en","key":"language"}],"version":0}' WHERE `ai` = 9" (applied to [last_seen, settings] columns)
[2024/08/29 19:53:40]: §3[nLogin] [DEBUG] [SQLite] [UPDATE]: "UPDATE `nlogin` SET `last_name` = 'skoe', `unique_id` = d1f02dac297036739c2edb2d10ae6bb9,  `mojang_id` = null,  `bedrock_id` = null,  `password` = '$2a$10$qedOaA6KRBrkziRyVOXUU.wuWTpegyNcaRnDt3VKPlbgmGKuguH7u', `last_ip` = '0:0:0:0:0:0:0:1%0', `creation_date` = 2024-08-29 19:31:13.063, `last_seen` = 2024-08-29 19:53:40.402, `email` = null, `discord` = null, `settings` = '{"settings":[{"value":"survival","key":"last-server"},{"value":"en","key":"language"}],"version":0}' WHERE `ai` = 11" (applied to [last_seen, settings] columns)
