[2024/09/09 18:59:13]: §9          __             _       
[2024/09/09 18:59:13]: §9  _ __   / /  ___   __ _(_)_ __  
[2024/09/09 18:59:13]: §9 | '_ \ / /  / _ \ / _` | | '_ \ 
[2024/09/09 18:59:13]: §9 | | | / /__| (_) | (_| | | | | |
[2024/09/09 18:59:13]: §9 |_| |_\____/\___/ \__, |_|_| |_|
[2024/09/09 18:59:13]: §9                  |___/            
[2024/09/09 18:59:13]: §9 By: www.nickuc.com - V 10.3.27
[2024/09/09 18:59:13]: §9 
[2024/09/09 18:59:14]: §3[nLogin] [DEBUG] All settings were loaded in 465 ms.
[2024/09/09 18:59:14]: §3[nLogin] [DEBUG] Loading the messages_en.yml message file...
[2024/09/09 18:59:14]: §3[nLogin] [DEBUG] All plugin messages were loaded in 330 ms (languageByClient=false).
[2024/09/09 18:59:14]: §3[nLogin] [DEBUG] All proxy settings were loaded in 16 ms.
[2024/09/09 18:59:14]: §3[nLogin] [DEBUG] Loading database...
[2024/09/09 18:59:15]: §3[nLogin] [DEBUG] Starting logger filter...
[2024/09/09 18:59:20]: 
[2024/09/09 18:59:20]:  §bThank you so much for choosing nLogin! §4<3
[2024/09/09 18:59:20]: 
[2024/09/09 18:59:20]:  §4For your safety, please read the message below:
[2024/09/09 18:59:20]:   §cNever download nLogin from unknown sources.
[2024/09/09 18:59:20]:   §cA modified version may contain malicious software.
[2024/09/09 18:59:20]: 
[2024/09/09 18:59:20]:  §3Trusted sources:
[2024/09/09 18:59:20]:   §bwww.nickuc.com
[2024/09/09 18:59:20]:   §bwww.github.com/nickuc
[2024/09/09 18:59:20]:   §bOpeNLogin installer (from Spigot or GitHub)
[2024/09/09 18:59:20]: 
[2024/09/09 18:59:20]:  §3Official support channels:
[2024/09/09 18:59:20]:   §bDiscord group: §fwww.nickuc.com/discord
[2024/09/09 18:59:20]:   §bDocumentation: §fdocs.nickuc.com/nlogin/
[2024/09/09 18:59:20]:   §bEmail: §fsupport@nickuc.com
[2024/09/09 18:59:20]:   §bYouTube: §fyoutube.com/nickuc
[2024/09/09 18:59:20]: 
[2024/09/09 18:59:20]:  §eTo remove this warning, log in with "nlogin.admin" permission on the server
[2024/09/09 18:59:20]:  §eand click the "Setup plugin" button to configure your plugin.
[2024/09/09 18:59:20]: 
[2024/09/09 19:01:08]: §3[nLogin] [DEBUG] [SQLite] [UPDATE]: "UPDATE `nlogin` SET `last_name` = 'skoe', `unique_id` = d1f02dac297036739c2edb2d10ae6bb9,  `mojang_id` = null,  `bedrock_id` = null,  `password` = '$2a$10$qedOaA6KRBrkziRyVOXUU.wuWTpegyNcaRnDt3VKPlbgmGKuguH7u', `last_ip` = '0:0:0:0:0:0:0:1%0', `creation_date` = 2024-08-29 19:31:13.063, `last_seen` = 2024-09-09 19:01:08.0, `email` = null, `discord` = null, `settings` = '{"settings":[{"value":"survival","key":"last-server"},{"value":"en","key":"language"}],"version":0}' WHERE `ai` = 11" (applied to [last_ip, last_seen, settings] columns)
[2024/09/09 19:01:08]: [nLogin] The user skoe has successfully logged in.
[2024/09/09 19:15:22]: §3[nLogin] [DEBUG] [SQLite] [UPDATE]: "UPDATE `nlogin` SET `last_name` = 'skoe', `unique_id` = d1f02dac297036739c2edb2d10ae6bb9,  `mojang_id` = null,  `bedrock_id` = null,  `password` = '$2a$10$qedOaA6KRBrkziRyVOXUU.wuWTpegyNcaRnDt3VKPlbgmGKuguH7u', `last_ip` = '0:0:0:0:0:0:0:1%0', `creation_date` = 2024-08-29 19:31:13.063, `last_seen` = 2024-09-09 19:15:21.965, `email` = null, `discord` = null, `settings` = '{"settings":[{"value":"survival","key":"last-server"},{"value":"en","key":"language"}],"version":0}' WHERE `ai` = 11" (applied to [last_seen, settings] columns)
[2024/09/09 19:15:42]: §3[nLogin] [DEBUG] [SQLite] [UPDATE]: "UPDATE `nlogin` SET `last_name` = 'skoe', `unique_id` = d1f02dac297036739c2edb2d10ae6bb9,  `mojang_id` = null,  `bedrock_id` = null,  `password` = '$2a$10$qedOaA6KRBrkziRyVOXUU.wuWTpegyNcaRnDt3VKPlbgmGKuguH7u', `last_ip` = '0:0:0:0:0:0:0:1%0', `creation_date` = 2024-08-29 19:31:13.063, `last_seen` = 2024-09-09 19:15:42.067, `email` = null, `discord` = null, `settings` = '{"settings":[{"value":"survival","key":"last-server"},{"value":"en","key":"language"}],"version":0}' WHERE `ai` = 11" (applied to [last_ip, last_seen, settings] columns)
[2024/09/09 19:15:42]: [nLogin] The user skoe has successfully logged in.
[2024/09/09 19:27:27]: §3[nLogin] [DEBUG] [SQLite] [UPDATE]: "UPDATE `nlogin` SET `last_name` = 'skoe', `unique_id` = d1f02dac297036739c2edb2d10ae6bb9,  `mojang_id` = null,  `bedrock_id` = null,  `password` = '$2a$10$qedOaA6KRBrkziRyVOXUU.wuWTpegyNcaRnDt3VKPlbgmGKuguH7u', `last_ip` = '0:0:0:0:0:0:0:1%0', `creation_date` = 2024-08-29 19:31:13.063, `last_seen` = 2024-09-09 19:27:27.228, `email` = null, `discord` = null, `settings` = '{"settings":[{"value":"survival","key":"last-server"},{"value":"en","key":"language"}],"version":0}' WHERE `ai` = 11" (applied to [last_seen, settings] columns)
[2024/09/09 19:27:37]: §3[nLogin] [DEBUG] [SQLite] [UPDATE]: "UPDATE `nlogin` SET `last_name` = 'skoe', `unique_id` = d1f02dac297036739c2edb2d10ae6bb9,  `mojang_id` = null,  `bedrock_id` = null,  `password` = '$2a$10$qedOaA6KRBrkziRyVOXUU.wuWTpegyNcaRnDt3VKPlbgmGKuguH7u', `last_ip` = '0:0:0:0:0:0:0:1%0', `creation_date` = 2024-08-29 19:31:13.063, `last_seen` = 2024-09-09 19:27:36.991, `email` = null, `discord` = null, `settings` = '{"settings":[{"value":"survival","key":"last-server"},{"value":"en","key":"language"}],"version":0}' WHERE `ai` = 11" (applied to [last_ip, last_seen, settings] columns)
[2024/09/09 19:27:37]: [nLogin] The user skoe has successfully logged in.
[2024/09/09 19:27:53]: §3[nLogin] [DEBUG] [SQLite] [UPDATE]: "UPDATE `nlogin` SET `last_name` = 'skoe', `unique_id` = d1f02dac297036739c2edb2d10ae6bb9,  `mojang_id` = null,  `bedrock_id` = null,  `password` = '$2a$10$qedOaA6KRBrkziRyVOXUU.wuWTpegyNcaRnDt3VKPlbgmGKuguH7u', `last_ip` = '0:0:0:0:0:0:0:1%0', `creation_date` = 2024-08-29 19:31:13.063, `last_seen` = 2024-09-09 19:27:52.975, `email` = null, `discord` = null, `settings` = '{"settings":[{"value":"survival","key":"last-server"},{"value":"en","key":"language"}],"version":0}' WHERE `ai` = 11" (applied to [last_seen, settings] columns)
[2024/09/09 19:28:00]: §3[nLogin] [DEBUG] [SQLite] [UPDATE]: "UPDATE `nlogin` SET `last_name` = 'skoe', `unique_id` = d1f02dac297036739c2edb2d10ae6bb9,  `mojang_id` = null,  `bedrock_id` = null,  `password` = '$2a$10$qedOaA6KRBrkziRyVOXUU.wuWTpegyNcaRnDt3VKPlbgmGKuguH7u', `last_ip` = '0:0:0:0:0:0:0:1%0', `creation_date` = 2024-08-29 19:31:13.063, `last_seen` = 2024-09-09 19:28:00.844, `email` = null, `discord` = null, `settings` = '{"settings":[{"value":"survival","key":"last-server"},{"value":"en","key":"language"}],"version":0}' WHERE `ai` = 11" (applied to [last_ip, last_seen, settings] columns)
[2024/09/09 19:28:00]: [nLogin] The user skoe has successfully logged in.
[2024/09/09 19:28:16]: §3[nLogin] [DEBUG] [SQLite] [UPDATE]: "UPDATE `nlogin` SET `last_name` = 'skoe', `unique_id` = d1f02dac297036739c2edb2d10ae6bb9,  `mojang_id` = null,  `bedrock_id` = null,  `password` = '$2a$10$qedOaA6KRBrkziRyVOXUU.wuWTpegyNcaRnDt3VKPlbgmGKuguH7u', `last_ip` = '0:0:0:0:0:0:0:1%0', `creation_date` = 2024-08-29 19:31:13.063, `last_seen` = 2024-09-09 19:28:16.726, `email` = null, `discord` = null, `settings` = '{"settings":[{"value":"survival","key":"last-server"},{"value":"en","key":"language"}],"version":0}' WHERE `ai` = 11" (applied to [last_seen, settings] columns)
[2024/09/09 19:28:23]: §3[nLogin] [DEBUG] [SQLite] [UPDATE]: "UPDATE `nlogin` SET `last_name` = 'skoe', `unique_id` = d1f02dac297036739c2edb2d10ae6bb9,  `mojang_id` = null,  `bedrock_id` = null,  `password` = '$2a$10$qedOaA6KRBrkziRyVOXUU.wuWTpegyNcaRnDt3VKPlbgmGKuguH7u', `last_ip` = '0:0:0:0:0:0:0:1%0', `creation_date` = 2024-08-29 19:31:13.063, `last_seen` = 2024-09-09 19:28:23.952, `email` = null, `discord` = null, `settings` = '{"settings":[{"value":"survival","key":"last-server"},{"value":"en","key":"language"}],"version":0}' WHERE `ai` = 11" (applied to [last_ip, last_seen, settings] columns)
[2024/09/09 19:28:23]: [nLogin] The user skoe has successfully logged in.
[2024/09/09 19:28:44]: §3[nLogin] [DEBUG] [SQLite] [UPDATE]: "UPDATE `nlogin` SET `last_name` = 'skoe', `unique_id` = d1f02dac297036739c2edb2d10ae6bb9,  `mojang_id` = null,  `bedrock_id` = null,  `password` = '$2a$10$qedOaA6KRBrkziRyVOXUU.wuWTpegyNcaRnDt3VKPlbgmGKuguH7u', `last_ip` = '0:0:0:0:0:0:0:1%0', `creation_date` = 2024-08-29 19:31:13.063, `last_seen` = 2024-09-09 19:28:44.476, `email` = null, `discord` = null, `settings` = '{"settings":[{"value":"survival","key":"last-server"},{"value":"en","key":"language"}],"version":0}' WHERE `ai` = 11" (applied to [last_seen, settings] columns)
[2024/09/09 19:28:53]: §3[nLogin] [DEBUG] [SQLite] [UPDATE]: "UPDATE `nlogin` SET `last_name` = 'skoe', `unique_id` = d1f02dac297036739c2edb2d10ae6bb9,  `mojang_id` = null,  `bedrock_id` = null,  `password` = '$2a$10$qedOaA6KRBrkziRyVOXUU.wuWTpegyNcaRnDt3VKPlbgmGKuguH7u', `last_ip` = '0:0:0:0:0:0:0:1%0', `creation_date` = 2024-08-29 19:31:13.063, `last_seen` = 2024-09-09 19:28:53.744, `email` = null, `discord` = null, `settings` = '{"settings":[{"value":"survival","key":"last-server"},{"value":"en","key":"language"}],"version":0}' WHERE `ai` = 11" (applied to [last_ip, last_seen, settings] columns)
[2024/09/09 19:28:53]: [nLogin] The user skoe has successfully logged in.
[2024/09/09 19:29:09]: §3[nLogin] [DEBUG] [SQLite] [UPDATE]: "UPDATE `nlogin` SET `last_name` = 'skoe', `unique_id` = d1f02dac297036739c2edb2d10ae6bb9,  `mojang_id` = null,  `bedrock_id` = null,  `password` = '$2a$10$qedOaA6KRBrkziRyVOXUU.wuWTpegyNcaRnDt3VKPlbgmGKuguH7u', `last_ip` = '0:0:0:0:0:0:0:1%0', `creation_date` = 2024-08-29 19:31:13.063, `last_seen` = 2024-09-09 19:29:08.976, `email` = null, `discord` = null, `settings` = '{"settings":[{"value":"survival","key":"last-server"},{"value":"en","key":"language"}],"version":0}' WHERE `ai` = 11" (applied to [last_seen, settings] columns)
[2024/09/09 19:29:16]: §3[nLogin] [DEBUG] The skoe (0:0:0:0:0:0:0:1%0) player entered an incorrect password
[2024/09/09 19:29:22]: §3[nLogin] [DEBUG] [SQLite] [UPDATE]: "UPDATE `nlogin` SET `last_name` = 'skoe', `unique_id` = d1f02dac297036739c2edb2d10ae6bb9,  `mojang_id` = null,  `bedrock_id` = null,  `password` = '$2a$10$qedOaA6KRBrkziRyVOXUU.wuWTpegyNcaRnDt3VKPlbgmGKuguH7u', `last_ip` = '0:0:0:0:0:0:0:1%0', `creation_date` = 2024-08-29 19:31:13.063, `last_seen` = 2024-09-09 19:29:22.893, `email` = null, `discord` = null, `settings` = '{"settings":[{"value":"survival","key":"last-server"},{"value":"en","key":"language"}],"version":0}' WHERE `ai` = 11" (applied to [last_ip, last_seen, settings] columns)
[2024/09/09 19:29:22]: [nLogin] The user skoe has successfully logged in.
[2024/09/09 19:29:34]: §3[nLogin] [DEBUG] [SQLite] [UPDATE]: "UPDATE `nlogin` SET `last_name` = 'skoe', `unique_id` = d1f02dac297036739c2edb2d10ae6bb9,  `mojang_id` = null,  `bedrock_id` = null,  `password` = '$2a$10$qedOaA6KRBrkziRyVOXUU.wuWTpegyNcaRnDt3VKPlbgmGKuguH7u', `last_ip` = '0:0:0:0:0:0:0:1%0', `creation_date` = 2024-08-29 19:31:13.063, `last_seen` = 2024-09-09 19:29:34.478, `email` = null, `discord` = null, `settings` = '{"settings":[{"value":"survival","key":"last-server"},{"value":"en","key":"language"}],"version":0}' WHERE `ai` = 11" (applied to [last_seen, settings] columns)
[2024/09/09 19:29:43]: §3[nLogin] [DEBUG] [SQLite] [UPDATE]: "UPDATE `nlogin` SET `last_name` = 'skoe', `unique_id` = d1f02dac297036739c2edb2d10ae6bb9,  `mojang_id` = null,  `bedrock_id` = null,  `password` = '$2a$10$qedOaA6KRBrkziRyVOXUU.wuWTpegyNcaRnDt3VKPlbgmGKuguH7u', `last_ip` = '0:0:0:0:0:0:0:1%0', `creation_date` = 2024-08-29 19:31:13.063, `last_seen` = 2024-09-09 19:29:43.251, `email` = null, `discord` = null, `settings` = '{"settings":[{"value":"survival","key":"last-server"},{"value":"en","key":"language"}],"version":0}' WHERE `ai` = 11" (applied to [last_ip, last_seen, settings] columns)
[2024/09/09 19:29:43]: [nLogin] The user skoe has successfully logged in.
[2024/09/09 19:29:59]: §3[nLogin] [DEBUG] [SQLite] [UPDATE]: "UPDATE `nlogin` SET `last_name` = 'skoe', `unique_id` = d1f02dac297036739c2edb2d10ae6bb9,  `mojang_id` = null,  `bedrock_id` = null,  `password` = '$2a$10$qedOaA6KRBrkziRyVOXUU.wuWTpegyNcaRnDt3VKPlbgmGKuguH7u', `last_ip` = '0:0:0:0:0:0:0:1%0', `creation_date` = 2024-08-29 19:31:13.063, `last_seen` = 2024-09-09 19:29:58.976, `email` = null, `discord` = null, `settings` = '{"settings":[{"value":"survival","key":"last-server"},{"value":"en","key":"language"}],"version":0}' WHERE `ai` = 11" (applied to [last_seen, settings] columns)
[2024/09/09 19:30:05]: §3[nLogin] [DEBUG] [SQLite] [UPDATE]: "UPDATE `nlogin` SET `last_name` = 'skoe', `unique_id` = d1f02dac297036739c2edb2d10ae6bb9,  `mojang_id` = null,  `bedrock_id` = null,  `password` = '$2a$10$qedOaA6KRBrkziRyVOXUU.wuWTpegyNcaRnDt3VKPlbgmGKuguH7u', `last_ip` = '0:0:0:0:0:0:0:1%0', `creation_date` = 2024-08-29 19:31:13.063, `last_seen` = 2024-09-09 19:30:05.438, `email` = null, `discord` = null, `settings` = '{"settings":[{"value":"survival","key":"last-server"},{"value":"en","key":"language"}],"version":0}' WHERE `ai` = 11" (applied to [last_ip, last_seen, settings] columns)
[2024/09/09 19:30:05]: [nLogin] The user skoe has successfully logged in.
[2024/09/09 19:30:28]: §3[nLogin] [DEBUG] [SQLite] [UPDATE]: "UPDATE `nlogin` SET `last_name` = 'skoe', `unique_id` = d1f02dac297036739c2edb2d10ae6bb9,  `mojang_id` = null,  `bedrock_id` = null,  `password` = '$2a$10$qedOaA6KRBrkziRyVOXUU.wuWTpegyNcaRnDt3VKPlbgmGKuguH7u', `last_ip` = '0:0:0:0:0:0:0:1%0', `creation_date` = 2024-08-29 19:31:13.063, `last_seen` = 2024-09-09 19:30:28.725, `email` = null, `discord` = null, `settings` = '{"settings":[{"value":"survival","key":"last-server"},{"value":"en","key":"language"}],"version":0}' WHERE `ai` = 11" (applied to [last_seen, settings] columns)
[2024/09/09 19:30:34]: §3[nLogin] [DEBUG] [SQLite] [UPDATE]: "UPDATE `nlogin` SET `last_name` = 'skoe', `unique_id` = d1f02dac297036739c2edb2d10ae6bb9,  `mojang_id` = null,  `bedrock_id` = null,  `password` = '$2a$10$qedOaA6KRBrkziRyVOXUU.wuWTpegyNcaRnDt3VKPlbgmGKuguH7u', `last_ip` = '0:0:0:0:0:0:0:1%0', `creation_date` = 2024-08-29 19:31:13.063, `last_seen` = 2024-09-09 19:30:34.938, `email` = null, `discord` = null, `settings` = '{"settings":[{"value":"survival","key":"last-server"},{"value":"en","key":"language"}],"version":0}' WHERE `ai` = 11" (applied to [last_ip, last_seen, settings] columns)
[2024/09/09 19:30:34]: [nLogin] The user skoe has successfully logged in.
[2024/09/09 19:30:58]: §3[nLogin] [DEBUG] [SQLite] [UPDATE]: "UPDATE `nlogin` SET `last_name` = 'skoe', `unique_id` = d1f02dac297036739c2edb2d10ae6bb9,  `mojang_id` = null,  `bedrock_id` = null,  `password` = '$2a$10$qedOaA6KRBrkziRyVOXUU.wuWTpegyNcaRnDt3VKPlbgmGKuguH7u', `last_ip` = '0:0:0:0:0:0:0:1%0', `creation_date` = 2024-08-29 19:31:13.063, `last_seen` = 2024-09-09 19:30:58.727, `email` = null, `discord` = null, `settings` = '{"settings":[{"value":"survival","key":"last-server"},{"value":"en","key":"language"}],"version":0}' WHERE `ai` = 11" (applied to [last_seen, settings] columns)
[2024/09/09 19:31:06]: §3[nLogin] [DEBUG] [SQLite] [UPDATE]: "UPDATE `nlogin` SET `last_name` = 'skoe', `unique_id` = d1f02dac297036739c2edb2d10ae6bb9,  `mojang_id` = null,  `bedrock_id` = null,  `password` = '$2a$10$qedOaA6KRBrkziRyVOXUU.wuWTpegyNcaRnDt3VKPlbgmGKuguH7u', `last_ip` = '0:0:0:0:0:0:0:1%0', `creation_date` = 2024-08-29 19:31:13.063, `last_seen` = 2024-09-09 19:31:06.943, `email` = null, `discord` = null, `settings` = '{"settings":[{"value":"survival","key":"last-server"},{"value":"en","key":"language"}],"version":0}' WHERE `ai` = 11" (applied to [last_ip, last_seen, settings] columns)
[2024/09/09 19:31:06]: [nLogin] The user skoe has successfully logged in.
