[2024/08/30 18:59:48]: §9          __             _       
[2024/08/30 18:59:48]: §9  _ __   / /  ___   __ _(_)_ __  
[2024/08/30 18:59:48]: §9 | '_ \ / /  / _ \ / _` | | '_ \ 
[2024/08/30 18:59:48]: §9 | | | / /__| (_) | (_| | | | | |
[2024/08/30 18:59:48]: §9 |_| |_\____/\___/ \__, |_|_| |_|
[2024/08/30 18:59:48]: §9                  |___/            
[2024/08/30 18:59:48]: §9 By: www.nickuc.com - V 10.3.27
[2024/08/30 18:59:48]: §9 
[2024/08/30 18:59:49]: §3[nLogin] [DEBUG] All settings were loaded in 682 ms.
[2024/08/30 18:59:50]: §3[nLogin] [DEBUG] Loading the messages_en.yml message file...
[2024/08/30 18:59:50]: §3[nLogin] [DEBUG] All plugin messages were loaded in 360 ms (languageByClient=false).
[2024/08/30 18:59:50]: §3[nLogin] [DEBUG] All proxy settings were loaded in 10 ms.
[2024/08/30 18:59:50]: §3[nLogin] [DEBUG] Loading database...
[2024/08/30 18:59:50]: §3[nLogin] [DEBUG] Starting logger filter...
[2024/08/30 18:59:56]: 
[2024/08/30 18:59:56]:  §bThank you so much for choosing nLogin! §4<3
[2024/08/30 18:59:56]: 
[2024/08/30 18:59:56]:  §4For your safety, please read the message below:
[2024/08/30 18:59:56]:   §cNever download nLogin from unknown sources.
[2024/08/30 18:59:56]:   §cA modified version may contain malicious software.
[2024/08/30 18:59:56]: 
[2024/08/30 18:59:56]:  §3Trusted sources:
[2024/08/30 18:59:56]:   §bwww.nickuc.com
[2024/08/30 18:59:56]:   §bwww.github.com/nickuc
[2024/08/30 18:59:56]:   §bOpeNLogin installer (from Spigot or GitHub)
[2024/08/30 18:59:56]: 
[2024/08/30 18:59:56]:  §3Official support channels:
[2024/08/30 18:59:56]:   §bDiscord group: §fwww.nickuc.com/discord
[2024/08/30 18:59:56]:   §bDocumentation: §fdocs.nickuc.com/nlogin/
[2024/08/30 18:59:56]:   §bEmail: §fsupport@nickuc.com
[2024/08/30 18:59:56]:   §bYouTube: §fyoutube.com/nickuc
[2024/08/30 18:59:56]: 
[2024/08/30 18:59:56]:  §eTo remove this warning, log in with "nlogin.admin" permission on the server
[2024/08/30 18:59:56]:  §eand click the "Setup plugin" button to configure your plugin.
[2024/08/30 18:59:56]: 
[2024/08/30 19:23:30]: §3[nLogin] [DEBUG] [SQLite] [UPDATE]: "UPDATE `nlogin` SET `last_name` = 'skoe', `unique_id` = d1f02dac297036739c2edb2d10ae6bb9,  `mojang_id` = null,  `bedrock_id` = null,  `password` = '$2a$10$qedOaA6KRBrkziRyVOXUU.wuWTpegyNcaRnDt3VKPlbgmGKuguH7u', `last_ip` = '0:0:0:0:0:0:0:1%0', `creation_date` = 2024-08-29 19:31:13.063, `last_seen` = 2024-08-30 19:23:30.893, `email` = null, `discord` = null, `settings` = '{"settings":[{"value":"survival","key":"last-server"},{"value":"en","key":"language"}],"version":0}' WHERE `ai` = 11" (applied to [last_ip, last_seen, settings] columns)
[2024/08/30 19:23:30]: [nLogin] The user skoe has successfully logged in.
[2024/08/30 19:26:31]: §3[nLogin] [DEBUG] [SQLite] [UPDATE]: "UPDATE `nlogin` SET `last_name` = 'skoe', `unique_id` = d1f02dac297036739c2edb2d10ae6bb9,  `mojang_id` = null,  `bedrock_id` = null,  `password` = '$2a$10$qedOaA6KRBrkziRyVOXUU.wuWTpegyNcaRnDt3VKPlbgmGKuguH7u', `last_ip` = '0:0:0:0:0:0:0:1%0', `creation_date` = 2024-08-29 19:31:13.063, `last_seen` = 2024-08-30 19:26:31.586, `email` = null, `discord` = null, `settings` = '{"settings":[{"value":"survival","key":"last-server"},{"value":"en","key":"language"}],"version":0}' WHERE `ai` = 11" (applied to [last_seen, settings] columns)
