[2024/08/20 18:08:35]: §9          __             _       
[2024/08/20 18:08:35]: §9  _ __   / /  ___   __ _(_)_ __  
[2024/08/20 18:08:35]: §9 | '_ \ / /  / _ \ / _` | | '_ \ 
[2024/08/20 18:08:35]: §9 | | | / /__| (_) | (_| | | | | |
[2024/08/20 18:08:35]: §9 |_| |_\____/\___/ \__, |_|_| |_|
[2024/08/20 18:08:35]: §9                  |___/            
[2024/08/20 18:08:35]: §9 By: www.nickuc.com - V 10.3.27
[2024/08/20 18:08:35]: §9 
[2024/08/20 18:08:36]: §3[nLogin] [DEBUG] All settings were loaded in 397 ms.
[2024/08/20 18:08:36]: §3[nLogin] [DEBUG] Loading the messages_en.yml message file...
[2024/08/20 18:08:36]: §3[nLogin] [DEBUG] All plugin messages were loaded in 242 ms (languageByClient=false).
[2024/08/20 18:08:36]: §3[nLogin] [DEBUG] All proxy settings were loaded in 11 ms.
[2024/08/20 18:08:36]: §3[nLogin] [DEBUG] Loading database...
[2024/08/20 18:08:37]: §3[nLogin] [DEBUG] Starting logger filter...
[2024/08/20 18:08:42]: 
[2024/08/20 18:08:42]:  §bThank you so much for choosing nLogin! §4<3
[2024/08/20 18:08:42]: 
[2024/08/20 18:08:42]:  §4For your safety, please read the message below:
[2024/08/20 18:08:42]:   §cNever download nLogin from unknown sources.
[2024/08/20 18:08:42]:   §cA modified version may contain malicious software.
[2024/08/20 18:08:42]: 
[2024/08/20 18:08:42]:  §3Trusted sources:
[2024/08/20 18:08:42]:   §bwww.nickuc.com
[2024/08/20 18:08:42]:   §bwww.github.com/nickuc
[2024/08/20 18:08:42]:   §bOpeNLogin installer (from Spigot or GitHub)
[2024/08/20 18:08:42]: 
[2024/08/20 18:08:42]:  §3Official support channels:
[2024/08/20 18:08:42]:   §bDiscord group: §fwww.nickuc.com/discord
[2024/08/20 18:08:42]:   §bDocumentation: §fdocs.nickuc.com/nlogin/
[2024/08/20 18:08:42]:   §bEmail: §fsupport@nickuc.com
[2024/08/20 18:08:42]:   §bYouTube: §fyoutube.com/nickuc
[2024/08/20 18:08:42]: 
[2024/08/20 18:08:42]:  §eTo remove this warning, log in with "nlogin.admin" permission on the server
[2024/08/20 18:08:42]:  §eand click the "Setup plugin" button to configure your plugin.
[2024/08/20 18:08:42]: 
[2024/08/20 18:08:43]: §3[nLogin] [DEBUG] [SQLite] [UPDATE]: "UPDATE `nlogin` SET `last_name` = 'Excellent_', `unique_id` = 6dbf0628c49435fdb96c9ab59f6c43f7,  `mojang_id` = null,  `bedrock_id` = null,  `password` = '$2a$10$j6lf6Veiqo/2XwHGTc0nQONOmgRkX0ZJV04Ousf/b8/nXuPd9Rqie', `last_ip` = '0:0:0:0:0:0:0:1%0', `creation_date` = 2024-08-19 20:15:53.327, `last_seen` = 2024-08-20 18:08:43.384, `email` = null, `discord` = null, `settings` = '{"settings":[{"value":"survival","key":"last-server"},{"value":"en","key":"language"}],"version":0}' WHERE `ai` = 3" (applied to [last_ip, last_seen, settings] columns)
[2024/08/20 18:08:43]: [nLogin] The user Excellent_ has successfully logged in.
[2024/08/20 18:13:54]: §3[nLogin] [DEBUG] [SQLite] [UPDATE]: "UPDATE `nlogin` SET `last_name` = 'Excellent_', `unique_id` = 6dbf0628c49435fdb96c9ab59f6c43f7,  `mojang_id` = null,  `bedrock_id` = null,  `password` = '$2a$10$j6lf6Veiqo/2XwHGTc0nQONOmgRkX0ZJV04Ousf/b8/nXuPd9Rqie', `last_ip` = '0:0:0:0:0:0:0:1%0', `creation_date` = 2024-08-19 20:15:53.327, `last_seen` = 2024-08-20 18:13:53.939, `email` = null, `discord` = null, `settings` = '{"settings":[{"value":"survival","key":"last-server"},{"value":"en","key":"language"}],"version":0}' WHERE `ai` = 3" (applied to [last_seen, settings] columns)
