[2024/08/20 23:11:22]: §9          __             _       
[2024/08/20 23:11:22]: §9  _ __   / /  ___   __ _(_)_ __  
[2024/08/20 23:11:22]: §9 | '_ \ / /  / _ \ / _` | | '_ \ 
[2024/08/20 23:11:22]: §9 | | | / /__| (_) | (_| | | | | |
[2024/08/20 23:11:22]: §9 |_| |_\____/\___/ \__, |_|_| |_|
[2024/08/20 23:11:22]: §9                  |___/            
[2024/08/20 23:11:22]: §9 By: www.nickuc.com - V 10.3.27
[2024/08/20 23:11:22]: §9 
[2024/08/20 23:11:23]: §3[nLogin] [DEBUG] All settings were loaded in 404 ms.
[2024/08/20 23:11:23]: §3[nLogin] [DEBUG] Loading the messages_en.yml message file...
[2024/08/20 23:11:23]: §3[nLogin] [DEBUG] All plugin messages were loaded in 222 ms (languageByClient=false).
[2024/08/20 23:11:23]: §3[nLogin] [DEBUG] All proxy settings were loaded in 11 ms.
[2024/08/20 23:11:23]: §3[nLogin] [DEBUG] Loading database...
[2024/08/20 23:11:23]: §3[nLogin] [DEBUG] Starting logger filter...
[2024/08/20 23:11:28]: 
[2024/08/20 23:11:28]:  §bThank you so much for choosing nLogin! §4<3
[2024/08/20 23:11:28]: 
[2024/08/20 23:11:28]:  §4For your safety, please read the message below:
[2024/08/20 23:11:28]:   §cNever download nLogin from unknown sources.
[2024/08/20 23:11:28]:   §cA modified version may contain malicious software.
[2024/08/20 23:11:28]: 
[2024/08/20 23:11:28]:  §3Trusted sources:
[2024/08/20 23:11:28]:   §bwww.nickuc.com
[2024/08/20 23:11:28]:   §bwww.github.com/nickuc
[2024/08/20 23:11:28]:   §bOpeNLogin installer (from Spigot or GitHub)
[2024/08/20 23:11:28]: 
[2024/08/20 23:11:28]:  §3Official support channels:
[2024/08/20 23:11:28]:   §bDiscord group: §fwww.nickuc.com/discord
[2024/08/20 23:11:28]:   §bDocumentation: §fdocs.nickuc.com/nlogin/
[2024/08/20 23:11:28]:   §bEmail: §fsupport@nickuc.com
[2024/08/20 23:11:28]:   §bYouTube: §fyoutube.com/nickuc
[2024/08/20 23:11:28]: 
[2024/08/20 23:11:28]:  §eTo remove this warning, log in with "nlogin.admin" permission on the server
[2024/08/20 23:11:28]:  §eand click the "Setup plugin" button to configure your plugin.
[2024/08/20 23:11:28]: 
[2024/08/20 23:11:49]: §3[nLogin] [DEBUG] [SQLite] [UPDATE]: "UPDATE `nlogin` SET `last_name` = 'koqp', `unique_id` = 4df59a0e37e73657a85e01465b119dfe,  `mojang_id` = null,  `bedrock_id` = null,  `password` = '$2a$10$Mouv8c4qyNOkg5cqYl1JQuGvUtUqSX1W.JoiMXPY8/IwE1hsZb.xu', `last_ip` = '0:0:0:0:0:0:0:1%0', `creation_date` = 2024-08-19 05:30:32.744, `last_seen` = 2024-08-20 23:11:49.626, `email` = null, `discord` = null, `settings` = '{"settings":[{"value":"survival","key":"last-server"},{"value":"en","key":"language"}],"version":0}' WHERE `ai` = 1" (applied to [last_ip, last_seen, settings] columns)
[2024/08/20 23:11:49]: [nLogin] The user koqp has successfully logged in.
[2024/08/20 23:14:49]: §3[nLogin] [DEBUG] [SQLite] [UPDATE]: "UPDATE `nlogin` SET `last_name` = 'koqp', `unique_id` = 4df59a0e37e73657a85e01465b119dfe,  `mojang_id` = null,  `bedrock_id` = null,  `password` = '$2a$10$Mouv8c4qyNOkg5cqYl1JQuGvUtUqSX1W.JoiMXPY8/IwE1hsZb.xu', `last_ip` = '0:0:0:0:0:0:0:1%0', `creation_date` = 2024-08-19 05:30:32.744, `last_seen` = 2024-08-20 23:14:49.792, `email` = null, `discord` = null, `settings` = '{"settings":[{"value":"survival","key":"last-server"},{"value":"en","key":"language"}],"version":0}' WHERE `ai` = 1" (applied to [last_seen, settings] columns)
[2024/08/20 23:14:53]: §3[nLogin] [DEBUG] [SQLite] [UPDATE]: "UPDATE `nlogin` SET `last_name` = 'koqp', `unique_id` = 4df59a0e37e73657a85e01465b119dfe,  `mojang_id` = null,  `bedrock_id` = null,  `password` = '$2a$10$Mouv8c4qyNOkg5cqYl1JQuGvUtUqSX1W.JoiMXPY8/IwE1hsZb.xu', `last_ip` = '0:0:0:0:0:0:0:1%0', `creation_date` = 2024-08-19 05:30:32.744, `last_seen` = 2024-08-20 23:14:53.459, `email` = null, `discord` = null, `settings` = '{"settings":[{"value":"survival","key":"last-server"},{"value":"en","key":"language"}],"version":0}' WHERE `ai` = 1" (applied to [last_ip, last_seen, settings] columns)
[2024/08/20 23:14:53]: [nLogin] The user koqp has successfully logged in.
[2024/08/20 23:16:57]: §3[nLogin] [DEBUG] [SQLite] [UPDATE]: "UPDATE `nlogin` SET `last_name` = 'koqp', `unique_id` = 4df59a0e37e73657a85e01465b119dfe,  `mojang_id` = null,  `bedrock_id` = null,  `password` = '$2a$10$Mouv8c4qyNOkg5cqYl1JQuGvUtUqSX1W.JoiMXPY8/IwE1hsZb.xu', `last_ip` = '0:0:0:0:0:0:0:1%0', `creation_date` = 2024-08-19 05:30:32.744, `last_seen` = 2024-08-20 23:16:57.377, `email` = null, `discord` = null, `settings` = '{"settings":[{"value":"survival","key":"last-server"},{"value":"en","key":"language"}],"version":0}' WHERE `ai` = 1" (applied to [last_seen, settings] columns)
[2024/08/20 23:17:01]: §3[nLogin] [DEBUG] [SQLite] [UPDATE]: "UPDATE `nlogin` SET `last_name` = 'koqp', `unique_id` = 4df59a0e37e73657a85e01465b119dfe,  `mojang_id` = null,  `bedrock_id` = null,  `password` = '$2a$10$Mouv8c4qyNOkg5cqYl1JQuGvUtUqSX1W.JoiMXPY8/IwE1hsZb.xu', `last_ip` = '0:0:0:0:0:0:0:1%0', `creation_date` = 2024-08-19 05:30:32.744, `last_seen` = 2024-08-20 23:17:01.763, `email` = null, `discord` = null, `settings` = '{"settings":[{"value":"survival","key":"last-server"},{"value":"en","key":"language"}],"version":0}' WHERE `ai` = 1" (applied to [last_ip, last_seen, settings] columns)
[2024/08/20 23:17:01]: [nLogin] The user koqp has successfully logged in.
[2024/08/20 23:17:45]: §3[nLogin] [DEBUG] [SQLite] [UPDATE]: "UPDATE `nlogin` SET `last_name` = 'koqp', `unique_id` = 4df59a0e37e73657a85e01465b119dfe,  `mojang_id` = null,  `bedrock_id` = null,  `password` = '$2a$10$Mouv8c4qyNOkg5cqYl1JQuGvUtUqSX1W.JoiMXPY8/IwE1hsZb.xu', `last_ip` = '0:0:0:0:0:0:0:1%0', `creation_date` = 2024-08-19 05:30:32.744, `last_seen` = 2024-08-20 23:17:45.677, `email` = null, `discord` = null, `settings` = '{"settings":[{"value":"survival","key":"last-server"},{"value":"en","key":"language"}],"version":0}' WHERE `ai` = 1" (applied to [last_seen, settings] columns)
[2024/08/20 23:17:49]: §3[nLogin] [DEBUG] [SQLite] [UPDATE]: "UPDATE `nlogin` SET `last_name` = 'koqp', `unique_id` = 4df59a0e37e73657a85e01465b119dfe,  `mojang_id` = null,  `bedrock_id` = null,  `password` = '$2a$10$Mouv8c4qyNOkg5cqYl1JQuGvUtUqSX1W.JoiMXPY8/IwE1hsZb.xu', `last_ip` = '0:0:0:0:0:0:0:1%0', `creation_date` = 2024-08-19 05:30:32.744, `last_seen` = 2024-08-20 23:17:49.205, `email` = null, `discord` = null, `settings` = '{"settings":[{"value":"survival","key":"last-server"},{"value":"en","key":"language"}],"version":0}' WHERE `ai` = 1" (applied to [last_ip, last_seen, settings] columns)
[2024/08/20 23:17:49]: [nLogin] The user koqp has successfully logged in.
[2024/08/20 23:18:34]: §3[nLogin] [DEBUG] [SQLite] [UPDATE]: "UPDATE `nlogin` SET `last_name` = 'Excellent_', `unique_id` = 6dbf0628c49435fdb96c9ab59f6c43f7,  `mojang_id` = null,  `bedrock_id` = null,  `password` = '$2a$10$j6lf6Veiqo/2XwHGTc0nQONOmgRkX0ZJV04Ousf/b8/nXuPd9Rqie', `last_ip` = '0:0:0:0:0:0:0:1%0', `creation_date` = 2024-08-19 20:15:53.327, `last_seen` = 2024-08-20 23:18:34.459, `email` = null, `discord` = null, `settings` = '{"settings":[{"value":"survival","key":"last-server"},{"value":"en","key":"language"}],"version":0}' WHERE `ai` = 3" (applied to [last_ip, last_seen, settings] columns)
[2024/08/20 23:18:34]: [nLogin] The user Excellent_ has successfully logged in.
[2024/08/20 23:18:38]: §3[nLogin] [DEBUG] [SQLite] [UPDATE]: "UPDATE `nlogin` SET `last_name` = 'Excellent_', `unique_id` = 6dbf0628c49435fdb96c9ab59f6c43f7,  `mojang_id` = null,  `bedrock_id` = null,  `password` = '$2a$10$j6lf6Veiqo/2XwHGTc0nQONOmgRkX0ZJV04Ousf/b8/nXuPd9Rqie', `last_ip` = '0:0:0:0:0:0:0:1%0', `creation_date` = 2024-08-19 20:15:53.327, `last_seen` = 2024-08-20 23:18:38.631, `email` = null, `discord` = null, `settings` = '{"settings":[{"value":"survival","key":"last-server"},{"value":"en","key":"language"}],"version":0}' WHERE `ai` = 3" (applied to [last_seen, settings] columns)
[2024/08/20 23:19:36]: §3[nLogin] [DEBUG] [SQLite] [UPDATE]: "UPDATE `nlogin` SET `last_name` = 'koqp', `unique_id` = 4df59a0e37e73657a85e01465b119dfe,  `mojang_id` = null,  `bedrock_id` = null,  `password` = '$2a$10$Mouv8c4qyNOkg5cqYl1JQuGvUtUqSX1W.JoiMXPY8/IwE1hsZb.xu', `last_ip` = '0:0:0:0:0:0:0:1%0', `creation_date` = 2024-08-19 05:30:32.744, `last_seen` = 2024-08-20 23:19:36.177, `email` = null, `discord` = null, `settings` = '{"settings":[{"value":"survival","key":"last-server"},{"value":"en","key":"language"}],"version":0}' WHERE `ai` = 1" (applied to [last_seen, settings] columns)
[2024/08/20 23:19:45]: §3[nLogin] [DEBUG] [SQLite] [UPDATE]: "UPDATE `nlogin` SET `last_name` = 'koqp', `unique_id` = 4df59a0e37e73657a85e01465b119dfe,  `mojang_id` = null,  `bedrock_id` = null,  `password` = '$2a$10$Mouv8c4qyNOkg5cqYl1JQuGvUtUqSX1W.JoiMXPY8/IwE1hsZb.xu', `last_ip` = '0:0:0:0:0:0:0:1%0', `creation_date` = 2024-08-19 05:30:32.744, `last_seen` = 2024-08-20 23:19:45.628, `email` = null, `discord` = null, `settings` = '{"settings":[{"value":"survival","key":"last-server"},{"value":"en","key":"language"}],"version":0}' WHERE `ai` = 1" (applied to [last_ip, last_seen, settings] columns)
[2024/08/20 23:19:45]: [nLogin] The user koqp has successfully logged in.
[2024/08/20 23:27:39]: §3[nLogin] [DEBUG] [SQLite] [UPDATE]: "UPDATE `nlogin` SET `last_name` = 'vilabon', `unique_id` = 1690ea36c1ab3775b8d673bea4bdcf7b,  `mojang_id` = null,  `bedrock_id` = null,  `password` = '$2a$10$jyTE9oqP79KpBrD0O/wl9egh7LxbCX3WSTsOyyeU55.TGMzR4f/HW', `last_ip` = '0:0:0:0:0:0:0:1%0', `creation_date` = 2024-08-19 23:03:18.913, `last_seen` = 2024-08-20 23:27:39.325, `email` = null, `discord` = null, `settings` = '{"settings":[{"value":"survival","key":"last-server"},{"value":"en","key":"language"}],"version":0}' WHERE `ai` = 4" (applied to [last_ip, last_seen, settings] columns)
[2024/08/20 23:27:39]: [nLogin] The user vilabon has successfully logged in.
[2024/08/20 23:27:59]: §3[nLogin] [DEBUG] [SQLite] [UPDATE]: "UPDATE `nlogin` SET `last_name` = 'vilabon', `unique_id` = 1690ea36c1ab3775b8d673bea4bdcf7b,  `mojang_id` = null,  `bedrock_id` = null,  `password` = '$2a$10$jyTE9oqP79KpBrD0O/wl9egh7LxbCX3WSTsOyyeU55.TGMzR4f/HW', `last_ip` = '0:0:0:0:0:0:0:1%0', `creation_date` = 2024-08-19 23:03:18.913, `last_seen` = 2024-08-20 23:27:59.926, `email` = null, `discord` = null, `settings` = '{"settings":[{"value":"survival","key":"last-server"},{"value":"en","key":"language"}],"version":0}' WHERE `ai` = 4" (applied to [last_seen, settings] columns)
[2024/08/20 23:28:10]: §3[nLogin] [DEBUG] [SQLite] [UPDATE]: "UPDATE `nlogin` SET `last_name` = 'vilabon', `unique_id` = 1690ea36c1ab3775b8d673bea4bdcf7b,  `mojang_id` = null,  `bedrock_id` = null,  `password` = '$2a$10$jyTE9oqP79KpBrD0O/wl9egh7LxbCX3WSTsOyyeU55.TGMzR4f/HW', `last_ip` = '0:0:0:0:0:0:0:1%0', `creation_date` = 2024-08-19 23:03:18.913, `last_seen` = 2024-08-20 23:28:10.672, `email` = null, `discord` = null, `settings` = '{"settings":[{"value":"survival","key":"last-server"},{"value":"en","key":"language"}],"version":0}' WHERE `ai` = 4" (applied to [last_ip, last_seen, settings] columns)
[2024/08/20 23:28:10]: [nLogin] The user vilabon has successfully logged in.
[2024/08/20 23:30:20]: §3[nLogin] [DEBUG] [SQLite] [UPDATE]: "UPDATE `nlogin` SET `last_name` = 'koqp', `unique_id` = 4df59a0e37e73657a85e01465b119dfe,  `mojang_id` = null,  `bedrock_id` = null,  `password` = '$2a$10$Mouv8c4qyNOkg5cqYl1JQuGvUtUqSX1W.JoiMXPY8/IwE1hsZb.xu', `last_ip` = '0:0:0:0:0:0:0:1%0', `creation_date` = 2024-08-19 05:30:32.744, `last_seen` = 2024-08-20 23:30:19.927, `email` = null, `discord` = null, `settings` = '{"settings":[{"value":"survival","key":"last-server"},{"value":"en","key":"language"}],"version":0}' WHERE `ai` = 1" (applied to [last_seen, settings] columns)
[2024/08/20 23:30:27]: §3[nLogin] [DEBUG] [SQLite] [UPDATE]: "UPDATE `nlogin` SET `last_name` = 'koqp', `unique_id` = 4df59a0e37e73657a85e01465b119dfe,  `mojang_id` = null,  `bedrock_id` = null,  `password` = '$2a$10$Mouv8c4qyNOkg5cqYl1JQuGvUtUqSX1W.JoiMXPY8/IwE1hsZb.xu', `last_ip` = '0:0:0:0:0:0:0:1%0', `creation_date` = 2024-08-19 05:30:32.744, `last_seen` = 2024-08-20 23:30:27.922, `email` = null, `discord` = null, `settings` = '{"settings":[{"value":"survival","key":"last-server"},{"value":"en","key":"language"}],"version":0}' WHERE `ai` = 1" (applied to [last_ip, last_seen, settings] columns)
[2024/08/20 23:30:27]: [nLogin] The user koqp has successfully logged in.
[2024/08/20 23:36:25]: §3[nLogin] [DEBUG] [SQLite] [UPDATE]: "UPDATE `nlogin` SET `last_name` = 'koqp', `unique_id` = 4df59a0e37e73657a85e01465b119dfe,  `mojang_id` = null,  `bedrock_id` = null,  `password` = '$2a$10$Mouv8c4qyNOkg5cqYl1JQuGvUtUqSX1W.JoiMXPY8/IwE1hsZb.xu', `last_ip` = '0:0:0:0:0:0:0:1%0', `creation_date` = 2024-08-19 05:30:32.744, `last_seen` = 2024-08-20 23:36:25.427, `email` = null, `discord` = null, `settings` = '{"settings":[{"value":"survival","key":"last-server"},{"value":"en","key":"language"}],"version":0}' WHERE `ai` = 1" (applied to [last_seen, settings] columns)
[2024/08/20 23:36:37]: §3[nLogin] [DEBUG] [SQLite] [UPDATE]: "UPDATE `nlogin` SET `last_name` = 'koqp', `unique_id` = 4df59a0e37e73657a85e01465b119dfe,  `mojang_id` = null,  `bedrock_id` = null,  `password` = '$2a$10$Mouv8c4qyNOkg5cqYl1JQuGvUtUqSX1W.JoiMXPY8/IwE1hsZb.xu', `last_ip` = '0:0:0:0:0:0:0:1%0', `creation_date` = 2024-08-19 05:30:32.744, `last_seen` = 2024-08-20 23:36:37.269, `email` = null, `discord` = null, `settings` = '{"settings":[{"value":"survival","key":"last-server"},{"value":"en","key":"language"}],"version":0}' WHERE `ai` = 1" (applied to [last_ip, last_seen, settings] columns)
[2024/08/20 23:36:37]: [nLogin] The user koqp has successfully logged in.
[2024/08/21 00:07:18]: §3[nLogin] [DEBUG] [SQLite] [UPDATE]: "UPDATE `nlogin` SET `last_name` = 'koqp', `unique_id` = 4df59a0e37e73657a85e01465b119dfe,  `mojang_id` = null,  `bedrock_id` = null,  `password` = '$2a$10$Mouv8c4qyNOkg5cqYl1JQuGvUtUqSX1W.JoiMXPY8/IwE1hsZb.xu', `last_ip` = '0:0:0:0:0:0:0:1%0', `creation_date` = 2024-08-19 05:30:32.744, `last_seen` = 2024-08-21 00:07:18.177, `email` = null, `discord` = null, `settings` = '{"settings":[{"value":"survival","key":"last-server"},{"value":"en","key":"language"}],"version":0}' WHERE `ai` = 1" (applied to [last_seen, settings] columns)
[2024/08/21 00:07:49]: §3[nLogin] [DEBUG] [SQLite] [UPDATE]: "UPDATE `nlogin` SET `last_name` = 'koqp', `unique_id` = 4df59a0e37e73657a85e01465b119dfe,  `mojang_id` = null,  `bedrock_id` = null,  `password` = '$2a$10$Mouv8c4qyNOkg5cqYl1JQuGvUtUqSX1W.JoiMXPY8/IwE1hsZb.xu', `last_ip` = '0:0:0:0:0:0:0:1%0', `creation_date` = 2024-08-19 05:30:32.744, `last_seen` = 2024-08-21 00:07:49.256, `email` = null, `discord` = null, `settings` = '{"settings":[{"value":"survival","key":"last-server"},{"value":"en","key":"language"}],"version":0}' WHERE `ai` = 1" (applied to [last_ip, last_seen, settings] columns)
[2024/08/21 00:07:49]: [nLogin] The user koqp has successfully logged in.
[2024/08/21 00:14:51]: §3[nLogin] [DEBUG] [SQLite] [UPDATE]: "UPDATE `nlogin` SET `last_name` = 'koqp', `unique_id` = 4df59a0e37e73657a85e01465b119dfe,  `mojang_id` = null,  `bedrock_id` = null,  `password` = '$2a$10$Mouv8c4qyNOkg5cqYl1JQuGvUtUqSX1W.JoiMXPY8/IwE1hsZb.xu', `last_ip` = '0:0:0:0:0:0:0:1%0', `creation_date` = 2024-08-19 05:30:32.744, `last_seen` = 2024-08-21 00:14:51.427, `email` = null, `discord` = null, `settings` = '{"settings":[{"value":"survival","key":"last-server"},{"value":"en","key":"language"}],"version":0}' WHERE `ai` = 1" (applied to [last_seen, settings] columns)
[2024/08/21 00:15:19]: §3[nLogin] [DEBUG] The koqp (0:0:0:0:0:0:0:1%0) player entered an incorrect password
[2024/08/21 00:15:23]: §3[nLogin] [DEBUG] [SQLite] [UPDATE]: "UPDATE `nlogin` SET `last_name` = 'koqp', `unique_id` = 4df59a0e37e73657a85e01465b119dfe,  `mojang_id` = null,  `bedrock_id` = null,  `password` = '$2a$10$Mouv8c4qyNOkg5cqYl1JQuGvUtUqSX1W.JoiMXPY8/IwE1hsZb.xu', `last_ip` = '0:0:0:0:0:0:0:1%0', `creation_date` = 2024-08-19 05:30:32.744, `last_seen` = 2024-08-21 00:15:23.84, `email` = null, `discord` = null, `settings` = '{"settings":[{"value":"survival","key":"last-server"},{"value":"en","key":"language"}],"version":0}' WHERE `ai` = 1" (applied to [last_ip, last_seen, settings] columns)
[2024/08/21 00:15:23]: [nLogin] The user koqp has successfully logged in.
[2024/08/21 00:22:27]: §3[nLogin] [DEBUG] [SQLite] [UPDATE]: "UPDATE `nlogin` SET `last_name` = 'koqp', `unique_id` = 4df59a0e37e73657a85e01465b119dfe,  `mojang_id` = null,  `bedrock_id` = null,  `password` = '$2a$10$Mouv8c4qyNOkg5cqYl1JQuGvUtUqSX1W.JoiMXPY8/IwE1hsZb.xu', `last_ip` = '0:0:0:0:0:0:0:1%0', `creation_date` = 2024-08-19 05:30:32.744, `last_seen` = 2024-08-21 00:22:27.072, `email` = null, `discord` = null, `settings` = '{"settings":[{"value":"survival","key":"last-server"},{"value":"en","key":"language"}],"version":0}' WHERE `ai` = 1" (applied to [last_seen, settings] columns)
[2024/08/21 00:22:36]: §3[nLogin] [DEBUG] [SQLite] [UPDATE]: "UPDATE `nlogin` SET `last_name` = 'Excellent_', `unique_id` = 6dbf0628c49435fdb96c9ab59f6c43f7,  `mojang_id` = null,  `bedrock_id` = null,  `password` = '$2a$10$j6lf6Veiqo/2XwHGTc0nQONOmgRkX0ZJV04Ousf/b8/nXuPd9Rqie', `last_ip` = '0:0:0:0:0:0:0:1%0', `creation_date` = 2024-08-19 20:15:53.327, `last_seen` = 2024-08-21 00:22:36.686, `email` = null, `discord` = null, `settings` = '{"settings":[{"value":"survival","key":"last-server"},{"value":"en","key":"language"}],"version":0}' WHERE `ai` = 3" (applied to [last_ip, last_seen, settings] columns)
[2024/08/21 00:22:36]: [nLogin] The user Excellent_ has successfully logged in.
[2024/08/21 00:38:13]: §3[nLogin] [DEBUG] [SQLite] [UPDATE]: "UPDATE `nlogin` SET `last_name` = 'test1', `unique_id` = 889dcaa5928a37e49220e2da97df0d9b,  `mojang_id` = null,  `bedrock_id` = null,  `password` = '$2a$10$WVi.pMyG.AX76ELqGSmj/upM05qsfyjxmj3Qrd3oY6Yp.a0GT5pn6', `last_ip` = '0:0:0:0:0:0:0:1%0', `creation_date` = 2024-08-19 23:10:59.274, `last_seen` = 2024-08-21 00:38:13.621, `email` = null, `discord` = null, `settings` = '{"settings":[{"value":"survival","key":"last-server"},{"value":"en","key":"language"}],"version":0}' WHERE `ai` = 5" (applied to [last_ip, last_seen, settings] columns)
[2024/08/21 00:38:13]: [nLogin] The user test1 has successfully logged in.
[2024/08/21 01:10:04]: §3[nLogin] [DEBUG] [SQLite] [UPDATE]: "UPDATE `nlogin` SET `last_name` = 'Excellent_', `unique_id` = 6dbf0628c49435fdb96c9ab59f6c43f7,  `mojang_id` = null,  `bedrock_id` = null,  `password` = '$2a$10$j6lf6Veiqo/2XwHGTc0nQONOmgRkX0ZJV04Ousf/b8/nXuPd9Rqie', `last_ip` = '0:0:0:0:0:0:0:1%0', `creation_date` = 2024-08-19 20:15:53.327, `last_seen` = 2024-08-21 01:10:04.428, `email` = null, `discord` = null, `settings` = '{"settings":[{"value":"survival","key":"last-server"},{"value":"en","key":"language"}],"version":0}' WHERE `ai` = 3" (applied to [last_seen, settings] columns)
[2024/08/21 01:10:04]: §3[nLogin] [DEBUG] [SQLite] [UPDATE]: "UPDATE `nlogin` SET `last_name` = 'test1', `unique_id` = 889dcaa5928a37e49220e2da97df0d9b,  `mojang_id` = null,  `bedrock_id` = null,  `password` = '$2a$10$WVi.pMyG.AX76ELqGSmj/upM05qsfyjxmj3Qrd3oY6Yp.a0GT5pn6', `last_ip` = '0:0:0:0:0:0:0:1%0', `creation_date` = 2024-08-19 23:10:59.274, `last_seen` = 2024-08-21 01:10:04.427, `email` = null, `discord` = null, `settings` = '{"settings":[{"value":"survival","key":"last-server"},{"value":"en","key":"language"}],"version":0}' WHERE `ai` = 5" (applied to [last_seen, settings] columns)
[2024/08/21 01:10:46]: §3[nLogin] [DEBUG] [SQLite] [UPDATE]: "UPDATE `nlogin` SET `last_name` = 'Excellent_', `unique_id` = 6dbf0628c49435fdb96c9ab59f6c43f7,  `mojang_id` = null,  `bedrock_id` = null,  `password` = '$2a$10$j6lf6Veiqo/2XwHGTc0nQONOmgRkX0ZJV04Ousf/b8/nXuPd9Rqie', `last_ip` = '0:0:0:0:0:0:0:1%0', `creation_date` = 2024-08-19 20:15:53.327, `last_seen` = 2024-08-21 01:10:46.255, `email` = null, `discord` = null, `settings` = '{"settings":[{"value":"survival","key":"last-server"},{"value":"en","key":"language"}],"version":0}' WHERE `ai` = 3" (applied to [last_ip, last_seen, settings] columns)
[2024/08/21 01:10:46]: [nLogin] The user Excellent_ has successfully logged in.
[2024/08/21 01:40:47]: §3[nLogin] [DEBUG] [SQLite] [UPDATE]: "UPDATE `nlogin` SET `last_name` = 'Excellent_', `unique_id` = 6dbf0628c49435fdb96c9ab59f6c43f7,  `mojang_id` = null,  `bedrock_id` = null,  `password` = '$2a$10$j6lf6Veiqo/2XwHGTc0nQONOmgRkX0ZJV04Ousf/b8/nXuPd9Rqie', `last_ip` = '0:0:0:0:0:0:0:1%0', `creation_date` = 2024-08-19 20:15:53.327, `last_seen` = 2024-08-21 01:40:47.927, `email` = null, `discord` = null, `settings` = '{"settings":[{"value":"survival","key":"last-server"},{"value":"en","key":"language"}],"version":0}' WHERE `ai` = 3" (applied to [last_seen, settings] columns)
[2024/08/21 01:41:00]: §3[nLogin] [DEBUG] [SQLite] [UPDATE]: "UPDATE `nlogin` SET `last_name` = 'Excellent_', `unique_id` = 6dbf0628c49435fdb96c9ab59f6c43f7,  `mojang_id` = null,  `bedrock_id` = null,  `password` = '$2a$10$j6lf6Veiqo/2XwHGTc0nQONOmgRkX0ZJV04Ousf/b8/nXuPd9Rqie', `last_ip` = '0:0:0:0:0:0:0:1%0', `creation_date` = 2024-08-19 20:15:53.327, `last_seen` = 2024-08-21 01:41:00.028, `email` = null, `discord` = null, `settings` = '{"settings":[{"value":"survival","key":"last-server"},{"value":"en","key":"language"}],"version":0}' WHERE `ai` = 3" (applied to [last_ip, last_seen, settings] columns)
[2024/08/21 01:41:00]: [nLogin] The user Excellent_ has successfully logged in.
[2024/08/21 01:42:18]: §3[nLogin] [DEBUG] [SQLite] [UPDATE]: "UPDATE `nlogin` SET `last_name` = 'Excellent_', `unique_id` = 6dbf0628c49435fdb96c9ab59f6c43f7,  `mojang_id` = null,  `bedrock_id` = null,  `password` = '$2a$10$j6lf6Veiqo/2XwHGTc0nQONOmgRkX0ZJV04Ousf/b8/nXuPd9Rqie', `last_ip` = '0:0:0:0:0:0:0:1%0', `creation_date` = 2024-08-19 20:15:53.327, `last_seen` = 2024-08-21 01:42:18.426, `email` = null, `discord` = null, `settings` = '{"settings":[{"value":"survival","key":"last-server"},{"value":"en","key":"language"}],"version":0}' WHERE `ai` = 3" (applied to [last_seen, settings] columns)
[2024/08/21 01:42:25]: §3[nLogin] [DEBUG] [SQLite] [UPDATE]: "UPDATE `nlogin` SET `last_name` = 'Excellent_', `unique_id` = 6dbf0628c49435fdb96c9ab59f6c43f7,  `mojang_id` = null,  `bedrock_id` = null,  `password` = '$2a$10$j6lf6Veiqo/2XwHGTc0nQONOmgRkX0ZJV04Ousf/b8/nXuPd9Rqie', `last_ip` = '0:0:0:0:0:0:0:1%0', `creation_date` = 2024-08-19 20:15:53.327, `last_seen` = 2024-08-21 01:42:25.709, `email` = null, `discord` = null, `settings` = '{"settings":[{"value":"survival","key":"last-server"},{"value":"en","key":"language"}],"version":0}' WHERE `ai` = 3" (applied to [last_ip, last_seen, settings] columns)
[2024/08/21 01:42:25]: [nLogin] The user Excellent_ has successfully logged in.
[2024/08/21 01:44:37]: §3[nLogin] [DEBUG] [SQLite] [UPDATE]: "UPDATE `nlogin` SET `last_name` = 'Excellent_', `unique_id` = 6dbf0628c49435fdb96c9ab59f6c43f7,  `mojang_id` = null,  `bedrock_id` = null,  `password` = '$2a$10$j6lf6Veiqo/2XwHGTc0nQONOmgRkX0ZJV04Ousf/b8/nXuPd9Rqie', `last_ip` = '0:0:0:0:0:0:0:1%0', `creation_date` = 2024-08-19 20:15:53.327, `last_seen` = 2024-08-21 01:44:37.177, `email` = null, `discord` = null, `settings` = '{"settings":[{"value":"survival","key":"last-server"},{"value":"en","key":"language"}],"version":0}' WHERE `ai` = 3" (applied to [last_seen, settings] columns)
[2024/08/21 01:45:29]: §3[nLogin] [DEBUG] [SQLite] [UPDATE]: "UPDATE `nlogin` SET `last_name` = 'Excellent_', `unique_id` = 6dbf0628c49435fdb96c9ab59f6c43f7,  `mojang_id` = null,  `bedrock_id` = null,  `password` = '$2a$10$j6lf6Veiqo/2XwHGTc0nQONOmgRkX0ZJV04Ousf/b8/nXuPd9Rqie', `last_ip` = '0:0:0:0:0:0:0:1%0', `creation_date` = 2024-08-19 20:15:53.327, `last_seen` = 2024-08-21 01:45:29.413, `email` = null, `discord` = null, `settings` = '{"settings":[{"value":"survival","key":"last-server"},{"value":"en","key":"language"}],"version":0}' WHERE `ai` = 3" (applied to [last_ip, last_seen, settings] columns)
[2024/08/21 01:45:29]: [nLogin] The user Excellent_ has successfully logged in.
[2024/08/21 01:50:25]: §3[nLogin] [DEBUG] [SQLite] [UPDATE]: "UPDATE `nlogin` SET `last_name` = 'Excellent_', `unique_id` = 6dbf0628c49435fdb96c9ab59f6c43f7,  `mojang_id` = null,  `bedrock_id` = null,  `password` = '$2a$10$j6lf6Veiqo/2XwHGTc0nQONOmgRkX0ZJV04Ousf/b8/nXuPd9Rqie', `last_ip` = '0:0:0:0:0:0:0:1%0', `creation_date` = 2024-08-19 20:15:53.327, `last_seen` = 2024-08-21 01:50:25.548, `email` = null, `discord` = null, `settings` = '{"settings":[{"value":"survival","key":"last-server"},{"value":"en","key":"language"}],"version":0}' WHERE `ai` = 3" (applied to [last_seen, settings] columns)
[2024/08/21 02:03:53]: §3[nLogin] [DEBUG] [SQLite] [UPDATE]: "UPDATE `nlogin` SET `last_name` = 'vilabon', `unique_id` = 1690ea36c1ab3775b8d673bea4bdcf7b,  `mojang_id` = null,  `bedrock_id` = null,  `password` = '$2a$10$jyTE9oqP79KpBrD0O/wl9egh7LxbCX3WSTsOyyeU55.TGMzR4f/HW', `last_ip` = '0:0:0:0:0:0:0:1%0', `creation_date` = 2024-08-19 23:03:18.913, `last_seen` = 2024-08-21 02:03:53.499, `email` = null, `discord` = null, `settings` = '{"settings":[{"value":"lobby","key":"last-server"},{"value":"en","key":"language"}],"version":0}' WHERE `ai` = 4" (applied to [last_seen, settings] columns)
