[2024/08/20 04:21:30]: §9          __             _       
[2024/08/20 04:21:30]: §9  _ __   / /  ___   __ _(_)_ __  
[2024/08/20 04:21:30]: §9 | '_ \ / /  / _ \ / _` | | '_ \ 
[2024/08/20 04:21:30]: §9 | | | / /__| (_) | (_| | | | | |
[2024/08/20 04:21:30]: §9 |_| |_\____/\___/ \__, |_|_| |_|
[2024/08/20 04:21:30]: §9                  |___/            
[2024/08/20 04:21:30]: §9 By: www.nickuc.com - V 10.3.27
[2024/08/20 04:21:30]: §9 
[2024/08/20 04:21:30]: §3[nLogin] [DEBUG] All settings were loaded in 397 ms.
[2024/08/20 04:21:31]: §3[nLogin] [DEBUG] Loading the messages_en.yml message file...
[2024/08/20 04:21:31]: §3[nLogin] [DEBUG] All plugin messages were loaded in 118 ms (languageByClient=false).
[2024/08/20 04:21:31]: §3[nLogin] [DEBUG] All proxy settings were loaded in 30 ms.
[2024/08/20 04:21:31]: §3[nLogin] [DEBUG] Loading database...
[2024/08/20 04:21:31]: §3[nLogin] [DEBUG] Starting logger filter...
[2024/08/20 04:21:36]: 
[2024/08/20 04:21:36]:  §bThank you so much for choosing nLogin! §4<3
[2024/08/20 04:21:36]: 
[2024/08/20 04:21:36]:  §4For your safety, please read the message below:
[2024/08/20 04:21:36]:   §cNever download nLogin from unknown sources.
[2024/08/20 04:21:36]:   §cA modified version may contain malicious software.
[2024/08/20 04:21:36]: 
[2024/08/20 04:21:36]:  §3Trusted sources:
[2024/08/20 04:21:36]:   §bwww.nickuc.com
[2024/08/20 04:21:36]:   §bwww.github.com/nickuc
[2024/08/20 04:21:36]:   §bOpeNLogin installer (from Spigot or GitHub)
[2024/08/20 04:21:36]: 
[2024/08/20 04:21:36]:  §3Official support channels:
[2024/08/20 04:21:36]:   §bDiscord group: §fwww.nickuc.com/discord
[2024/08/20 04:21:36]:   §bDocumentation: §fdocs.nickuc.com/nlogin/
[2024/08/20 04:21:36]:   §bEmail: §fsupport@nickuc.com
[2024/08/20 04:21:36]:   §bYouTube: §fyoutube.com/nickuc
[2024/08/20 04:21:36]: 
[2024/08/20 04:21:36]:  §eTo remove this warning, log in with "nlogin.admin" permission on the server
[2024/08/20 04:21:36]:  §eand click the "Setup plugin" button to configure your plugin.
[2024/08/20 04:21:36]: 
