[2024/08/19 05:28:33]: §9          __             _       
[2024/08/19 05:28:33]: §9  _ __   / /  ___   __ _(_)_ __  
[2024/08/19 05:28:33]: §9 | '_ \ / /  / _ \ / _` | | '_ \ 
[2024/08/19 05:28:33]: §9 | | | / /__| (_) | (_| | | | | |
[2024/08/19 05:28:33]: §9 |_| |_\____/\___/ \__, |_|_| |_|
[2024/08/19 05:28:33]: §9                  |___/            
[2024/08/19 05:28:33]: §9 By: www.nickuc.com - V 10.3.27
[2024/08/19 05:28:33]: §9 
[2024/08/19 05:28:33]: §3[nLogin] [DEBUG] All settings were loaded in 342 ms.
[2024/08/19 05:28:33]: §3[nLogin] [DEBUG] Loading the messages_en.yml message file...
[2024/08/19 05:28:33]: §3[nLogin] [DEBUG] All plugin messages were loaded in 299 ms (languageByClient=false).
[2024/08/19 05:28:33]: §3[nLogin] [DEBUG] All proxy settings were loaded in 21 ms.
[2024/08/19 05:28:33]: §3[nLogin] [DEBUG] Loading database...
[2024/08/19 05:28:34]: [nLogin] Download finished (took 1178ms, hash = bcdd0d07f4e3098e91cba27994818024b78ad4e137c7b7eb64a04b4aa8b23c2b)
[2024/08/19 05:28:34]: [nLogin] Generating RSA keypair... (this may take a while)
[2024/08/19 05:28:35]: [nLogin] The RSA key pair was successfully generated. Took 1.15s
[2024/08/19 05:28:35]: §3[nLogin] [DEBUG] Starting logger filter...
[2024/08/19 05:28:41]: 
[2024/08/19 05:28:41]:  §bThank you so much for choosing nLogin! §4<3
[2024/08/19 05:28:41]: 
[2024/08/19 05:28:41]:  §4For your safety, please read the message below:
[2024/08/19 05:28:41]:   §cNever download nLogin from unknown sources.
[2024/08/19 05:28:41]:   §cA modified version may contain malicious software.
[2024/08/19 05:28:41]: 
[2024/08/19 05:28:41]:  §3Trusted sources:
[2024/08/19 05:28:41]:   §bwww.nickuc.com
[2024/08/19 05:28:41]:   §bwww.github.com/nickuc
[2024/08/19 05:28:41]:   §bOpeNLogin installer (from Spigot or GitHub)
[2024/08/19 05:28:41]: 
[2024/08/19 05:28:41]:  §3Official support channels:
[2024/08/19 05:28:41]:   §bDiscord group: §fwww.nickuc.com/discord
[2024/08/19 05:28:41]:   §bDocumentation: §fdocs.nickuc.com/nlogin/
[2024/08/19 05:28:41]:   §bEmail: §fsupport@nickuc.com
[2024/08/19 05:28:41]:   §bYouTube: §fyoutube.com/nickuc
[2024/08/19 05:28:41]: 
[2024/08/19 05:28:41]:  §eTo remove this warning, log in with "nlogin.admin" permission on the server
[2024/08/19 05:28:41]:  §eand click the "Setup plugin" button to configure your plugin.
[2024/08/19 05:28:41]: 
[2024/08/19 05:30:32]: §3[nLogin] [DEBUG] [SQLite] [UPDATE]: "INSERT INTO `nlogin` (`last_name`, `unique_id`, `mojang_id`, `bedrock_id`, `password`, `last_ip`, `creation_date`, `last_seen`, `email`, `discord`, `settings`) VALUES ('koqp', 4df59a0e37e73657a85e01465b119dfe, null, null, '$2a$10$Mouv8c4qyNOkg5cqYl1JQuGvUtUqSX1W.JoiMXPY8/IwE1hsZb.xu', '0:0:0:0:0:0:0:1%0', '2024-08-19 05:30:32.744', '2024-08-19 05:30:32.744', null, null, null)" (applied to all columns)
[2024/08/19 05:30:32]: [nLogin] The user koqp has successfully registered.
[2024/08/19 06:01:02]: §3[nLogin] [DEBUG] [SQLite] [UPDATE]: "UPDATE `nlogin` SET `last_name` = 'koqp', `unique_id` = 4df59a0e37e73657a85e01465b119dfe,  `mojang_id` = null,  `bedrock_id` = null,  `password` = '$2a$10$Mouv8c4qyNOkg5cqYl1JQuGvUtUqSX1W.JoiMXPY8/IwE1hsZb.xu', `last_ip` = '0:0:0:0:0:0:0:1%0', `creation_date` = 2024-08-19 05:30:32.744, `last_seen` = 2024-08-19 06:01:02.599, `email` = null, `discord` = null, `settings` = '{"settings":[{"value":"survival","key":"last-server"},{"value":"en","key":"language"}],"version":0}' WHERE `ai` = 1" (applied to [last_seen, settings] columns)
