[2024/09/10 19:07:33]: §9          __             _       
[2024/09/10 19:07:33]: §9  _ __   / /  ___   __ _(_)_ __  
[2024/09/10 19:07:33]: §9 | '_ \ / /  / _ \ / _` | | '_ \ 
[2024/09/10 19:07:33]: §9 | | | / /__| (_) | (_| | | | | |
[2024/09/10 19:07:33]: §9 |_| |_\____/\___/ \__, |_|_| |_|
[2024/09/10 19:07:33]: §9                  |___/            
[2024/09/10 19:07:33]: §9 By: www.nickuc.com - V 10.3.27
[2024/09/10 19:07:34]: §9 
[2024/09/10 19:07:35]: §3[nLogin] [DEBUG] All settings were loaded in 1187 ms.
[2024/09/10 19:07:36]: §3[nLogin] [DEBUG] Loading the messages_en.yml message file...
[2024/09/10 19:07:36]: §3[nLogin] [DEBUG] All plugin messages were loaded in 381 ms (languageByClient=false).
[2024/09/10 19:07:36]: §3[nLogin] [DEBUG] All proxy settings were loaded in 29 ms.
[2024/09/10 19:07:36]: §3[nLogin] [DEBUG] Loading database...
[2024/09/10 19:07:37]: §3[nLogin] [DEBUG] Starting logger filter...
[2024/09/10 19:07:42]: 
[2024/09/10 19:07:42]:  §bThank you so much for choosing nLogin! §4<3
[2024/09/10 19:07:42]: 
[2024/09/10 19:07:42]:  §4For your safety, please read the message below:
[2024/09/10 19:07:42]:   §cNever download nLogin from unknown sources.
[2024/09/10 19:07:42]:   §cA modified version may contain malicious software.
[2024/09/10 19:07:42]: 
[2024/09/10 19:07:42]:  §3Trusted sources:
[2024/09/10 19:07:42]:   §bwww.nickuc.com
[2024/09/10 19:07:42]:   §bwww.github.com/nickuc
[2024/09/10 19:07:42]:   §bOpeNLogin installer (from Spigot or GitHub)
[2024/09/10 19:07:42]: 
[2024/09/10 19:07:42]:  §3Official support channels:
[2024/09/10 19:07:42]:   §bDiscord group: §fwww.nickuc.com/discord
[2024/09/10 19:07:42]:   §bDocumentation: §fdocs.nickuc.com/nlogin/
[2024/09/10 19:07:42]:   §bEmail: §fsupport@nickuc.com
[2024/09/10 19:07:42]:   §bYouTube: §fyoutube.com/nickuc
[2024/09/10 19:07:42]: 
[2024/09/10 19:07:42]:  §eTo remove this warning, log in with "nlogin.admin" permission on the server
[2024/09/10 19:07:42]:  §eand click the "Setup plugin" button to configure your plugin.
[2024/09/10 19:07:42]: 
