[2024/09/05 19:31:21]: §9          __             _       
[2024/09/05 19:31:21]: §9  _ __   / /  ___   __ _(_)_ __  
[2024/09/05 19:31:21]: §9 | '_ \ / /  / _ \ / _` | | '_ \ 
[2024/09/05 19:31:21]: §9 | | | / /__| (_) | (_| | | | | |
[2024/09/05 19:31:21]: §9 |_| |_\____/\___/ \__, |_|_| |_|
[2024/09/05 19:31:21]: §9                  |___/            
[2024/09/05 19:31:21]: §9 By: www.nickuc.com - V 10.3.27
[2024/09/05 19:31:21]: §9 
[2024/09/05 19:31:21]: §3[nLogin] [DEBUG] All settings were loaded in 581 ms.
[2024/09/05 19:31:22]: §3[nLogin] [DEBUG] Loading the messages_en.yml message file...
[2024/09/05 19:31:22]: §3[nLogin] [DEBUG] All plugin messages were loaded in 432 ms (languageByClient=false).
[2024/09/05 19:31:22]: §3[nLogin] [DEBUG] All proxy settings were loaded in 34 ms.
[2024/09/05 19:31:22]: §3[nLogin] [DEBUG] Loading database...
[2024/09/05 19:31:23]: §3[nLogin] [DEBUG] Starting logger filter...
[2024/09/05 19:31:28]: 
[2024/09/05 19:31:28]:  §bThank you so much for choosing nLogin! §4<3
[2024/09/05 19:31:28]: 
[2024/09/05 19:31:28]:  §4For your safety, please read the message below:
[2024/09/05 19:31:28]:   §cNever download nLogin from unknown sources.
[2024/09/05 19:31:28]:   §cA modified version may contain malicious software.
[2024/09/05 19:31:28]: 
[2024/09/05 19:31:28]:  §3Trusted sources:
[2024/09/05 19:31:28]:   §bwww.nickuc.com
[2024/09/05 19:31:28]:   §bwww.github.com/nickuc
[2024/09/05 19:31:28]:   §bOpeNLogin installer (from Spigot or GitHub)
[2024/09/05 19:31:28]: 
[2024/09/05 19:31:28]:  §3Official support channels:
[2024/09/05 19:31:28]:   §bDiscord group: §fwww.nickuc.com/discord
[2024/09/05 19:31:28]:   §bDocumentation: §fdocs.nickuc.com/nlogin/
[2024/09/05 19:31:28]:   §bEmail: §fsupport@nickuc.com
[2024/09/05 19:31:28]:   §bYouTube: §fyoutube.com/nickuc
[2024/09/05 19:31:28]: 
[2024/09/05 19:31:28]:  §eTo remove this warning, log in with "nlogin.admin" permission on the server
[2024/09/05 19:31:28]:  §eand click the "Setup plugin" button to configure your plugin.
[2024/09/05 19:31:28]: 
[2024/09/05 19:33:20]: §3[nLogin] [DEBUG] [SQLite] [UPDATE]: "UPDATE `nlogin` SET `last_name` = 'skoe', `unique_id` = d1f02dac297036739c2edb2d10ae6bb9,  `mojang_id` = null,  `bedrock_id` = null,  `password` = '$2a$10$qedOaA6KRBrkziRyVOXUU.wuWTpegyNcaRnDt3VKPlbgmGKuguH7u', `last_ip` = '0:0:0:0:0:0:0:1%0', `creation_date` = 2024-08-29 19:31:13.063, `last_seen` = 2024-09-05 19:33:20.88, `email` = null, `discord` = null, `settings` = '{"settings":[{"value":"survival","key":"last-server"},{"value":"en","key":"language"}],"version":0}' WHERE `ai` = 11" (applied to [last_ip, last_seen, settings] columns)
[2024/09/05 19:33:20]: [nLogin] The user skoe has successfully logged in.
[2024/09/05 19:33:35]: §3[nLogin] [DEBUG] [SQLite] [UPDATE]: "UPDATE `nlogin` SET `last_name` = 'skoe', `unique_id` = d1f02dac297036739c2edb2d10ae6bb9,  `mojang_id` = null,  `bedrock_id` = null,  `password` = '$2a$10$qedOaA6KRBrkziRyVOXUU.wuWTpegyNcaRnDt3VKPlbgmGKuguH7u', `last_ip` = '0:0:0:0:0:0:0:1%0', `creation_date` = 2024-08-29 19:31:13.063, `last_seen` = 2024-09-05 19:33:35.234, `email` = null, `discord` = null, `settings` = '{"settings":[{"value":"survival","key":"last-server"},{"value":"en","key":"language"}],"version":0}' WHERE `ai` = 11" (applied to [last_seen, settings] columns)
[2024/09/05 19:33:45]: §3[nLogin] [DEBUG] [SQLite] [UPDATE]: "UPDATE `nlogin` SET `last_name` = 'skoe', `unique_id` = d1f02dac297036739c2edb2d10ae6bb9,  `mojang_id` = null,  `bedrock_id` = null,  `password` = '$2a$10$qedOaA6KRBrkziRyVOXUU.wuWTpegyNcaRnDt3VKPlbgmGKuguH7u', `last_ip` = '0:0:0:0:0:0:0:1%0', `creation_date` = 2024-08-29 19:31:13.063, `last_seen` = 2024-09-05 19:33:44.991, `email` = null, `discord` = null, `settings` = '{"settings":[{"value":"survival","key":"last-server"},{"value":"en","key":"language"}],"version":0}' WHERE `ai` = 11" (applied to [last_ip, last_seen, settings] columns)
[2024/09/05 19:33:45]: [nLogin] The user skoe has successfully logged in.
[2024/09/05 19:34:00]: §3[nLogin] [DEBUG] [SQLite] [UPDATE]: "UPDATE `nlogin` SET `last_name` = 'skoe', `unique_id` = d1f02dac297036739c2edb2d10ae6bb9,  `mojang_id` = null,  `bedrock_id` = null,  `password` = '$2a$10$qedOaA6KRBrkziRyVOXUU.wuWTpegyNcaRnDt3VKPlbgmGKuguH7u', `last_ip` = '0:0:0:0:0:0:0:1%0', `creation_date` = 2024-08-29 19:31:13.063, `last_seen` = 2024-09-05 19:34:00.732, `email` = null, `discord` = null, `settings` = '{"settings":[{"value":"survival","key":"last-server"},{"value":"en","key":"language"}],"version":0}' WHERE `ai` = 11" (applied to [last_seen, settings] columns)
[2024/09/05 19:34:10]: §3[nLogin] [DEBUG] [SQLite] [UPDATE]: "UPDATE `nlogin` SET `last_name` = 'skoe', `unique_id` = d1f02dac297036739c2edb2d10ae6bb9,  `mojang_id` = null,  `bedrock_id` = null,  `password` = '$2a$10$qedOaA6KRBrkziRyVOXUU.wuWTpegyNcaRnDt3VKPlbgmGKuguH7u', `last_ip` = '0:0:0:0:0:0:0:1%0', `creation_date` = 2024-08-29 19:31:13.063, `last_seen` = 2024-09-05 19:34:10.177, `email` = null, `discord` = null, `settings` = '{"settings":[{"value":"survival","key":"last-server"},{"value":"en","key":"language"}],"version":0}' WHERE `ai` = 11" (applied to [last_ip, last_seen, settings] columns)
[2024/09/05 19:34:10]: [nLogin] The user skoe has successfully logged in.
[2024/09/05 19:36:59]: §3[nLogin] [DEBUG] [SQLite] [UPDATE]: "UPDATE `nlogin` SET `last_name` = 'skoe', `unique_id` = d1f02dac297036739c2edb2d10ae6bb9,  `mojang_id` = null,  `bedrock_id` = null,  `password` = '$2a$10$qedOaA6KRBrkziRyVOXUU.wuWTpegyNcaRnDt3VKPlbgmGKuguH7u', `last_ip` = '0:0:0:0:0:0:0:1%0', `creation_date` = 2024-08-29 19:31:13.063, `last_seen` = 2024-09-05 19:36:59.389, `email` = null, `discord` = null, `settings` = '{"settings":[{"value":"survival","key":"last-server"},{"value":"en","key":"language"}],"version":0}' WHERE `ai` = 11" (applied to [last_seen, settings] columns)
[2024/09/05 19:38:46]: §3[nLogin] [DEBUG] [SQLite] [UPDATE]: "INSERT INTO `nlogin` (`last_name`, `unique_id`, `mojang_id`, `bedrock_id`, `password`, `last_ip`, `creation_date`, `last_seen`, `email`, `discord`, `settings`) VALUES ('human_magican', 9606d85ec24934d987f7cd66388472f3, null, null, '$2a$10$XzMP1aonC/vFZWGbSoCoj.O.zIJcQLJU1vbKRGGqrYEab4.78tDhe', '0:0:0:0:0:0:0:1%0', '2024-09-05 19:38:46.118', '2024-09-05 19:38:46.118', null, null, null)" (applied to all columns)
[2024/09/05 19:38:46]: [nLogin] The user human_magican has successfully registered.
[2024/09/05 19:40:08]: §3[nLogin] [DEBUG] [SQLite] [UPDATE]: "UPDATE `nlogin` SET `last_name` = 'human_magican', `unique_id` = 9606d85ec24934d987f7cd66388472f3,  `mojang_id` = null,  `bedrock_id` = null,  `password` = '$2a$10$XzMP1aonC/vFZWGbSoCoj.O.zIJcQLJU1vbKRGGqrYEab4.78tDhe', `last_ip` = '0:0:0:0:0:0:0:1%0', `creation_date` = 2024-09-05 19:38:46.118, `last_seen` = 2024-09-05 19:40:08.74, `email` = null, `discord` = null, `settings` = '{"settings":[{"value":"survival","key":"last-server"},{"value":"en","key":"language"}],"version":0}' WHERE `ai` = 13" (applied to [last_seen, settings] columns)
[2024/09/05 19:40:32]: §3[nLogin] [DEBUG] [SQLite] [UPDATE]: "INSERT INTO `nlogin` (`last_name`, `unique_id`, `mojang_id`, `bedrock_id`, `password`, `last_ip`, `creation_date`, `last_seen`, `email`, `discord`, `settings`) VALUES ('humanmagican', 4b3eb99562633e0a9a340559aa140c50, null, null, '$2a$10$/UpLECJh2TgMC85uNUjf1Oi1yYtlOfsJkkK4IKIA9pE.O05V0vCSa', '0:0:0:0:0:0:0:1%0', '2024-09-05 19:40:31.927', '2024-09-05 19:40:31.927', null, null, null)" (applied to all columns)
[2024/09/05 19:40:32]: [nLogin] The user humanmagican has successfully registered.
[2024/09/05 19:42:29]: §3[nLogin] [DEBUG] [SQLite] [UPDATE]: "UPDATE `nlogin` SET `last_name` = 'humanmagican', `unique_id` = 4b3eb99562633e0a9a340559aa140c50,  `mojang_id` = null,  `bedrock_id` = null,  `password` = '$2a$10$/UpLECJh2TgMC85uNUjf1Oi1yYtlOfsJkkK4IKIA9pE.O05V0vCSa', `last_ip` = '0:0:0:0:0:0:0:1%0', `creation_date` = 2024-09-05 19:40:31.927, `last_seen` = 2024-09-05 19:42:29.194, `email` = null, `discord` = null, `settings` = '{"settings":[{"value":"survival","key":"last-server"},{"value":"en","key":"language"}],"version":0}' WHERE `ai` = 14" (applied to [last_seen, settings] columns)
[2024/09/05 19:42:57]: §3[nLogin] [DEBUG] [SQLite] [UPDATE]: "UPDATE `nlogin` SET `last_name` = 'humanmagican', `unique_id` = 4b3eb99562633e0a9a340559aa140c50,  `mojang_id` = null,  `bedrock_id` = null,  `password` = '$2a$10$/UpLECJh2TgMC85uNUjf1Oi1yYtlOfsJkkK4IKIA9pE.O05V0vCSa', `last_ip` = '0:0:0:0:0:0:0:1%0', `creation_date` = 2024-09-05 19:40:31.927, `last_seen` = 2024-09-05 19:42:57.128, `email` = null, `discord` = null, `settings` = '{"settings":[{"value":"survival","key":"last-server"},{"value":"en","key":"language"}],"version":0}' WHERE `ai` = 14" (applied to [last_ip, last_seen, settings] columns)
[2024/09/05 19:42:57]: [nLogin] The user humanmagican has successfully logged in.
[2024/09/05 19:43:42]: §3[nLogin] [DEBUG] [SQLite] [UPDATE]: "UPDATE `nlogin` SET `last_name` = 'skoe', `unique_id` = d1f02dac297036739c2edb2d10ae6bb9,  `mojang_id` = null,  `bedrock_id` = null,  `password` = '$2a$10$qedOaA6KRBrkziRyVOXUU.wuWTpegyNcaRnDt3VKPlbgmGKuguH7u', `last_ip` = '0:0:0:0:0:0:0:1%0', `creation_date` = 2024-08-29 19:31:13.063, `last_seen` = 2024-09-05 19:43:41.999, `email` = null, `discord` = null, `settings` = '{"settings":[{"value":"survival","key":"last-server"},{"value":"en","key":"language"}],"version":0}' WHERE `ai` = 11" (applied to [last_ip, last_seen, settings] columns)
[2024/09/05 19:43:42]: [nLogin] The user skoe has successfully logged in.
[2024/09/05 19:46:45]: §3[nLogin] [DEBUG] [SQLite] [UPDATE]: "UPDATE `nlogin` SET `last_name` = 'Excellent_', `unique_id` = 6dbf0628c49435fdb96c9ab59f6c43f7,  `mojang_id` = null,  `bedrock_id` = null,  `password` = '$2a$10$j6lf6Veiqo/2XwHGTc0nQONOmgRkX0ZJV04Ousf/b8/nXuPd9Rqie', `last_ip` = '0:0:0:0:0:0:0:1%0', `creation_date` = 2024-08-19 20:15:53.327, `last_seen` = 2024-09-05 19:46:45.805, `email` = null, `discord` = null, `settings` = '{"settings":[{"value":"survival","key":"last-server"},{"value":"en","key":"language"}],"version":0}' WHERE `ai` = 3" (applied to [last_ip, last_seen, settings] columns)
[2024/09/05 19:46:45]: [nLogin] The user Excellent_ has successfully logged in.
[2024/09/05 19:47:29]: §3[nLogin] [DEBUG] [SQLite] [UPDATE]: "UPDATE `nlogin` SET `last_name` = 'skoe', `unique_id` = d1f02dac297036739c2edb2d10ae6bb9,  `mojang_id` = null,  `bedrock_id` = null,  `password` = '$2a$10$qedOaA6KRBrkziRyVOXUU.wuWTpegyNcaRnDt3VKPlbgmGKuguH7u', `last_ip` = '0:0:0:0:0:0:0:1%0', `creation_date` = 2024-08-29 19:31:13.063, `last_seen` = 2024-09-05 19:47:29.185, `email` = null, `discord` = null, `settings` = '{"settings":[{"value":"survival","key":"last-server"},{"value":"en","key":"language"}],"version":0}' WHERE `ai` = 11" (applied to [last_seen, settings] columns)
[2024/09/05 19:52:52]: §3[nLogin] [DEBUG] [SQLite] [UPDATE]: "UPDATE `nlogin` SET `last_name` = 'Excellent_', `unique_id` = 6dbf0628c49435fdb96c9ab59f6c43f7,  `mojang_id` = null,  `bedrock_id` = null,  `password` = '$2a$10$j6lf6Veiqo/2XwHGTc0nQONOmgRkX0ZJV04Ousf/b8/nXuPd9Rqie', `last_ip` = '0:0:0:0:0:0:0:1%0', `creation_date` = 2024-08-19 20:15:53.327, `last_seen` = 2024-09-05 19:52:52.517, `email` = null, `discord` = null, `settings` = '{"settings":[{"value":"survival","key":"last-server"},{"value":"en","key":"language"}],"version":0}' WHERE `ai` = 3" (applied to [last_seen, settings] columns)
[2024/09/05 19:53:25]: §3[nLogin] [DEBUG] [SQLite] [UPDATE]: "UPDATE `nlogin` SET `last_name` = 'humanmagican', `unique_id` = 4b3eb99562633e0a9a340559aa140c50,  `mojang_id` = null,  `bedrock_id` = null,  `password` = '$2a$10$/UpLECJh2TgMC85uNUjf1Oi1yYtlOfsJkkK4IKIA9pE.O05V0vCSa', `last_ip` = '0:0:0:0:0:0:0:1%0', `creation_date` = 2024-09-05 19:40:31.927, `last_seen` = 2024-09-05 19:53:25.726, `email` = null, `discord` = null, `settings` = '{"settings":[{"value":"survival","key":"last-server"},{"value":"en","key":"language"}],"version":0}' WHERE `ai` = 14" (applied to [last_seen, settings] columns)
