[2024/08/22 02:09:16]: §9          __             _       
[2024/08/22 02:09:16]: §9  _ __   / /  ___   __ _(_)_ __  
[2024/08/22 02:09:16]: §9 | '_ \ / /  / _ \ / _` | | '_ \ 
[2024/08/22 02:09:16]: §9 | | | / /__| (_) | (_| | | | | |
[2024/08/22 02:09:16]: §9 |_| |_\____/\___/ \__, |_|_| |_|
[2024/08/22 02:09:16]: §9                  |___/            
[2024/08/22 02:09:16]: §9 By: www.nickuc.com - V 10.3.27
[2024/08/22 02:09:16]: §9 
[2024/08/22 02:09:17]: §3[nLogin] [DEBUG] All settings were loaded in 525 ms.
[2024/08/22 02:09:17]: §3[nLogin] [DEBUG] Loading the messages_en.yml message file...
[2024/08/22 02:09:17]: §3[nLogin] [DEBUG] All plugin messages were loaded in 297 ms (languageByClient=false).
[2024/08/22 02:09:17]: §3[nLogin] [DEBUG] All proxy settings were loaded in 20 ms.
[2024/08/22 02:09:17]: §3[nLogin] [DEBUG] Loading database...
[2024/08/22 02:09:18]: §3[nLogin] [DEBUG] Starting logger filter...
[2024/08/22 02:09:23]: 
[2024/08/22 02:09:23]:  §bThank you so much for choosing nLogin! §4<3
[2024/08/22 02:09:23]: 
[2024/08/22 02:09:23]:  §4For your safety, please read the message below:
[2024/08/22 02:09:23]:   §cNever download nLogin from unknown sources.
[2024/08/22 02:09:23]:   §cA modified version may contain malicious software.
[2024/08/22 02:09:23]: 
[2024/08/22 02:09:23]:  §3Trusted sources:
[2024/08/22 02:09:23]:   §bwww.nickuc.com
[2024/08/22 02:09:23]:   §bwww.github.com/nickuc
[2024/08/22 02:09:23]:   §bOpeNLogin installer (from Spigot or GitHub)
[2024/08/22 02:09:23]: 
[2024/08/22 02:09:23]:  §3Official support channels:
[2024/08/22 02:09:23]:   §bDiscord group: §fwww.nickuc.com/discord
[2024/08/22 02:09:23]:   §bDocumentation: §fdocs.nickuc.com/nlogin/
[2024/08/22 02:09:23]:   §bEmail: §fsupport@nickuc.com
[2024/08/22 02:09:23]:   §bYouTube: §fyoutube.com/nickuc
[2024/08/22 02:09:23]: 
[2024/08/22 02:09:23]:  §eTo remove this warning, log in with "nlogin.admin" permission on the server
[2024/08/22 02:09:23]:  §eand click the "Setup plugin" button to configure your plugin.
[2024/08/22 02:09:23]: 
[2024/08/22 02:09:37]: §3[nLogin] [DEBUG] [SQLite] [UPDATE]: "UPDATE `nlogin` SET `last_name` = 'Excellent_', `unique_id` = 6dbf0628c49435fdb96c9ab59f6c43f7,  `mojang_id` = null,  `bedrock_id` = null,  `password` = '$2a$10$j6lf6Veiqo/2XwHGTc0nQONOmgRkX0ZJV04Ousf/b8/nXuPd9Rqie', `last_ip` = '0:0:0:0:0:0:0:1%0', `creation_date` = 2024-08-19 20:15:53.327, `last_seen` = 2024-08-22 02:09:37.504, `email` = null, `discord` = null, `settings` = '{"settings":[{"value":"survival","key":"last-server"},{"value":"en","key":"language"}],"version":0}' WHERE `ai` = 3" (applied to [last_ip, last_seen, settings] columns)
[2024/08/22 02:09:37]: [nLogin] The user Excellent_ has successfully logged in.
[2024/08/22 02:14:07]: §3[nLogin] [DEBUG] [SQLite] [UPDATE]: "UPDATE `nlogin` SET `last_name` = 'Excellent_', `unique_id` = 6dbf0628c49435fdb96c9ab59f6c43f7,  `mojang_id` = null,  `bedrock_id` = null,  `password` = '$2a$10$j6lf6Veiqo/2XwHGTc0nQONOmgRkX0ZJV04Ousf/b8/nXuPd9Rqie', `last_ip` = '0:0:0:0:0:0:0:1%0', `creation_date` = 2024-08-19 20:15:53.327, `last_seen` = 2024-08-22 02:14:07.856, `email` = null, `discord` = null, `settings` = '{"settings":[{"value":"survival","key":"last-server"},{"value":"en","key":"language"}],"version":0}' WHERE `ai` = 3" (applied to [last_seen, settings] columns)
[2024/08/22 02:14:16]: §3[nLogin] [DEBUG] [SQLite] [UPDATE]: "UPDATE `nlogin` SET `last_name` = 'Excellent_', `unique_id` = 6dbf0628c49435fdb96c9ab59f6c43f7,  `mojang_id` = null,  `bedrock_id` = null,  `password` = '$2a$10$j6lf6Veiqo/2XwHGTc0nQONOmgRkX0ZJV04Ousf/b8/nXuPd9Rqie', `last_ip` = '0:0:0:0:0:0:0:1%0', `creation_date` = 2024-08-19 20:15:53.327, `last_seen` = 2024-08-22 02:14:16.794, `email` = null, `discord` = null, `settings` = '{"settings":[{"value":"survival","key":"last-server"},{"value":"en","key":"language"}],"version":0}' WHERE `ai` = 3" (applied to [last_ip, last_seen, settings] columns)
[2024/08/22 02:14:16]: [nLogin] The user Excellent_ has successfully logged in.
[2024/08/22 02:17:00]: §3[nLogin] [DEBUG] [SQLite] [UPDATE]: "UPDATE `nlogin` SET `last_name` = 'Excellent_', `unique_id` = 6dbf0628c49435fdb96c9ab59f6c43f7,  `mojang_id` = null,  `bedrock_id` = null,  `password` = '$2a$10$j6lf6Veiqo/2XwHGTc0nQONOmgRkX0ZJV04Ousf/b8/nXuPd9Rqie', `last_ip` = '0:0:0:0:0:0:0:1%0', `creation_date` = 2024-08-19 20:15:53.327, `last_seen` = 2024-08-22 02:17:00.813, `email` = null, `discord` = null, `settings` = '{"settings":[{"value":"survival","key":"last-server"},{"value":"en","key":"language"}],"version":0}' WHERE `ai` = 3" (applied to [last_seen, settings] columns)
[2024/08/22 02:17:04]: §3[nLogin] [DEBUG] [SQLite] [UPDATE]: "UPDATE `nlogin` SET `last_name` = 'Excellent_', `unique_id` = 6dbf0628c49435fdb96c9ab59f6c43f7,  `mojang_id` = null,  `bedrock_id` = null,  `password` = '$2a$10$j6lf6Veiqo/2XwHGTc0nQONOmgRkX0ZJV04Ousf/b8/nXuPd9Rqie', `last_ip` = '0:0:0:0:0:0:0:1%0', `creation_date` = 2024-08-19 20:15:53.327, `last_seen` = 2024-08-22 02:17:04.9, `email` = null, `discord` = null, `settings` = '{"settings":[{"value":"survival","key":"last-server"},{"value":"en","key":"language"}],"version":0}' WHERE `ai` = 3" (applied to [last_ip, last_seen, settings] columns)
[2024/08/22 02:17:04]: [nLogin] The user Excellent_ has successfully logged in.
[2024/08/22 02:18:16]: §3[nLogin] [DEBUG] [SQLite] [UPDATE]: "UPDATE `nlogin` SET `last_name` = 'Excellent_', `unique_id` = 6dbf0628c49435fdb96c9ab59f6c43f7,  `mojang_id` = null,  `bedrock_id` = null,  `password` = '$2a$10$j6lf6Veiqo/2XwHGTc0nQONOmgRkX0ZJV04Ousf/b8/nXuPd9Rqie', `last_ip` = '0:0:0:0:0:0:0:1%0', `creation_date` = 2024-08-19 20:15:53.327, `last_seen` = 2024-08-22 02:18:16.076, `email` = null, `discord` = null, `settings` = '{"settings":[{"value":"survival","key":"last-server"},{"value":"en","key":"language"}],"version":0}' WHERE `ai` = 3" (applied to [last_seen, settings] columns)
[2024/08/22 02:18:19]: §3[nLogin] [DEBUG] [SQLite] [UPDATE]: "UPDATE `nlogin` SET `last_name` = 'Excellent_', `unique_id` = 6dbf0628c49435fdb96c9ab59f6c43f7,  `mojang_id` = null,  `bedrock_id` = null,  `password` = '$2a$10$j6lf6Veiqo/2XwHGTc0nQONOmgRkX0ZJV04Ousf/b8/nXuPd9Rqie', `last_ip` = '0:0:0:0:0:0:0:1%0', `creation_date` = 2024-08-19 20:15:53.327, `last_seen` = 2024-08-22 02:18:19.794, `email` = null, `discord` = null, `settings` = '{"settings":[{"value":"survival","key":"last-server"},{"value":"en","key":"language"}],"version":0}' WHERE `ai` = 3" (applied to [last_ip, last_seen, settings] columns)
[2024/08/22 02:18:19]: [nLogin] The user Excellent_ has successfully logged in.
[2024/08/22 02:20:50]: §3[nLogin] [DEBUG] [SQLite] [UPDATE]: "UPDATE `nlogin` SET `last_name` = 'Excellent_', `unique_id` = 6dbf0628c49435fdb96c9ab59f6c43f7,  `mojang_id` = null,  `bedrock_id` = null,  `password` = '$2a$10$j6lf6Veiqo/2XwHGTc0nQONOmgRkX0ZJV04Ousf/b8/nXuPd9Rqie', `last_ip` = '0:0:0:0:0:0:0:1%0', `creation_date` = 2024-08-19 20:15:53.327, `last_seen` = 2024-08-22 02:20:50.714, `email` = null, `discord` = null, `settings` = '{"settings":[{"value":"survival","key":"last-server"},{"value":"en","key":"language"}],"version":0}' WHERE `ai` = 3" (applied to [last_seen, settings] columns)
[2024/08/22 02:20:55]: §3[nLogin] [DEBUG] [SQLite] [UPDATE]: "UPDATE `nlogin` SET `last_name` = 'Excellent_', `unique_id` = 6dbf0628c49435fdb96c9ab59f6c43f7,  `mojang_id` = null,  `bedrock_id` = null,  `password` = '$2a$10$j6lf6Veiqo/2XwHGTc0nQONOmgRkX0ZJV04Ousf/b8/nXuPd9Rqie', `last_ip` = '0:0:0:0:0:0:0:1%0', `creation_date` = 2024-08-19 20:15:53.327, `last_seen` = 2024-08-22 02:20:55.462, `email` = null, `discord` = null, `settings` = '{"settings":[{"value":"survival","key":"last-server"},{"value":"en","key":"language"}],"version":0}' WHERE `ai` = 3" (applied to [last_ip, last_seen, settings] columns)
[2024/08/22 02:20:55]: [nLogin] The user Excellent_ has successfully logged in.
[2024/08/22 02:35:15]: §3[nLogin] [DEBUG] [SQLite] [UPDATE]: "UPDATE `nlogin` SET `last_name` = 'Excellent_', `unique_id` = 6dbf0628c49435fdb96c9ab59f6c43f7,  `mojang_id` = null,  `bedrock_id` = null,  `password` = '$2a$10$j6lf6Veiqo/2XwHGTc0nQONOmgRkX0ZJV04Ousf/b8/nXuPd9Rqie', `last_ip` = '0:0:0:0:0:0:0:1%0', `creation_date` = 2024-08-19 20:15:53.327, `last_seen` = 2024-08-22 02:35:15.665, `email` = null, `discord` = null, `settings` = '{"settings":[{"value":"survival","key":"last-server"},{"value":"en","key":"language"}],"version":0}' WHERE `ai` = 3" (applied to [last_seen, settings] columns)
[2024/08/22 02:35:19]: §3[nLogin] [DEBUG] [SQLite] [UPDATE]: "UPDATE `nlogin` SET `last_name` = 'Excellent_', `unique_id` = 6dbf0628c49435fdb96c9ab59f6c43f7,  `mojang_id` = null,  `bedrock_id` = null,  `password` = '$2a$10$j6lf6Veiqo/2XwHGTc0nQONOmgRkX0ZJV04Ousf/b8/nXuPd9Rqie', `last_ip` = '0:0:0:0:0:0:0:1%0', `creation_date` = 2024-08-19 20:15:53.327, `last_seen` = 2024-08-22 02:35:19.554, `email` = null, `discord` = null, `settings` = '{"settings":[{"value":"survival","key":"last-server"},{"value":"en","key":"language"}],"version":0}' WHERE `ai` = 3" (applied to [last_ip, last_seen, settings] columns)
[2024/08/22 02:35:19]: [nLogin] The user Excellent_ has successfully logged in.
[2024/08/22 02:53:39]: §3[nLogin] [DEBUG] [SQLite] [UPDATE]: "UPDATE `nlogin` SET `last_name` = 'Excellent_', `unique_id` = 6dbf0628c49435fdb96c9ab59f6c43f7,  `mojang_id` = null,  `bedrock_id` = null,  `password` = '$2a$10$j6lf6Veiqo/2XwHGTc0nQONOmgRkX0ZJV04Ousf/b8/nXuPd9Rqie', `last_ip` = '0:0:0:0:0:0:0:1%0', `creation_date` = 2024-08-19 20:15:53.327, `last_seen` = 2024-08-22 02:53:39.597, `email` = null, `discord` = null, `settings` = '{"settings":[{"value":"survival","key":"last-server"},{"value":"en","key":"language"}],"version":0}' WHERE `ai` = 3" (applied to [last_seen, settings] columns)
[2024/08/22 02:53:44]: §3[nLogin] [DEBUG] [SQLite] [UPDATE]: "UPDATE `nlogin` SET `last_name` = 'Excellent_', `unique_id` = 6dbf0628c49435fdb96c9ab59f6c43f7,  `mojang_id` = null,  `bedrock_id` = null,  `password` = '$2a$10$j6lf6Veiqo/2XwHGTc0nQONOmgRkX0ZJV04Ousf/b8/nXuPd9Rqie', `last_ip` = '0:0:0:0:0:0:0:1%0', `creation_date` = 2024-08-19 20:15:53.327, `last_seen` = 2024-08-22 02:53:43.974, `email` = null, `discord` = null, `settings` = '{"settings":[{"value":"survival","key":"last-server"},{"value":"en","key":"language"}],"version":0}' WHERE `ai` = 3" (applied to [last_ip, last_seen, settings] columns)
[2024/08/22 02:53:44]: [nLogin] The user Excellent_ has successfully logged in.
[2024/08/22 02:59:53]: §3[nLogin] [DEBUG] [SQLite] [UPDATE]: "UPDATE `nlogin` SET `last_name` = 'Excellent_', `unique_id` = 6dbf0628c49435fdb96c9ab59f6c43f7,  `mojang_id` = null,  `bedrock_id` = null,  `password` = '$2a$10$j6lf6Veiqo/2XwHGTc0nQONOmgRkX0ZJV04Ousf/b8/nXuPd9Rqie', `last_ip` = '0:0:0:0:0:0:0:1%0', `creation_date` = 2024-08-19 20:15:53.327, `last_seen` = 2024-08-22 02:59:53.24, `email` = null, `discord` = null, `settings` = '{"settings":[{"value":"survival","key":"last-server"},{"value":"en","key":"language"}],"version":0}' WHERE `ai` = 3" (applied to [last_seen, settings] columns)
[2024/08/22 02:59:57]: §3[nLogin] [DEBUG] [SQLite] [UPDATE]: "UPDATE `nlogin` SET `last_name` = 'Excellent_', `unique_id` = 6dbf0628c49435fdb96c9ab59f6c43f7,  `mojang_id` = null,  `bedrock_id` = null,  `password` = '$2a$10$j6lf6Veiqo/2XwHGTc0nQONOmgRkX0ZJV04Ousf/b8/nXuPd9Rqie', `last_ip` = '0:0:0:0:0:0:0:1%0', `creation_date` = 2024-08-19 20:15:53.327, `last_seen` = 2024-08-22 02:59:57.121, `email` = null, `discord` = null, `settings` = '{"settings":[{"value":"survival","key":"last-server"},{"value":"en","key":"language"}],"version":0}' WHERE `ai` = 3" (applied to [last_ip, last_seen, settings] columns)
[2024/08/22 02:59:57]: [nLogin] The user Excellent_ has successfully logged in.
[2024/08/22 03:00:39]: §3[nLogin] [DEBUG] The test1 (0:0:0:0:0:0:0:1%0) player entered an incorrect password
[2024/08/22 03:00:43]: §3[nLogin] [DEBUG] [SQLite] [UPDATE]: "UPDATE `nlogin` SET `last_name` = 'test1', `unique_id` = 889dcaa5928a37e49220e2da97df0d9b,  `mojang_id` = null,  `bedrock_id` = null,  `password` = '$2a$10$WVi.pMyG.AX76ELqGSmj/upM05qsfyjxmj3Qrd3oY6Yp.a0GT5pn6', `last_ip` = '0:0:0:0:0:0:0:1%0', `creation_date` = 2024-08-19 23:10:59.274, `last_seen` = 2024-08-22 03:00:43.955, `email` = null, `discord` = null, `settings` = '{"settings":[{"value":"survival","key":"last-server"},{"value":"en","key":"language"}],"version":0}' WHERE `ai` = 5" (applied to [last_ip, last_seen, settings] columns)
[2024/08/22 03:00:43]: [nLogin] The user test1 has successfully logged in.
[2024/08/22 03:05:14]: §3[nLogin] [DEBUG] [SQLite] [UPDATE]: "UPDATE `nlogin` SET `last_name` = 'vilabon', `unique_id` = 1690ea36c1ab3775b8d673bea4bdcf7b,  `mojang_id` = null,  `bedrock_id` = null,  `password` = '$2a$10$jyTE9oqP79KpBrD0O/wl9egh7LxbCX3WSTsOyyeU55.TGMzR4f/HW', `last_ip` = '0:0:0:0:0:0:0:1%0', `creation_date` = 2024-08-19 23:03:18.913, `last_seen` = 2024-08-22 03:05:14.559, `email` = null, `discord` = null, `settings` = '{"settings":[{"value":"survival","key":"last-server"},{"value":"en","key":"language"}],"version":0}' WHERE `ai` = 4" (applied to [last_ip, last_seen, settings] columns)
[2024/08/22 03:05:14]: [nLogin] The user vilabon has successfully logged in.
[2024/08/22 03:16:10]: §3[nLogin] [DEBUG] [SQLite] [UPDATE]: "UPDATE `nlogin` SET `last_name` = 'test1', `unique_id` = 889dcaa5928a37e49220e2da97df0d9b,  `mojang_id` = null,  `bedrock_id` = null,  `password` = '$2a$10$WVi.pMyG.AX76ELqGSmj/upM05qsfyjxmj3Qrd3oY6Yp.a0GT5pn6', `last_ip` = '0:0:0:0:0:0:0:1%0', `creation_date` = 2024-08-19 23:10:59.274, `last_seen` = 2024-08-22 03:16:10.871, `email` = null, `discord` = null, `settings` = '{"settings":[{"value":"survival","key":"last-server"},{"value":"en","key":"language"}],"version":0}' WHERE `ai` = 5" (applied to [last_seen, settings] columns)
[2024/08/22 04:11:24]: §3[nLogin] [DEBUG] [SQLite] [UPDATE]: "UPDATE `nlogin` SET `last_name` = 'vilabon', `unique_id` = 1690ea36c1ab3775b8d673bea4bdcf7b,  `mojang_id` = null,  `bedrock_id` = null,  `password` = '$2a$10$jyTE9oqP79KpBrD0O/wl9egh7LxbCX3WSTsOyyeU55.TGMzR4f/HW', `last_ip` = '0:0:0:0:0:0:0:1%0', `creation_date` = 2024-08-19 23:03:18.913, `last_seen` = 2024-08-22 04:11:24.232, `email` = null, `discord` = null, `settings` = '{"settings":[{"value":"survival","key":"last-server"},{"value":"en","key":"language"}],"version":0}' WHERE `ai` = 4" (applied to [last_seen, settings] columns)
