[2024/08/22 18:58:54]: §9          __             _       
[2024/08/22 18:58:54]: §9  _ __   / /  ___   __ _(_)_ __  
[2024/08/22 18:58:54]: §9 | '_ \ / /  / _ \ / _` | | '_ \ 
[2024/08/22 18:58:54]: §9 | | | / /__| (_) | (_| | | | | |
[2024/08/22 18:58:54]: §9 |_| |_\____/\___/ \__, |_|_| |_|
[2024/08/22 18:58:54]: §9                  |___/            
[2024/08/22 18:58:54]: §9 By: www.nickuc.com - V 10.3.27
[2024/08/22 18:58:54]: §9 
[2024/08/22 18:58:54]: §3[nLogin] [DEBUG] All settings were loaded in 653 ms.
[2024/08/22 18:58:55]: §3[nLogin] [DEBUG] Loading the messages_en.yml message file...
[2024/08/22 18:58:55]: §3[nLogin] [DEBUG] All plugin messages were loaded in 419 ms (languageByClient=false).
[2024/08/22 18:58:55]: §3[nLogin] [DEBUG] All proxy settings were loaded in 35 ms.
[2024/08/22 18:58:55]: §3[nLogin] [DEBUG] Loading database...
[2024/08/22 18:58:55]: §3[nLogin] [DEBUG] Starting logger filter...
[2024/08/22 18:59:01]: 
[2024/08/22 18:59:01]:  §bThank you so much for choosing nLogin! §4<3
[2024/08/22 18:59:01]: 
[2024/08/22 18:59:01]:  §4For your safety, please read the message below:
[2024/08/22 18:59:01]:   §cNever download nLogin from unknown sources.
[2024/08/22 18:59:01]:   §cA modified version may contain malicious software.
[2024/08/22 18:59:01]: 
[2024/08/22 18:59:01]:  §3Trusted sources:
[2024/08/22 18:59:01]:   §bwww.nickuc.com
[2024/08/22 18:59:01]:   §bwww.github.com/nickuc
[2024/08/22 18:59:01]:   §bOpeNLogin installer (from Spigot or GitHub)
[2024/08/22 18:59:01]: 
[2024/08/22 18:59:01]:  §3Official support channels:
[2024/08/22 18:59:01]:   §bDiscord group: §fwww.nickuc.com/discord
[2024/08/22 18:59:01]:   §bDocumentation: §fdocs.nickuc.com/nlogin/
[2024/08/22 18:59:01]:   §bEmail: §fsupport@nickuc.com
[2024/08/22 18:59:01]:   §bYouTube: §fyoutube.com/nickuc
[2024/08/22 18:59:01]: 
[2024/08/22 18:59:01]:  §eTo remove this warning, log in with "nlogin.admin" permission on the server
[2024/08/22 18:59:01]:  §eand click the "Setup plugin" button to configure your plugin.
[2024/08/22 18:59:01]: 
[2024/08/22 19:06:14]: §3[nLogin] [DEBUG] [SQLite] [UPDATE]: "UPDATE `nlogin` SET `last_name` = 'Excellent_', `unique_id` = 6dbf0628c49435fdb96c9ab59f6c43f7,  `mojang_id` = null,  `bedrock_id` = null,  `password` = '$2a$10$j6lf6Veiqo/2XwHGTc0nQONOmgRkX0ZJV04Ousf/b8/nXuPd9Rqie', `last_ip` = '0:0:0:0:0:0:0:1%0', `creation_date` = 2024-08-19 20:15:53.327, `last_seen` = 2024-08-22 19:06:14.812, `email` = null, `discord` = null, `settings` = '{"settings":[{"value":"survival","key":"last-server"},{"value":"en","key":"language"}],"version":0}' WHERE `ai` = 3" (applied to [last_ip, last_seen, settings] columns)
[2024/08/22 19:06:14]: [nLogin] The user Excellent_ has successfully logged in.
[2024/08/22 19:08:22]: §3[nLogin] [DEBUG] [SQLite] [UPDATE]: "INSERT INTO `nlogin` (`last_name`, `unique_id`, `mojang_id`, `bedrock_id`, `password`, `last_ip`, `creation_date`, `last_seen`, `email`, `discord`, `settings`) VALUES ('ching_chong', ccf29ae03741300e952d22488f57b316, null, null, '$2a$10$UVvEA/PYnbAaaV7sT.4upuUqb7uO/ILRfm.vHsLUtxgwCyAg6GlrK', '0:0:0:0:0:0:0:1%0', '2024-08-22 19:08:22.579', '2024-08-22 19:08:22.579', null, null, null)" (applied to all columns)
[2024/08/22 19:08:22]: [nLogin] The user ching_chong has successfully registered.
[2024/08/22 19:08:26]: §3[nLogin] [DEBUG] [SQLite] [UPDATE]: "INSERT INTO `nlogin` (`last_name`, `unique_id`, `mojang_id`, `bedrock_id`, `password`, `last_ip`, `creation_date`, `last_seen`, `email`, `discord`, `settings`) VALUES ('YeeEagler871', 8d6e92d8802d349a92fc5164b126a5eb, null, null, '$2a$10$XntXKmkEDqi91ilhx4WcKufL4KkY/qf/CabbVCiq9.QDUd81K41qm', '0:0:0:0:0:0:0:1%0', '2024-08-22 19:08:26.6', '2024-08-22 19:08:26.6', null, null, null)" (applied to all columns)
[2024/08/22 19:08:26]: [nLogin] The user YeeEagler871 has successfully registered.
[2024/08/22 19:08:37]: §3[nLogin] [DEBUG] [SQLite] [UPDATE]: "UPDATE `nlogin` SET `last_name` = 'ching_chong', `unique_id` = ccf29ae03741300e952d22488f57b316,  `mojang_id` = null,  `bedrock_id` = null,  `password` = '$2a$10$UVvEA/PYnbAaaV7sT.4upuUqb7uO/ILRfm.vHsLUtxgwCyAg6GlrK', `last_ip` = '0:0:0:0:0:0:0:1%0', `creation_date` = 2024-08-22 19:08:22.579, `last_seen` = 2024-08-22 19:08:37.236, `email` = null, `discord` = null, `settings` = '{"settings":[{"value":"survival","key":"last-server"},{"value":"en","key":"language"}],"version":0}' WHERE `ai` = 6" (applied to [last_seen, settings] columns)
[2024/08/22 19:08:50]: §3[nLogin] [DEBUG] [SQLite] [UPDATE]: "UPDATE `nlogin` SET `last_name` = 'ching_chong', `unique_id` = ccf29ae03741300e952d22488f57b316,  `mojang_id` = null,  `bedrock_id` = null,  `password` = '$2a$10$UVvEA/PYnbAaaV7sT.4upuUqb7uO/ILRfm.vHsLUtxgwCyAg6GlrK', `last_ip` = '0:0:0:0:0:0:0:1%0', `creation_date` = 2024-08-22 19:08:22.579, `last_seen` = 2024-08-22 19:08:50.779, `email` = null, `discord` = null, `settings` = '{"settings":[{"value":"survival","key":"last-server"},{"value":"en","key":"language"}],"version":0}' WHERE `ai` = 6" (applied to [last_ip, last_seen, settings] columns)
[2024/08/22 19:08:50]: [nLogin] The user ching_chong has successfully logged in.
[2024/08/22 19:09:33]: §3[nLogin] [DEBUG] [SQLite] [UPDATE]: "UPDATE `nlogin` SET `last_name` = 'ching_chong', `unique_id` = ccf29ae03741300e952d22488f57b316,  `mojang_id` = null,  `bedrock_id` = null,  `password` = '$2a$10$UVvEA/PYnbAaaV7sT.4upuUqb7uO/ILRfm.vHsLUtxgwCyAg6GlrK', `last_ip` = '0:0:0:0:0:0:0:1%0', `creation_date` = 2024-08-22 19:08:22.579, `last_seen` = 2024-08-22 19:09:33.308, `email` = null, `discord` = null, `settings` = '{"settings":[{"value":"survival","key":"last-server"},{"value":"en","key":"language"}],"version":0}' WHERE `ai` = 6" (applied to [last_seen, settings] columns)
[2024/08/22 19:12:41]: §3[nLogin] [DEBUG] [SQLite] [UPDATE]: "UPDATE `nlogin` SET `last_name` = 'Excellent_', `unique_id` = 6dbf0628c49435fdb96c9ab59f6c43f7,  `mojang_id` = null,  `bedrock_id` = null,  `password` = '$2a$10$j6lf6Veiqo/2XwHGTc0nQONOmgRkX0ZJV04Ousf/b8/nXuPd9Rqie', `last_ip` = '0:0:0:0:0:0:0:1%0', `creation_date` = 2024-08-19 20:15:53.327, `last_seen` = 2024-08-22 19:12:40.961, `email` = null, `discord` = null, `settings` = '{"settings":[{"value":"survival","key":"last-server"},{"value":"en","key":"language"}],"version":0}' WHERE `ai` = 3" (applied to [last_seen, settings] columns)
[2024/08/22 19:12:46]: §3[nLogin] [DEBUG] [SQLite] [UPDATE]: "UPDATE `nlogin` SET `last_name` = 'Excellent_', `unique_id` = 6dbf0628c49435fdb96c9ab59f6c43f7,  `mojang_id` = null,  `bedrock_id` = null,  `password` = '$2a$10$j6lf6Veiqo/2XwHGTc0nQONOmgRkX0ZJV04Ousf/b8/nXuPd9Rqie', `last_ip` = '0:0:0:0:0:0:0:1%0', `creation_date` = 2024-08-19 20:15:53.327, `last_seen` = 2024-08-22 19:12:46.655, `email` = null, `discord` = null, `settings` = '{"settings":[{"value":"survival","key":"last-server"},{"value":"en","key":"language"}],"version":0}' WHERE `ai` = 3" (applied to [last_ip, last_seen, settings] columns)
[2024/08/22 19:12:46]: [nLogin] The user Excellent_ has successfully logged in.
[2024/08/22 19:34:34]: §3[nLogin] [DEBUG] [SQLite] [UPDATE]: "UPDATE `nlogin` SET `last_name` = 'ching_chong', `unique_id` = ccf29ae03741300e952d22488f57b316,  `mojang_id` = null,  `bedrock_id` = null,  `password` = '$2a$10$UVvEA/PYnbAaaV7sT.4upuUqb7uO/ILRfm.vHsLUtxgwCyAg6GlrK', `last_ip` = '0:0:0:0:0:0:0:1%0', `creation_date` = 2024-08-22 19:08:22.579, `last_seen` = 2024-08-22 19:34:34.153, `email` = null, `discord` = null, `settings` = '{"settings":[{"value":"survival","key":"last-server"},{"value":"en","key":"language"}],"version":0}' WHERE `ai` = 6" (applied to [last_ip, last_seen, settings] columns)
[2024/08/22 19:34:34]: [nLogin] The user ching_chong has successfully logged in.
[2024/08/22 19:34:47]: §3[nLogin] [DEBUG] [SQLite] [UPDATE]: "UPDATE `nlogin` SET `last_name` = 'ching_chong', `unique_id` = ccf29ae03741300e952d22488f57b316,  `mojang_id` = null,  `bedrock_id` = null,  `password` = '$2a$10$UVvEA/PYnbAaaV7sT.4upuUqb7uO/ILRfm.vHsLUtxgwCyAg6GlrK', `last_ip` = '0:0:0:0:0:0:0:1%0', `creation_date` = 2024-08-22 19:08:22.579, `last_seen` = 2024-08-22 19:34:46.985, `email` = null, `discord` = null, `settings` = '{"settings":[{"value":"survival","key":"last-server"},{"value":"en","key":"language"}],"version":0}' WHERE `ai` = 6" (applied to [last_seen, settings] columns)
[2024/08/22 19:34:57]: §3[nLogin] [DEBUG] [SQLite] [UPDATE]: "UPDATE `nlogin` SET `last_name` = 'ching_chong', `unique_id` = ccf29ae03741300e952d22488f57b316,  `mojang_id` = null,  `bedrock_id` = null,  `password` = '$2a$10$UVvEA/PYnbAaaV7sT.4upuUqb7uO/ILRfm.vHsLUtxgwCyAg6GlrK', `last_ip` = '0:0:0:0:0:0:0:1%0', `creation_date` = 2024-08-22 19:08:22.579, `last_seen` = 2024-08-22 19:34:57.075, `email` = null, `discord` = null, `settings` = '{"settings":[{"value":"survival","key":"last-server"},{"value":"en","key":"language"}],"version":0}' WHERE `ai` = 6" (applied to [last_ip, last_seen, settings] columns)
[2024/08/22 19:34:57]: [nLogin] The user ching_chong has successfully logged in.
[2024/08/22 19:35:11]: §3[nLogin] [DEBUG] [SQLite] [UPDATE]: "UPDATE `nlogin` SET `last_name` = 'ching_chong', `unique_id` = ccf29ae03741300e952d22488f57b316,  `mojang_id` = null,  `bedrock_id` = null,  `password` = '$2a$10$UVvEA/PYnbAaaV7sT.4upuUqb7uO/ILRfm.vHsLUtxgwCyAg6GlrK', `last_ip` = '0:0:0:0:0:0:0:1%0', `creation_date` = 2024-08-22 19:08:22.579, `last_seen` = 2024-08-22 19:35:10.985, `email` = null, `discord` = null, `settings` = '{"settings":[{"value":"survival","key":"last-server"},{"value":"en","key":"language"}],"version":0}' WHERE `ai` = 6" (applied to [last_seen, settings] columns)
[2024/08/22 19:51:10]: §3[nLogin] [DEBUG] [SQLite] [UPDATE]: "UPDATE `nlogin` SET `last_name` = 'YeeEagler871', `unique_id` = 8d6e92d8802d349a92fc5164b126a5eb,  `mojang_id` = null,  `bedrock_id` = null,  `password` = '$2a$10$XntXKmkEDqi91ilhx4WcKufL4KkY/qf/CabbVCiq9.QDUd81K41qm', `last_ip` = '0:0:0:0:0:0:0:1%0', `creation_date` = 2024-08-22 19:08:26.6, `last_seen` = 2024-08-22 19:51:10.777, `email` = null, `discord` = null, `settings` = '{"settings":[{"value":"survival","key":"last-server"},{"value":"en","key":"language"}],"version":0}' WHERE `ai` = 7" (applied to [last_seen, settings] columns)
[2024/08/22 19:52:40]: §3[nLogin] [DEBUG] [SQLite] [UPDATE]: "INSERT INTO `nlogin` (`last_name`, `unique_id`, `mojang_id`, `bedrock_id`, `password`, `last_ip`, `creation_date`, `last_seen`, `email`, `discord`, `settings`) VALUES ('Aydanthethug', 442ee9fd023b3186b1ef31fc13a15fb3, null, null, '$2a$10$/MsbzZI/ZaWnm9JoH0GE6O46otYHEvWYfVYF980490rZ7SDbA63KG', '0:0:0:0:0:0:0:1%0', '2024-08-22 19:52:40.819', '2024-08-22 19:52:40.819', null, null, null)" (applied to all columns)
[2024/08/22 19:52:40]: [nLogin] The user Aydanthethug has successfully registered.
[2024/08/22 19:54:05]: §3[nLogin] [DEBUG] The YeeEagler871 (0:0:0:0:0:0:0:1%0) player entered an incorrect password
[2024/08/22 19:54:14]: §3[nLogin] [DEBUG] The YeeEagler871 (0:0:0:0:0:0:0:1%0) player entered an incorrect password
[2024/08/22 19:54:29]: §3[nLogin] [DEBUG] The YeeEagler871 (0:0:0:0:0:0:0:1%0) player entered an incorrect password
[2024/08/22 19:54:37]: §3[nLogin] [DEBUG] The YeeEagler871 (0:0:0:0:0:0:0:1%0) player entered an incorrect password
[2024/08/22 19:54:46]: §3[nLogin] [DEBUG] [SQLite] [UPDATE]: "UPDATE `nlogin` SET `last_name` = 'Aydanthethug', `unique_id` = 442ee9fd023b3186b1ef31fc13a15fb3,  `mojang_id` = null,  `bedrock_id` = null,  `password` = '$2a$10$/MsbzZI/ZaWnm9JoH0GE6O46otYHEvWYfVYF980490rZ7SDbA63KG', `last_ip` = '0:0:0:0:0:0:0:1%0', `creation_date` = 2024-08-22 19:52:40.819, `last_seen` = 2024-08-22 19:54:46.338, `email` = null, `discord` = null, `settings` = '{"settings":[{"value":"survival","key":"last-server"},{"value":"en","key":"language"}],"version":0}' WHERE `ai` = 8" (applied to [last_seen, settings] columns)
[2024/08/22 19:54:57]: §3[nLogin] [DEBUG] The YeeEagler871 (0:0:0:0:0:0:0:1%0) player entered an incorrect password
[2024/08/22 19:56:00]: §3[nLogin] [DEBUG] [SQLite] [UPDATE]: "INSERT INTO `nlogin` (`last_name`, `unique_id`, `mojang_id`, `bedrock_id`, `password`, `last_ip`, `creation_date`, `last_seen`, `email`, `discord`, `settings`) VALUES ('akshar', eed5b675241b33bda4537d68bea645d7, null, null, '$2a$10$RCEzJqjxr/TOH9elVy2U/u0mtpvY5fIZrPM6ZvCpdJEm1GJ87ifuu', '0:0:0:0:0:0:0:1%0', '2024-08-22 19:56:00.674', '2024-08-22 19:56:00.674', null, null, null)" (applied to all columns)
[2024/08/22 19:56:00]: [nLogin] The user akshar has successfully registered.
[2024/08/22 19:57:24]: §3[nLogin] [DEBUG] [SQLite] [UPDATE]: "UPDATE `nlogin` SET `last_name` = 'akshar', `unique_id` = eed5b675241b33bda4537d68bea645d7,  `mojang_id` = null,  `bedrock_id` = null,  `password` = '$2a$10$RCEzJqjxr/TOH9elVy2U/u0mtpvY5fIZrPM6ZvCpdJEm1GJ87ifuu', `last_ip` = '0:0:0:0:0:0:0:1%0', `creation_date` = 2024-08-22 19:56:00.674, `last_seen` = 2024-08-22 19:57:24.352, `email` = null, `discord` = null, `settings` = '{"settings":[{"value":"survival","key":"last-server"},{"value":"en","key":"language"}],"version":0}' WHERE `ai` = 9" (applied to [last_seen, settings] columns)
[2024/08/22 19:57:27]: §3[nLogin] [DEBUG] [SQLite] [UPDATE]: "UPDATE `nlogin` SET `last_name` = 'Excellent_', `unique_id` = 6dbf0628c49435fdb96c9ab59f6c43f7,  `mojang_id` = null,  `bedrock_id` = null,  `password` = '$2a$10$j6lf6Veiqo/2XwHGTc0nQONOmgRkX0ZJV04Ousf/b8/nXuPd9Rqie', `last_ip` = '0:0:0:0:0:0:0:1%0', `creation_date` = 2024-08-19 20:15:53.327, `last_seen` = 2024-08-22 19:57:27.596, `email` = null, `discord` = null, `settings` = '{"settings":[{"value":"survival","key":"last-server"},{"value":"en","key":"language"}],"version":0}' WHERE `ai` = 3" (applied to [last_seen, settings] columns)
