[2024/08/19 23:02:28]: §9          __             _       
[2024/08/19 23:02:28]: §9  _ __   / /  ___   __ _(_)_ __  
[2024/08/19 23:02:28]: §9 | '_ \ / /  / _ \ / _` | | '_ \ 
[2024/08/19 23:02:28]: §9 | | | / /__| (_) | (_| | | | | |
[2024/08/19 23:02:28]: §9 |_| |_\____/\___/ \__, |_|_| |_|
[2024/08/19 23:02:28]: §9                  |___/            
[2024/08/19 23:02:28]: §9 By: www.nickuc.com - V 10.3.27
[2024/08/19 23:02:28]: §9 
[2024/08/19 23:02:29]: §3[nLogin] [DEBUG] All settings were loaded in 232 ms.
[2024/08/19 23:02:29]: §3[nLogin] [DEBUG] Loading the messages_en.yml message file...
[2024/08/19 23:02:29]: §3[nLogin] [DEBUG] All plugin messages were loaded in 171 ms (languageByClient=false).
[2024/08/19 23:02:29]: §3[nLogin] [DEBUG] All proxy settings were loaded in 7 ms.
[2024/08/19 23:02:29]: §3[nLogin] [DEBUG] Loading database...
[2024/08/19 23:02:29]: §3[nLogin] [DEBUG] Starting logger filter...
[2024/08/19 23:02:34]: 
[2024/08/19 23:02:34]:  §bThank you so much for choosing nLogin! §4<3
[2024/08/19 23:02:34]: 
[2024/08/19 23:02:34]:  §4For your safety, please read the message below:
[2024/08/19 23:02:34]:   §cNever download nLogin from unknown sources.
[2024/08/19 23:02:34]:   §cA modified version may contain malicious software.
[2024/08/19 23:02:34]: 
[2024/08/19 23:02:34]:  §3Trusted sources:
[2024/08/19 23:02:34]:   §bwww.nickuc.com
[2024/08/19 23:02:34]:   §bwww.github.com/nickuc
[2024/08/19 23:02:34]:   §bOpeNLogin installer (from Spigot or GitHub)
[2024/08/19 23:02:34]: 
[2024/08/19 23:02:34]:  §3Official support channels:
[2024/08/19 23:02:34]:   §bDiscord group: §fwww.nickuc.com/discord
[2024/08/19 23:02:34]:   §bDocumentation: §fdocs.nickuc.com/nlogin/
[2024/08/19 23:02:34]:   §bEmail: §fsupport@nickuc.com
[2024/08/19 23:02:34]:   §bYouTube: §fyoutube.com/nickuc
[2024/08/19 23:02:34]: 
[2024/08/19 23:02:34]:  §eTo remove this warning, log in with "nlogin.admin" permission on the server
[2024/08/19 23:02:34]:  §eand click the "Setup plugin" button to configure your plugin.
[2024/08/19 23:02:34]: 
[2024/08/19 23:02:38]: §3[nLogin] [DEBUG] [SQLite] [UPDATE]: "UPDATE `nlogin` SET `last_name` = 'koqp', `unique_id` = 4df59a0e37e73657a85e01465b119dfe,  `mojang_id` = null,  `bedrock_id` = null,  `password` = '$2a$10$Mouv8c4qyNOkg5cqYl1JQuGvUtUqSX1W.JoiMXPY8/IwE1hsZb.xu', `last_ip` = '0:0:0:0:0:0:0:1%0', `creation_date` = 2024-08-19 05:30:32.744, `last_seen` = 2024-08-19 23:02:38.087, `email` = null, `discord` = null, `settings` = '{"settings":[{"value":"survival","key":"last-server"},{"value":"en","key":"language"}],"version":0}' WHERE `ai` = 1" (applied to [last_ip, last_seen, settings] columns)
[2024/08/19 23:02:38]: [nLogin] The user koqp has successfully logged in.
[2024/08/19 23:03:19]: §3[nLogin] [DEBUG] [SQLite] [UPDATE]: "INSERT INTO `nlogin` (`last_name`, `unique_id`, `mojang_id`, `bedrock_id`, `password`, `last_ip`, `creation_date`, `last_seen`, `email`, `discord`, `settings`) VALUES ('vilabon', 1690ea36c1ab3775b8d673bea4bdcf7b, null, null, '$2a$10$jyTE9oqP79KpBrD0O/wl9egh7LxbCX3WSTsOyyeU55.TGMzR4f/HW', '0:0:0:0:0:0:0:1%0', '2024-08-19 23:03:18.913', '2024-08-19 23:03:18.913', null, null, null)" (applied to all columns)
[2024/08/19 23:03:19]: [nLogin] The user vilabon has successfully registered.
[2024/08/19 23:04:15]: §3[nLogin] [DEBUG] [SQLite] [UPDATE]: "UPDATE `nlogin` SET `last_name` = 'koqp', `unique_id` = 4df59a0e37e73657a85e01465b119dfe,  `mojang_id` = null,  `bedrock_id` = null,  `password` = '$2a$10$Mouv8c4qyNOkg5cqYl1JQuGvUtUqSX1W.JoiMXPY8/IwE1hsZb.xu', `last_ip` = '0:0:0:0:0:0:0:1%0', `creation_date` = 2024-08-19 05:30:32.744, `last_seen` = 2024-08-19 23:04:15.662, `email` = null, `discord` = null, `settings` = '{"settings":[{"value":"survival","key":"last-server"},{"value":"en","key":"language"}],"version":0}' WHERE `ai` = 1" (applied to [last_seen, settings] columns)
[2024/08/19 23:04:24]: §3[nLogin] [DEBUG] [SQLite] [UPDATE]: "UPDATE `nlogin` SET `last_name` = 'Excellent_', `unique_id` = 6dbf0628c49435fdb96c9ab59f6c43f7,  `mojang_id` = null,  `bedrock_id` = null,  `password` = '$2a$10$j6lf6Veiqo/2XwHGTc0nQONOmgRkX0ZJV04Ousf/b8/nXuPd9Rqie', `last_ip` = '0:0:0:0:0:0:0:1%0', `creation_date` = 2024-08-19 20:15:53.327, `last_seen` = 2024-08-19 23:04:24.862, `email` = null, `discord` = null, `settings` = '{"settings":[{"value":"survival","key":"last-server"},{"value":"en","key":"language"}],"version":0}' WHERE `ai` = 3" (applied to [last_ip, last_seen, settings] columns)
[2024/08/19 23:04:24]: [nLogin] The user Excellent_ has successfully logged in.
[2024/08/19 23:07:09]: §3[nLogin] [DEBUG] [SQLite] [UPDATE]: "UPDATE `nlogin` SET `last_name` = 'Excellent_', `unique_id` = 6dbf0628c49435fdb96c9ab59f6c43f7,  `mojang_id` = null,  `bedrock_id` = null,  `password` = '$2a$10$j6lf6Veiqo/2XwHGTc0nQONOmgRkX0ZJV04Ousf/b8/nXuPd9Rqie', `last_ip` = '0:0:0:0:0:0:0:1%0', `creation_date` = 2024-08-19 20:15:53.327, `last_seen` = 2024-08-19 23:07:09.134, `email` = null, `discord` = null, `settings` = '{"settings":[{"value":"survival","key":"last-server"},{"value":"en","key":"language"}],"version":0}' WHERE `ai` = 3" (applied to [last_seen, settings] columns)
[2024/08/19 23:07:19]: §3[nLogin] [DEBUG] The test (0:0:0:0:0:0:0:1%0) player entered an incorrect password
[2024/08/19 23:07:30]: §3[nLogin] [DEBUG] [SQLite] [UPDATE]: "UPDATE `nlogin` SET `last_name` = 'Excellent_', `unique_id` = 6dbf0628c49435fdb96c9ab59f6c43f7,  `mojang_id` = null,  `bedrock_id` = null,  `password` = '$2a$10$j6lf6Veiqo/2XwHGTc0nQONOmgRkX0ZJV04Ousf/b8/nXuPd9Rqie', `last_ip` = '0:0:0:0:0:0:0:1%0', `creation_date` = 2024-08-19 20:15:53.327, `last_seen` = 2024-08-19 23:07:30.447, `email` = null, `discord` = null, `settings` = '{"settings":[{"value":"survival","key":"last-server"},{"value":"en","key":"language"}],"version":0}' WHERE `ai` = 3" (applied to [last_ip, last_seen, settings] columns)
[2024/08/19 23:07:30]: [nLogin] The user Excellent_ has successfully logged in.
[2024/08/19 23:10:13]: §3[nLogin] [DEBUG] [SQLite] [UPDATE]: "UPDATE `nlogin` SET `last_name` = 'Excellent_', `unique_id` = 6dbf0628c49435fdb96c9ab59f6c43f7,  `mojang_id` = null,  `bedrock_id` = null,  `password` = '$2a$10$j6lf6Veiqo/2XwHGTc0nQONOmgRkX0ZJV04Ousf/b8/nXuPd9Rqie', `last_ip` = '0:0:0:0:0:0:0:1%0', `creation_date` = 2024-08-19 20:15:53.327, `last_seen` = 2024-08-19 23:10:13.865, `email` = null, `discord` = null, `settings` = '{"settings":[{"value":"survival","key":"last-server"},{"value":"en","key":"language"}],"version":0}' WHERE `ai` = 3" (applied to [last_seen, settings] columns)
[2024/08/19 23:10:59]: §3[nLogin] [DEBUG] [SQLite] [UPDATE]: "INSERT INTO `nlogin` (`last_name`, `unique_id`, `mojang_id`, `bedrock_id`, `password`, `last_ip`, `creation_date`, `last_seen`, `email`, `discord`, `settings`) VALUES ('test1', 889dcaa5928a37e49220e2da97df0d9b, null, null, '$2a$10$WVi.pMyG.AX76ELqGSmj/upM05qsfyjxmj3Qrd3oY6Yp.a0GT5pn6', '0:0:0:0:0:0:0:1%0', '2024-08-19 23:10:59.274', '2024-08-19 23:10:59.274', null, null, null)" (applied to all columns)
[2024/08/19 23:10:59]: [nLogin] The user test1 has successfully registered.
[2024/08/19 23:15:41]: §3[nLogin] [DEBUG] [SQLite] [UPDATE]: "UPDATE `nlogin` SET `last_name` = 'test1', `unique_id` = 889dcaa5928a37e49220e2da97df0d9b,  `mojang_id` = null,  `bedrock_id` = null,  `password` = '$2a$10$WVi.pMyG.AX76ELqGSmj/upM05qsfyjxmj3Qrd3oY6Yp.a0GT5pn6', `last_ip` = '0:0:0:0:0:0:0:1%0', `creation_date` = 2024-08-19 23:10:59.274, `last_seen` = 2024-08-19 23:15:40.986, `email` = null, `discord` = null, `settings` = '{"settings":[{"value":"survival","key":"last-server"},{"value":"en","key":"language"}],"version":0}' WHERE `ai` = 5" (applied to [last_seen, settings] columns)
[2024/08/19 23:27:13]: §3[nLogin] [DEBUG] [SQLite] [UPDATE]: "UPDATE `nlogin` SET `last_name` = 'vilabon', `unique_id` = 1690ea36c1ab3775b8d673bea4bdcf7b,  `mojang_id` = null,  `bedrock_id` = null,  `password` = '$2a$10$jyTE9oqP79KpBrD0O/wl9egh7LxbCX3WSTsOyyeU55.TGMzR4f/HW', `last_ip` = '0:0:0:0:0:0:0:1%0', `creation_date` = 2024-08-19 23:03:18.913, `last_seen` = 2024-08-19 23:27:13.17, `email` = null, `discord` = null, `settings` = '{"settings":[{"value":"survival","key":"last-server"},{"value":"en","key":"language"}],"version":0}' WHERE `ai` = 4" (applied to [last_seen, settings] columns)
