[19/08 18:38:52] [info] Initializing worker and caches
[19/08 18:38:52] [info] Registering integrations
[19/08 18:38:52] [info] Initializing tasks and listeners
[19/08 18:46:33] [info] Disabled integration for PlaceholderAPI
[19/08 18:46:36] [info] Initializing worker and caches
[19/08 18:46:36] [info] Registering integrations
[19/08 18:46:36] [info] Initializing tasks and listeners
[19/08 18:56:15] [info] Disabled integration for PlaceholderAPI
[19/08 18:56:18] [info] Initializing worker and caches
[19/08 18:56:18] [info] Registering integrations
[19/08 18:56:18] [info] Initializing tasks and listeners
[19/08 18:56:35] [info] Disabled integration for PlaceholderAPI
[19/08 18:56:37] [info] Initializing worker and caches
[19/08 18:56:37] [info] Registering integrations
[19/08 18:56:37] [info] Initializing tasks and listeners
[19/08 19:49:56] [info] Disabled integration for PlaceholderAPI
[19/08 19:49:59] [info] Initializing worker and caches
[19/08 19:49:59] [info] Registering integrations
[19/08 19:49:59] [info] Initializing tasks and listeners
[19/08 19:58:31] [info] Disabled integration for PlaceholderAPI
[19/08 19:58:33] [info] Initializing worker and caches
[19/08 19:58:33] [info] Registering integrations
[19/08 19:58:33] [info] Initializing tasks and listeners
[19/08 20:02:44] [info] Disabled integration for PlaceholderAPI
[19/08 20:02:47] [info] Initializing worker and caches
[19/08 20:02:47] [info] Registering integrations
[19/08 20:02:47] [info] Initializing tasks and listeners
[19/08 20:03:09] [info] Disabled integration for PlaceholderAPI
[19/08 20:03:11] [info] Initializing worker and caches
[19/08 20:03:11] [info] Registering integrations
[19/08 20:03:11] [info] Initializing tasks and listeners
[19/08 20:05:00] [info] Disabled integration for PlaceholderAPI
[19/08 20:05:02] [info] Initializing worker and caches
[19/08 20:05:02] [info] Registering integrations
[19/08 20:05:02] [info] Initializing tasks and listeners
[19/08 20:27:30] [info] Disabled integration for PlaceholderAPI
[19/08 20:27:33] [info] Initializing worker and caches
[19/08 20:27:33] [info] Registering integrations
[19/08 20:27:33] [info] Initializing tasks and listeners
[19/08 20:30:11] [info] Disabled integration for PlaceholderAPI
[19/08 20:30:14] [info] Initializing worker and caches
[19/08 20:30:14] [info] Registering integrations
[19/08 20:30:14] [info] Initializing tasks and listeners
[19/08 20:32:46] [info] Disabled integration for PlaceholderAPI
[19/08 20:32:48] [info] Initializing worker and caches
[19/08 20:32:48] [info] Registering integrations
[19/08 20:32:48] [info] Initializing tasks and listeners
[19/08 20:35:29] [info] Disabled integration for PlaceholderAPI
[19/08 20:35:31] [info] Initializing worker and caches
[19/08 20:35:31] [info] Registering integrations
[19/08 20:35:31] [info] Initializing tasks and listeners
[19/08 20:55:22] [info] Disabled integration for PlaceholderAPI
[19/08 20:55:25] [info] Initializing worker and caches
[19/08 20:55:25] [info] Registering integrations
[19/08 20:55:25] [info] Initializing tasks and listeners
[19/08 21:02:34] [info] Disabled integration for PlaceholderAPI
[19/08 21:02:37] [info] Initializing worker and caches
[19/08 21:02:37] [info] Registering integrations
[19/08 21:02:37] [info] Initializing tasks and listeners
[19/08 21:04:54] [info] Disabled integration for PlaceholderAPI
[19/08 21:04:56] [info] Initializing worker and caches
[19/08 21:04:56] [info] Registering integrations
[19/08 21:04:56] [info] Initializing tasks and listeners
[19/08 21:07:33] [info] Disabled integration for PlaceholderAPI
[19/08 21:07:37] [info] Initializing worker and caches
[19/08 21:07:37] [info] Registering integrations
[19/08 21:07:37] [info] Initializing tasks and listeners
[19/08 21:09:23] [info] Disabled integration for PlaceholderAPI
[19/08 21:09:26] [info] Initializing worker and caches
[19/08 21:09:26] [info] Registering integrations
[19/08 21:09:26] [info] Initializing tasks and listeners
[19/08 21:09:51] [info] Disabled integration for PlaceholderAPI
[19/08 21:09:53] [info] Initializing worker and caches
[19/08 21:09:53] [info] Registering integrations
[19/08 21:09:53] [info] Initializing tasks and listeners
[19/08 21:16:42] [info] Disabled integration for PlaceholderAPI
[19/08 21:16:46] [info] Initializing worker and caches
[19/08 21:16:46] [info] Registering integrations
[19/08 21:16:46] [info] Initializing tasks and listeners
[19/08 21:21:17] [info] Disabled integration for PlaceholderAPI
[19/08 21:21:19] [info] Initializing worker and caches
[19/08 21:21:19] [info] Registering integrations
[19/08 21:21:19] [info] Initializing tasks and listeners
[19/08 21:26:11] [info] Disabled integration for PlaceholderAPI
[19/08 21:26:14] [info] Initializing worker and caches
[19/08 21:26:14] [info] Registering integrations
[19/08 21:26:14] [info] Initializing tasks and listeners
[19/08 21:27:15] [info] Disabled integration for PlaceholderAPI
[19/08 21:27:17] [info] Initializing worker and caches
[19/08 21:27:17] [info] Registering integrations
[19/08 21:27:17] [info] Initializing tasks and listeners
[19/08 21:38:14] [info] Disabled integration for PlaceholderAPI
[19/08 21:38:17] [info] Initializing worker and caches
[19/08 21:38:17] [info] Registering integrations
[19/08 21:38:17] [info] Initializing tasks and listeners
[19/08 21:40:00] [info] Disabled integration for PlaceholderAPI
[19/08 21:40:04] [info] Initializing worker and caches
[19/08 21:40:04] [info] Registering integrations
[19/08 21:40:04] [info] Initializing tasks and listeners
[19/08 21:43:31] [info] Disabled integration for PlaceholderAPI
[19/08 21:43:34] [info] Initializing worker and caches
[19/08 21:43:34] [info] Registering integrations
[19/08 21:43:34] [info] Initializing tasks and listeners
[19/08 21:47:18] [info] Disabled integration for PlaceholderAPI
[19/08 21:47:21] [info] Initializing worker and caches
[19/08 21:47:21] [info] Registering integrations
[19/08 21:47:21] [info] Initializing tasks and listeners
[19/08 21:49:57] [info] Disabled integration for PlaceholderAPI
[19/08 21:49:59] [info] Initializing worker and caches
[19/08 21:49:59] [info] Registering integrations
[19/08 21:49:59] [info] Initializing tasks and listeners
[19/08 21:51:13] [info] Disabled integration for PlaceholderAPI
[19/08 21:51:16] [info] Initializing worker and caches
[19/08 21:51:16] [info] Registering integrations
[19/08 21:51:16] [info] Initializing tasks and listeners
[19/08 21:58:55] [info] Disabled integration for PlaceholderAPI
[19/08 21:58:58] [info] Initializing worker and caches
[19/08 21:58:58] [info] Registering integrations
[19/08 21:58:58] [info] Initializing tasks and listeners
[19/08 22:00:24] [info] Disabled integration for PlaceholderAPI
[19/08 22:00:27] [info] Initializing worker and caches
[19/08 22:00:27] [info] Registering integrations
[19/08 22:00:27] [info] Initializing tasks and listeners
[19/08 22:04:54] [info] Disabled integration for PlaceholderAPI
[19/08 22:04:57] [info] Initializing worker and caches
[19/08 22:04:57] [info] Registering integrations
[19/08 22:04:57] [info] Initializing tasks and listeners
[19/08 22:07:14] [info] Disabled integration for PlaceholderAPI
[19/08 22:07:17] [info] Initializing worker and caches
[19/08 22:07:17] [info] Registering integrations
[19/08 22:07:17] [info] Initializing tasks and listeners
[19/08 22:11:28] [info] Disabled integration for PlaceholderAPI
[19/08 22:11:31] [info] Initializing worker and caches
[19/08 22:11:31] [info] Registering integrations
[19/08 22:11:31] [info] Initializing tasks and listeners
[19/08 22:12:37] [info] Disabled integration for PlaceholderAPI
[19/08 22:12:40] [info] Initializing worker and caches
[19/08 22:12:40] [info] Registering integrations
[19/08 22:12:40] [info] Initializing tasks and listeners
[19/08 22:44:55] [info] Disabled integration for PlaceholderAPI
[19/08 23:02:32] [info] Initializing worker and caches
[19/08 23:02:32] [info] Registering integrations
[19/08 23:02:32] [info] Initializing tasks and listeners
[19/08 23:05:34] [info] Disabled integration for PlaceholderAPI
[19/08 23:05:37] [info] Initializing worker and caches
[19/08 23:05:37] [info] Registering integrations
[19/08 23:05:37] [info] Initializing tasks and listeners
[19/08 23:27:14] [info] Disabled integration for PlaceholderAPI
[19/08 23:27:35] [info] Initializing worker and caches
[19/08 23:27:35] [info] Registering integrations
[19/08 23:27:35] [info] Initializing tasks and listeners
[19/08 23:51:27] [info] Disabled integration for PlaceholderAPI
[19/08 23:51:31] [info] Initializing worker and caches
[19/08 23:51:31] [info] Registering integrations
[19/08 23:51:31] [info] Initializing tasks and listeners
[19/08 23:56:37] [info] Disabled integration for PlaceholderAPI
[19/08 23:56:40] [info] Initializing worker and caches
[19/08 23:56:40] [info] Registering integrations
[19/08 23:56:40] [info] Initializing tasks and listeners
[19/08 23:58:04] [info] Disabled integration for PlaceholderAPI
[19/08 23:58:07] [info] Initializing worker and caches
[19/08 23:58:07] [info] Registering integrations
[19/08 23:58:07] [info] Initializing tasks and listeners
[20/08 00:13:58] [info] Disabled integration for PlaceholderAPI
[20/08 00:14:00] [info] Initializing worker and caches
[20/08 00:14:00] [info] Registering integrations
[20/08 00:14:00] [info] Initializing tasks and listeners
[20/08 00:35:57] [info] Disabled integration for PlaceholderAPI
[20/08 00:36:17] [info] Initializing worker and caches
[20/08 00:36:17] [info] Registering integrations
[20/08 00:36:17] [info] Initializing tasks and listeners
[20/08 00:41:54] [info] Disabled integration for PlaceholderAPI
[20/08 00:41:58] [info] Initializing worker and caches
[20/08 00:41:58] [info] Registering integrations
[20/08 00:41:58] [info] Initializing tasks and listeners
[20/08 00:42:50] [info] Disabled integration for PlaceholderAPI
[20/08 00:42:54] [info] Initializing worker and caches
[20/08 00:42:54] [info] Registering integrations
[20/08 00:42:54] [info] Initializing tasks and listeners
[20/08 00:43:06] [info] Disabled integration for PlaceholderAPI
[20/08 00:43:09] [info] Initializing worker and caches
[20/08 00:43:09] [info] Registering integrations
[20/08 00:43:09] [info] Initializing tasks and listeners
[20/08 00:43:52] [info] Disabled integration for PlaceholderAPI
[20/08 00:43:55] [info] Initializing worker and caches
[20/08 00:43:55] [info] Registering integrations
[20/08 00:43:55] [info] Initializing tasks and listeners
[20/08 00:55:57] [info] Disabled integration for PlaceholderAPI
[20/08 00:56:00] [info] Initializing worker and caches
[20/08 00:56:00] [info] Registering integrations
[20/08 00:56:00] [info] Initializing tasks and listeners
[20/08 00:57:07] [info] Disabled integration for PlaceholderAPI
[20/08 00:57:11] [info] Initializing worker and caches
[20/08 00:57:11] [info] Registering integrations
[20/08 00:57:11] [info] Initializing tasks and listeners
[20/08 01:01:50] [info] Disabled integration for PlaceholderAPI
[20/08 01:01:53] [info] Initializing worker and caches
[20/08 01:01:53] [info] Registering integrations
[20/08 01:01:53] [info] Initializing tasks and listeners
[20/08 01:15:00] [info] Disabled integration for PlaceholderAPI
[20/08 03:32:48] [info] Initializing worker and caches
[20/08 03:32:48] [info] Registering integrations
[20/08 03:32:48] [info] Initializing tasks and listeners
[20/08 03:33:39] [info] Disabled integration for PlaceholderAPI
[20/08 03:33:43] [info] Initializing worker and caches
[20/08 03:33:43] [info] Registering integrations
[20/08 03:33:43] [info] Initializing tasks and listeners
[20/08 03:40:14] [info] Disabled integration for PlaceholderAPI
[20/08 03:40:18] [info] Initializing worker and caches
[20/08 03:40:18] [info] Registering integrations
[20/08 03:40:18] [info] Initializing tasks and listeners
[20/08 03:40:26] [info] Disabled integration for PlaceholderAPI
[20/08 03:40:29] [info] Initializing worker and caches
[20/08 03:40:29] [info] Registering integrations
[20/08 03:40:29] [info] Initializing tasks and listeners
[20/08 03:41:41] [info] Disabled integration for PlaceholderAPI
[20/08 03:41:44] [info] Initializing worker and caches
[20/08 03:41:44] [info] Registering integrations
[20/08 03:41:44] [info] Initializing tasks and listeners
[20/08 03:41:46] [info] Disabled integration for PlaceholderAPI
[20/08 03:41:56] [info] Initializing worker and caches
[20/08 03:41:56] [info] Registering integrations
[20/08 03:41:56] [info] Initializing tasks and listeners
[20/08 03:41:57] [info] Disabled integration for PlaceholderAPI
[20/08 03:42:08] [info] Initializing worker and caches
[20/08 03:42:08] [info] Registering integrations
[20/08 03:42:08] [info] Initializing tasks and listeners
[20/08 03:42:09] [info] Disabled integration for PlaceholderAPI
[20/08 03:42:20] [info] Initializing worker and caches
[20/08 03:42:20] [info] Registering integrations
[20/08 03:42:20] [info] Initializing tasks and listeners
[20/08 03:42:21] [info] Disabled integration for PlaceholderAPI
[20/08 03:42:32] [info] Initializing worker and caches
[20/08 03:42:32] [info] Registering integrations
[20/08 03:42:32] [info] Initializing tasks and listeners
[20/08 03:45:37] [info] Disabled integration for PlaceholderAPI
[20/08 03:45:40] [info] Initializing worker and caches
[20/08 03:45:40] [info] Registering integrations
[20/08 03:45:40] [info] Initializing tasks and listeners
[20/08 03:45:41] [info] Disabled integration for PlaceholderAPI
[20/08 03:45:52] [info] Initializing worker and caches
[20/08 03:45:52] [info] Registering integrations
[20/08 03:45:52] [info] Initializing tasks and listeners
[20/08 03:45:54] [info] Disabled integration for PlaceholderAPI
[20/08 03:46:04] [info] Initializing worker and caches
[20/08 03:46:04] [info] Registering integrations
[20/08 03:46:04] [info] Initializing tasks and listeners
[20/08 03:46:05] [info] Disabled integration for PlaceholderAPI
[20/08 03:46:16] [info] Initializing worker and caches
[20/08 03:46:16] [info] Registering integrations
[20/08 03:46:16] [info] Initializing tasks and listeners
[20/08 03:46:17] [info] Disabled integration for PlaceholderAPI
[20/08 03:46:29] [info] Initializing worker and caches
[20/08 03:46:29] [info] Registering integrations
[20/08 03:46:29] [info] Initializing tasks and listeners
[20/08 04:06:08] [info] Disabled integration for PlaceholderAPI
[20/08 04:06:12] [info] Initializing worker and caches
[20/08 04:06:12] [info] Registering integrations
[20/08 04:06:12] [info] Initializing tasks and listeners
[20/08 04:20:55] [info] Disabled integration for PlaceholderAPI
[20/08 04:24:25] [info] Initializing worker and caches
[20/08 04:24:25] [info] Registering integrations
[20/08 04:24:25] [info] Initializing tasks and listeners
[20/08 04:39:58] [info] Disabled integration for PlaceholderAPI
[20/08 04:40:04] [info] Initializing worker and caches
[20/08 04:40:04] [info] Registering integrations
[20/08 04:40:04] [info] Initializing tasks and listeners
[20/08 04:54:31] [info] Disabled integration for PlaceholderAPI
[20/08 04:54:31] [info] Disabled integration for MythicMobs
[20/08 17:42:51] [info] Initializing worker and caches
[20/08 17:42:51] [info] Registering integrations
[20/08 17:42:51] [info] Initializing tasks and listeners
[20/08 17:54:48] [info] Disabled integration for PlaceholderAPI
[20/08 17:54:53] [info] Initializing worker and caches
[20/08 17:54:53] [info] Registering integrations
[20/08 17:54:53] [info] Initializing tasks and listeners
[20/08 17:57:14] [info] Disabled integration for PlaceholderAPI
[20/08 17:57:14] [info] Disabled integration for MythicMobs
[20/08 17:57:19] [info] Initializing worker and caches
[20/08 17:57:19] [info] Registering integrations
[20/08 17:57:19] [info] Initializing tasks and listeners
[20/08 17:57:52] [info] Disabled integration for PlaceholderAPI
[20/08 17:57:52] [info] Disabled integration for MythicMobs
[20/08 17:57:57] [info] Initializing worker and caches
[20/08 17:57:57] [info] Registering integrations
[20/08 17:57:57] [info] Initializing tasks and listeners
[20/08 17:58:31] [info] Disabled integration for PlaceholderAPI
[20/08 17:58:31] [info] Disabled integration for MythicMobs
[20/08 17:58:35] [info] Initializing worker and caches
[20/08 17:58:35] [info] Registering integrations
[20/08 17:58:35] [info] Initializing tasks and listeners
[20/08 18:06:30] [info] Disabled integration for PlaceholderAPI
[20/08 20:13:10] [info] Initializing worker and caches
[20/08 20:13:10] [info] Registering integrations
[20/08 20:13:10] [info] Initializing tasks and listeners
[20/08 21:08:03] [info] Disabled integration for PlaceholderAPI
[20/08 21:08:07] [info] Initializing worker and caches
[20/08 21:08:07] [info] Registering integrations
[20/08 21:08:07] [info] Initializing tasks and listeners
[20/08 21:58:34] [info] Disabled integration for PlaceholderAPI
[20/08 23:11:26] [info] Initializing worker and caches
[20/08 23:11:26] [info] Registering integrations
[20/08 23:11:26] [info] Initializing tasks and listeners
[21/08 00:24:48] [info] Disabled integration for PlaceholderAPI
[21/08 00:24:52] [info] Initializing worker and caches
[21/08 00:24:52] [info] Registering integrations
[21/08 00:24:52] [info] Initializing tasks and listeners
[21/08 00:31:06] [info] Disabled integration for PlaceholderAPI
[21/08 00:31:10] [info] Initializing worker and caches
[21/08 00:31:10] [info] Registering integrations
[21/08 00:31:10] [info] Initializing tasks and listeners
[21/08 00:32:28] [info] Disabled integration for PlaceholderAPI
[21/08 00:32:32] [info] Initializing worker and caches
[21/08 00:32:32] [info] Registering integrations
[21/08 00:32:32] [info] Initializing tasks and listeners
[21/08 01:14:56] [info] Disabled integration for PlaceholderAPI
[21/08 01:14:59] [info] Initializing worker and caches
[21/08 01:14:59] [info] Registering integrations
[21/08 01:14:59] [info] Initializing tasks and listeners
[21/08 01:31:02] [info] Disabled integration for PlaceholderAPI
[21/08 01:31:05] [info] Initializing worker and caches
[21/08 01:31:05] [info] Registering integrations
[21/08 01:31:05] [info] Initializing tasks and listeners
[21/08 01:31:27] [info] Disabled integration for PlaceholderAPI
[21/08 01:31:30] [info] Initializing worker and caches
[21/08 01:31:30] [info] Registering integrations
[21/08 01:31:30] [info] Initializing tasks and listeners
[21/08 01:32:57] [info] Disabled integration for PlaceholderAPI
[21/08 01:33:00] [info] Initializing worker and caches
[21/08 01:33:00] [info] Registering integrations
[21/08 01:33:00] [info] Initializing tasks and listeners
[21/08 02:03:38] [info] Disabled integration for PlaceholderAPI
[21/08 02:06:29] [info] Initializing worker and caches
[21/08 02:06:29] [info] Registering integrations
[21/08 02:06:29] [info] Initializing tasks and listeners
[21/08 02:07:04] [info] Disabled integration for PlaceholderAPI
[21/08 02:07:08] [info] Initializing worker and caches
[21/08 02:07:08] [info] Registering integrations
[21/08 02:07:08] [info] Initializing tasks and listeners
[21/08 02:07:54] [info] Disabled integration for PlaceholderAPI
[21/08 02:07:58] [info] Initializing worker and caches
[21/08 02:07:58] [info] Registering integrations
[21/08 02:07:58] [info] Initializing tasks and listeners
[21/08 02:08:24] [info] Disabled integration for PlaceholderAPI
[21/08 02:08:28] [info] Initializing worker and caches
[21/08 02:08:28] [info] Registering integrations
[21/08 02:08:28] [info] Initializing tasks and listeners
[21/08 02:10:21] [info] Disabled integration for PlaceholderAPI
[21/08 02:10:24] [info] Initializing worker and caches
[21/08 02:10:24] [info] Registering integrations
[21/08 02:10:24] [info] Initializing tasks and listeners
[21/08 02:11:21] [info] Disabled integration for PlaceholderAPI
[21/08 02:11:24] [info] Initializing worker and caches
[21/08 02:11:24] [info] Registering integrations
[21/08 02:11:24] [info] Initializing tasks and listeners
[21/08 02:54:54] [info] Disabled integration for PlaceholderAPI
[21/08 02:54:57] [info] Initializing worker and caches
[21/08 02:54:57] [info] Registering integrations
[21/08 02:54:57] [info] Initializing tasks and listeners
[21/08 03:00:05] [info] Disabled integration for PlaceholderAPI
[21/08 03:00:08] [info] Initializing worker and caches
[21/08 03:00:08] [info] Registering integrations
[21/08 03:00:08] [info] Initializing tasks and listeners
[21/08 03:03:11] [info] Disabled integration for PlaceholderAPI
[21/08 03:03:17] [info] Initializing worker and caches
[21/08 03:03:17] [info] Registering integrations
[21/08 03:03:17] [info] Initializing tasks and listeners
[21/08 04:00:04] [info] Disabled integration for PlaceholderAPI
[21/08 04:00:08] [info] Initializing worker and caches
[21/08 04:00:08] [info] Registering integrations
[21/08 04:00:08] [info] Initializing tasks and listeners
[21/08 04:11:25] [info] Disabled integration for PlaceholderAPI
[21/08 04:11:30] [info] Initializing worker and caches
[21/08 04:11:30] [info] Registering integrations
[21/08 04:11:30] [info] Initializing tasks and listeners
[21/08 04:16:07] [info] Disabled integration for PlaceholderAPI
[21/08 04:16:11] [info] Initializing worker and caches
[21/08 04:16:11] [info] Registering integrations
[21/08 04:16:11] [info] Initializing tasks and listeners
[21/08 04:17:57] [info] Disabled integration for PlaceholderAPI
[21/08 04:18:01] [info] Initializing worker and caches
[21/08 04:18:01] [info] Registering integrations
[21/08 04:18:01] [info] Initializing tasks and listeners
[21/08 04:25:57] [info] Disabled integration for PlaceholderAPI
[21/08 04:26:00] [info] Initializing worker and caches
[21/08 04:26:00] [info] Registering integrations
[21/08 04:26:00] [info] Initializing tasks and listeners
[21/08 04:37:21] [info] Disabled integration for PlaceholderAPI
[21/08 04:37:24] [info] Initializing worker and caches
[21/08 04:37:24] [info] Registering integrations
[21/08 04:37:24] [info] Initializing tasks and listeners
[21/08 04:45:41] [info] Disabled integration for PlaceholderAPI
[21/08 04:45:48] [info] Initializing worker and caches
[21/08 04:45:48] [info] Registering integrations
[21/08 04:45:48] [info] Initializing tasks and listeners
[21/08 06:01:39] [info] Disabled integration for PlaceholderAPI
[22/08 02:09:22] [info] Initializing worker and caches
[22/08 02:09:22] [info] Registering integrations
[22/08 02:09:22] [info] Initializing tasks and listeners
[22/08 02:13:36] [info] Disabled integration for PlaceholderAPI
[22/08 02:13:43] [info] Initializing worker and caches
[22/08 02:13:43] [info] Registering integrations
[22/08 02:13:43] [info] Initializing tasks and listeners
[22/08 02:22:19] [info] Disabled integration for PlaceholderAPI
[22/08 02:22:26] [info] Initializing worker and caches
[22/08 02:22:26] [info] Registering integrations
[22/08 02:22:26] [info] Initializing tasks and listeners
[22/08 02:36:20] [info] Disabled integration for PlaceholderAPI
[22/08 02:36:27] [info] Initializing worker and caches
[22/08 02:36:27] [info] Registering integrations
[22/08 02:36:27] [info] Initializing tasks and listeners
[22/08 02:46:00] [info] Disabled integration for PlaceholderAPI
[22/08 02:46:06] [info] Initializing worker and caches
[22/08 02:46:06] [info] Registering integrations
[22/08 02:46:06] [info] Initializing tasks and listeners
[22/08 03:48:03] [info] Disabled integration for PlaceholderAPI
[22/08 03:48:09] [info] Initializing worker and caches
[22/08 03:48:09] [info] Registering integrations
[22/08 03:48:09] [info] Initializing tasks and listeners
[22/08 03:49:22] [info] Disabled integration for PlaceholderAPI
[22/08 03:49:28] [info] Initializing worker and caches
[22/08 03:49:28] [info] Registering integrations
[22/08 03:49:28] [info] Initializing tasks and listeners
[22/08 03:50:40] [info] Disabled integration for PlaceholderAPI
[22/08 03:50:47] [info] Initializing worker and caches
[22/08 03:50:47] [info] Registering integrations
[22/08 03:50:47] [info] Initializing tasks and listeners
[22/08 04:10:39] [info] Disabled integration for PlaceholderAPI
[22/08 04:10:46] [info] Initializing worker and caches
[22/08 04:10:46] [info] Registering integrations
[22/08 04:10:46] [info] Initializing tasks and listeners
[22/08 04:11:33] [info] Disabled integration for PlaceholderAPI
[23/08 05:20:33] [info] Initializing worker and caches
[23/08 05:20:33] [info] Registering integrations
[23/08 05:20:33] [info] Initializing tasks and listeners
[23/08 05:34:42] [info] Disabled integration for PlaceholderAPI
