[19:07:25] [main/INFO] [com.velocitypowered.proxy.VelocityServer]: Booting up Velocity 3.3.0-SNAPSHOT (git-e60e2063-b399)...
[19:07:26] [main/INFO] [com.velocitypowered.proxy.VelocityServer]: Loading localizations...
[19:07:26] [main/INFO] [com.velocitypowered.proxy.network.ConnectionManager]: Connections will use epoll channels, libdeflate (Linux x86_64) compression, OpenSSL 1.1.x (Linux x86_64) ciphers
[19:07:27] [main/WARN] [com.velocitypowered.proxy.config.VelocityConfiguration]: The proxy is running in offline mode! This is a security risk and you will NOT receive any support!
[19:07:27] [main/INFO] [com.velocitypowered.proxy.VelocityServer]: Loading plugins...
[19:07:28] [main/ERROR] [com.velocitypowered.proxy.console.VelocityConsole]: :>:>:>:>:>:>:>:>:>:>:>:>:>:>:>:>:>:>:>:>:>:>:>
[19:07:28] [main/ERROR] [com.velocitypowered.proxy.console.VelocityConsole]: :>  
[19:07:28] [main/ERROR] [com.velocitypowered.proxy.console.VelocityConsole]: :>      EAGLERCRAFTXVELOCITY WARNING:
[19:07:28] [main/ERROR] [com.velocitypowered.proxy.console.VelocityConsole]: :>  
[19:07:28] [main/ERROR] [com.velocitypowered.proxy.console.VelocityConsole]: :>  This plugin wasn't tested to be 'working'
[19:07:28] [main/ERROR] [com.velocitypowered.proxy.console.VelocityConsole]: :>  with ANY version of Velocity (and forks)
[19:07:28] [main/ERROR] [com.velocitypowered.proxy.console.VelocityConsole]: :>  apart from the versions listed below:
[19:07:28] [main/ERROR] [com.velocitypowered.proxy.console.VelocityConsole]: :>  
[19:07:28] [main/ERROR] [com.velocitypowered.proxy.console.VelocityConsole]: :>  - Velocity: 3.3.0-SNAPSHOT:e60e2063:b399
[19:07:28] [main/ERROR] [com.velocitypowered.proxy.console.VelocityConsole]: :>  
[19:07:28] [main/ERROR] [com.velocitypowered.proxy.console.VelocityConsole]: :>  This is not a Bukkit/Spigot plugin!
[19:07:28] [main/ERROR] [com.velocitypowered.proxy.console.VelocityConsole]: :>  
[19:07:28] [main/ERROR] [com.velocitypowered.proxy.console.VelocityConsole]: :>  Use "-Deaglerxvelocity.stfu=true" to hide
[19:07:28] [main/ERROR] [com.velocitypowered.proxy.console.VelocityConsole]: :>  
[19:07:28] [main/ERROR] [com.velocitypowered.proxy.console.VelocityConsole]: :>:>:>:>:>:>:>:>:>:>:>:>:>:>:>:>:>:>:>:>:>:>:>
[19:07:28] [main/INFO] [com.velocitypowered.proxy.plugin.VelocityPluginManager]: Loaded plugin eaglerxvelocity 1.0.5 by lax1dude, ayunami2000
[19:07:28] [main/INFO] [com.velocitypowered.proxy.plugin.VelocityPluginManager]: Loaded plugin nlogin 10.3.27 by NickUC
[19:07:28] [main/INFO] [com.velocitypowered.proxy.VelocityServer]: Loaded 2 plugins
[19:07:28] [Velocity Async Event Executor - #0/WARN] [eaglerxvelocity]: This plugin is still in development, certain features may not be functional!
[19:07:28] [Velocity Async Event Executor - #0/WARN] [eaglerxvelocity]: Not recommended for public servers yet, please check for updates
[19:07:28] [Velocity Async Event Executor - #0/ERROR] [eaglerxvelocity]: Online mode is set to false! Authentication system has been disabled
[19:07:29] [Netty epoll Boss #0/INFO] [eaglerxvelocity]: Eaglercraft is listening on: /0.0.0.0:8081
[19:07:29] [Velocity Async Event Executor - #0/INFO] [eaglerxvelocity]: Connected to database: jdbc:sqlite:eaglercraft_skins_cache.db
[19:07:30] [Velocity Async Event Executor - #0/INFO] [eaglerxvelocity]: Voice chat disabled, add "allow_voice: true" to your listeners to enable
[19:07:31] [EaglerXVelocity: Network Tick Tasks/INFO] [eaglerxvelocity]: Loaded certificate: /workspaces/EaglerXVelocity/velocity/plugins/eaglerxvelocity/eagcert/$dl.2c63d6a9be9d273db57d50cb026093cb97ea6e54.cert
[19:07:33] [Velocity Async Event Executor - #0/INFO] [nlogin]: Successful plugin core start (took 1.08s)
[19:07:33] [Velocity Async Event Executor - #0/INFO] [com.velocitypowered.proxy.console.VelocityConsole]:           __             _       
[19:07:33] [Velocity Async Event Executor - #0/INFO] [com.velocitypowered.proxy.console.VelocityConsole]:   _ __   / /  ___   __ _(_)_ __  
[19:07:33] [Velocity Async Event Executor - #0/INFO] [com.velocitypowered.proxy.console.VelocityConsole]:  | '_ \ / /  / _ \ / _` | | '_ \ 
[19:07:33] [Velocity Async Event Executor - #0/INFO] [com.velocitypowered.proxy.console.VelocityConsole]:  | | | / /__| (_) | (_| | | | | |
[19:07:33] [Velocity Async Event Executor - #0/INFO] [com.velocitypowered.proxy.console.VelocityConsole]:  |_| |_\____/\___/ \__, |_|_| |_|
[19:07:33] [Velocity Async Event Executor - #0/INFO] [com.velocitypowered.proxy.console.VelocityConsole]:                   |___/            
[19:07:33] [Velocity Async Event Executor - #0/INFO] [com.velocitypowered.proxy.console.VelocityConsole]:  By: www.nickuc.com - V 10.3.27
[19:07:34] [Velocity Async Event Executor - #0/INFO] [com.velocitypowered.proxy.console.VelocityConsole]:  
[19:07:37] [main/INFO] [com.velocitypowered.proxy.Velocity]: Done (12.17s)!
[19:07:37] [Netty epoll Boss #1/INFO] [com.velocitypowered.proxy.network.ConnectionManager]: Listening on /[0:0:0:0:0:0:0:0%0]:25577
[19:07:42] [nLogin - Task Executor #0/INFO] [com.velocitypowered.proxy.console.VelocityConsole]: 
[19:07:42] [nLogin - Task Executor #0/INFO] [com.velocitypowered.proxy.console.VelocityConsole]:  Thank you so much for choosing nLogin! <3
[19:07:42] [nLogin - Task Executor #0/INFO] [com.velocitypowered.proxy.console.VelocityConsole]: 
[19:07:42] [nLogin - Task Executor #0/INFO] [com.velocitypowered.proxy.console.VelocityConsole]:  For your safety, please read the message below:
[19:07:42] [nLogin - Task Executor #0/INFO] [com.velocitypowered.proxy.console.VelocityConsole]:   Never download nLogin from unknown sources.
[19:07:42] [nLogin - Task Executor #0/INFO] [com.velocitypowered.proxy.console.VelocityConsole]:   A modified version may contain malicious software.
[19:07:42] [nLogin - Task Executor #0/INFO] [com.velocitypowered.proxy.console.VelocityConsole]: 
[19:07:42] [nLogin - Task Executor #0/INFO] [com.velocitypowered.proxy.console.VelocityConsole]:  Trusted sources:
[19:07:42] [nLogin - Task Executor #0/INFO] [com.velocitypowered.proxy.console.VelocityConsole]:   www.nickuc.com
[19:07:42] [nLogin - Task Executor #0/INFO] [com.velocitypowered.proxy.console.VelocityConsole]:   www.github.com/nickuc
[19:07:42] [nLogin - Task Executor #0/INFO] [com.velocitypowered.proxy.console.VelocityConsole]:   OpeNLogin installer (from Spigot or GitHub)
[19:07:42] [nLogin - Task Executor #0/INFO] [com.velocitypowered.proxy.console.VelocityConsole]: 
[19:07:42] [nLogin - Task Executor #0/INFO] [com.velocitypowered.proxy.console.VelocityConsole]:  Official support channels:
[19:07:42] [nLogin - Task Executor #0/INFO] [com.velocitypowered.proxy.console.VelocityConsole]:   Discord group: www.nickuc.com/discord
[19:07:42] [nLogin - Task Executor #0/INFO] [com.velocitypowered.proxy.console.VelocityConsole]:   Documentation: docs.nickuc.com/nlogin/
[19:07:42] [nLogin - Task Executor #0/INFO] [com.velocitypowered.proxy.console.VelocityConsole]:   Email: support@nickuc.com
[19:07:42] [nLogin - Task Executor #0/INFO] [com.velocitypowered.proxy.console.VelocityConsole]:   YouTube: youtube.com/nickuc
[19:07:42] [nLogin - Task Executor #0/INFO] [com.velocitypowered.proxy.console.VelocityConsole]: 
[19:07:42] [nLogin - Task Executor #0/INFO] [com.velocitypowered.proxy.console.VelocityConsole]:  To remove this warning, log in with "nlogin.admin" permission on the server
[19:07:42] [nLogin - Task Executor #0/INFO] [com.velocitypowered.proxy.console.VelocityConsole]:  and click the "Setup plugin" button to configure your plugin.
[19:07:42] [nLogin - Task Executor #0/INFO] [com.velocitypowered.proxy.console.VelocityConsole]: 
